#
# There is insufficient memory for the Java Runtime Environment to continue.
# Native memory allocation (malloc) failed to allocate 1549936 bytes for Chunk::new
# Possible reasons:
#   The system is out of physical RAM or swap space
#   The process is running with CompressedOops enabled, and the Java Heap may be blocking the growth of the native heap
# Possible solutions:
#   Reduce memory load on the system
#   Increase physical memory or swap space
#   Check if swap backing store is full
#   Decrease Java heap size (-Xmx/-Xms)
#   Decrease number of Java threads
#   Decrease Java thread stack sizes (-Xss)
#   Set larger code cache with -XX:ReservedCodeCacheSize=
#   JVM is running with Unscaled Compressed Oops mode in which the Java heap is
#     placed in the first 4GB address space. The Java Heap base address is the
#     maximum limit for the native heap growth. Please use -XX:HeapBaseMinAddress
#     to set the Java Heap base and to place the Java Heap above 4GB virtual address.
# This output file may be truncated or incomplete.
#
#  Out of Memory Error (./src/hotspot/share/memory/arena.cpp:197), pid=5764, tid=14384
#
# JRE version: OpenJDK Runtime Environment (11.0.8+10) (build 11.0.8+10-b944.6842174)
# Java VM: OpenJDK 64-Bit Server VM (11.0.8+10-b944.6842174, mixed mode, tiered, compressed oops, g1 gc, windows-amd64)
# No core dump will be written. Minidumps are not enabled by default on client versions of Windows
#

---------------  S U M M A R Y ------------

Command Line: --add-opens=java.base/java.util=ALL-UNNAMED --add-opens=java.base/java.lang=ALL-UNNAMED --add-opens=java.base/java.lang.invoke=ALL-UNNAMED --add-opens=java.prefs/java.util.prefs=ALL-UNNAMED -Xmx2048m -Dfile.encoding=UTF-8 -Duser.country=IN -Duser.language=en -Duser.variant org.gradle.launcher.daemon.bootstrap.GradleDaemon 6.7.1

Host: 11th Gen Intel(R) Core(TM) i5-1135G7 @ 2.40GHz, 8 cores, 15G,  Windows 10 , 64 bit Build 19041 (10.0.19041.1202)
Time: Fri Oct  1 22:25:51 2021 India Standard Time elapsed time: 4 seconds (0d 0h 0m 4s)

---------------  T H R E A D  ---------------

Current thread (0x00000214d7962800):  JavaThread "C2 CompilerThread1" daemon [_thread_in_native, id=14384, stack(0x0000008880100000,0x0000008880200000)]


Current CompileTask:
C2:   4977 3388       4       java.util.AbstractCollection::addAll (42 bytes)

Stack: [0x0000008880100000,0x0000008880200000]
Native frames: (J=compiled Java code, j=interpreted, Vv=VM code, C=native code)
V  [jvm.dll+0x5de50a]
V  [jvm.dll+0x7122f5]
V  [jvm.dll+0x71384d]
V  [jvm.dll+0x713f03]
V  [jvm.dll+0x23e728]
V  [jvm.dll+0xb899c]
V  [jvm.dll+0xb8e9c]
V  [jvm.dll+0x35024d]
V  [jvm.dll+0x31dea3]
V  [jvm.dll+0x31d39a]
V  [jvm.dll+0x1f7702]
V  [jvm.dll+0x1f68d4]
V  [jvm.dll+0x17f32c]
V  [jvm.dll+0x205047]
V  [jvm.dll+0x203891]
V  [jvm.dll+0x6dad3f]
V  [jvm.dll+0x6d3895]
V  [jvm.dll+0x5dd4a6]
C  [ucrtbase.dll+0x21bb2]
C  [KERNEL32.DLL+0x17034]
C  [ntdll.dll+0x52651]


---------------  P R O C E S S  ---------------

Threads class SMR info:
_java_thread_list=0x00000214d8eb97b0, length=52, elements={
0x00000214b85f8000, 0x00000214d515b800, 0x00000214d5164800, 0x00000214d51ba800,
0x00000214d51bc000, 0x00000214d51bd000, 0x00000214d51c2800, 0x00000214d51c7000,
0x00000214d534c000, 0x00000214d5356000, 0x00000214d79d4800, 0x00000214d54bb800,
0x00000214d7477800, 0x00000214d6eb9800, 0x00000214d6eba000, 0x00000214d7bcb800,
0x00000214d682f800, 0x00000214d6c61800, 0x00000214d6c62000, 0x00000214d7474800,
0x00000214d731e000, 0x00000214d731c000, 0x00000214d731b000, 0x00000214d7962800,
0x00000214d731a000, 0x00000214d731c800, 0x00000214d731d800, 0x00000214d7319800,
0x00000214d7320000, 0x00000214d731f000, 0x00000214d8fdf000, 0x00000214d8fe0800,
0x00000214d8fdc800, 0x00000214d8fdf800, 0x00000214d8fe1800, 0x00000214d8fdb800,
0x00000214d8fe2000, 0x00000214d8fdd000, 0x00000214d8fe3000, 0x00000214d8fe4000,
0x00000214d8fde000, 0x00000214d8fe4800, 0x00000214d8fea800, 0x00000214d8fe5800,
0x00000214d8fe8000, 0x00000214d8fe6000, 0x00000214d8fe9800, 0x00000214d8fe8800,
0x00000214d8fe7000, 0x00000214d90c5800, 0x00000214d8fef000, 0x00000214d8fef800
}

Java Threads: ( => current thread )
  0x00000214b85f8000 JavaThread "main" [_thread_blocked, id=15832, stack(0x00000088fd800000,0x00000088fd900000)]
  0x00000214d515b800 JavaThread "Reference Handler" daemon [_thread_blocked, id=3456, stack(0x00000088fdf00000,0x00000088fe000000)]
  0x00000214d5164800 JavaThread "Finalizer" daemon [_thread_blocked, id=17252, stack(0x00000088fe000000,0x00000088fe100000)]
  0x00000214d51ba800 JavaThread "Signal Dispatcher" daemon [_thread_blocked, id=3940, stack(0x00000088fe100000,0x00000088fe200000)]
  0x00000214d51bc000 JavaThread "Attach Listener" daemon [_thread_blocked, id=16400, stack(0x00000088fe200000,0x00000088fe300000)]
  0x00000214d51bd000 JavaThread "C2 CompilerThread0" daemon [_thread_blocked, id=9124, stack(0x00000088fe300000,0x00000088fe400000)]
  0x00000214d51c2800 JavaThread "C1 CompilerThread0" daemon [_thread_in_vm, id=868, stack(0x00000088fe400000,0x00000088fe500000)]
  0x00000214d51c7000 JavaThread "Sweeper thread" daemon [_thread_blocked, id=16064, stack(0x00000088fe500000,0x00000088fe600000)]
  0x00000214d534c000 JavaThread "Common-Cleaner" daemon [_thread_blocked, id=16072, stack(0x00000088fe600000,0x00000088fe700000)]
  0x00000214d5356000 JavaThread "Service Thread" daemon [_thread_blocked, id=11092, stack(0x00000088fe700000,0x00000088fe800000)]
  0x00000214d79d4800 JavaThread "Daemon health stats" [_thread_blocked, id=13156, stack(0x00000088ff100000,0x00000088ff200000)]
  0x00000214d54bb800 JavaThread "Incoming local TCP Connector on port 60799" [_thread_in_native, id=3900, stack(0x00000088ff200000,0x00000088ff300000)]
  0x00000214d7477800 JavaThread "Daemon periodic checks" [_thread_blocked, id=15852, stack(0x00000088ff300000,0x00000088ff400000)]
  0x00000214d6eb9800 JavaThread "Daemon" [_thread_blocked, id=13728, stack(0x00000088ff400000,0x00000088ff500000)]
  0x00000214d6eba000 JavaThread "Handler for socket connection from /127.0.0.1:60799 to /127.0.0.1:60800" [_thread_in_native, id=4956, stack(0x00000088ff500000,0x00000088ff600000)]
  0x00000214d7bcb800 JavaThread "Cancel handler" [_thread_blocked, id=8512, stack(0x00000088ff600000,0x00000088ff700000)]
  0x00000214d682f800 JavaThread "Daemon worker" [_thread_in_vm, id=10584, stack(0x00000088ff700000,0x00000088ff800000)]
  0x00000214d6c61800 JavaThread "Asynchronous log dispatcher for DefaultDaemonConnection: socket connection from /127.0.0.1:60799 to /127.0.0.1:60800" [_thread_blocked, id=16244, stack(0x00000088ff800000,0x00000088ff900000)]
  0x00000214d6c62000 JavaThread "Stdin handler" [_thread_blocked, id=4256, stack(0x00000088ff900000,0x00000088ffa00000)]
  0x00000214d7474800 JavaThread "Thread-8" [_thread_blocked, id=14092, stack(0x00000088ffa00000,0x00000088ffb00000)]
  0x00000214d731e000 JavaThread "Cache worker for file hash cache (D:\Workstation\Mdt-dev_Mdt-0.2.20201016\Mdt-dev_Mdt-0.2.20201016\.gradle\caches\6.7.1\fileHashes)" [_thread_blocked, id=18216, stack(0x00000088ffd00000,0x00000088ffe00000)]
  0x00000214d731c000 JavaThread "File lock request listener" [_thread_in_native, id=2348, stack(0x00000088ffe00000,0x00000088fff00000)]
  0x00000214d731b000 JavaThread "Cache worker for journal cache (D:\Workstation\Mdt-dev_Mdt-0.2.20201016\Mdt-dev_Mdt-0.2.20201016\.gradle\caches\journal-1)" [_thread_blocked, id=14840, stack(0x0000008880000000,0x0000008880100000)]
=>0x00000214d7962800 JavaThread "C2 CompilerThread1" daemon [_thread_in_native, id=14384, stack(0x0000008880100000,0x0000008880200000)]
  0x00000214d731a000 JavaThread "Cache worker for file hash cache (E:\Hj_Workstaion_Andriod_Learning\GetRetrofitAPI\.gradle\6.7.1\fileHashes)" [_thread_blocked, id=12744, stack(0x0000008880200000,0x0000008880300000)]
  0x00000214d731c800 JavaThread "jar transforms" [_thread_blocked, id=8760, stack(0x0000008880300000,0x0000008880400000)]
  0x00000214d731d800 JavaThread "jar transforms Thread 2" [_thread_blocked, id=2528, stack(0x0000008880400000,0x0000008880500000)]
  0x00000214d7319800 JavaThread "jar transforms Thread 3" [_thread_blocked, id=11684, stack(0x0000008880500000,0x0000008880600000)]
  0x00000214d7320000 JavaThread "jar transforms Thread 4" [_thread_blocked, id=10684, stack(0x0000008880600000,0x0000008880700000)]
  0x00000214d731f000 JavaThread "jar transforms Thread 5" [_thread_blocked, id=11276, stack(0x0000008880700000,0x0000008880800000)]
  0x00000214d8fdf000 JavaThread "jar transforms Thread 6" [_thread_blocked, id=17848, stack(0x0000008880800000,0x0000008880900000)]
  0x00000214d8fe0800 JavaThread "jar transforms Thread 7" [_thread_blocked, id=17660, stack(0x0000008880900000,0x0000008880a00000)]
  0x00000214d8fdc800 JavaThread "jar transforms Thread 8" [_thread_blocked, id=6008, stack(0x0000008880a00000,0x0000008880b00000)]
  0x00000214d8fdf800 JavaThread "jar transforms Thread 9" [_thread_blocked, id=3316, stack(0x0000008880b00000,0x0000008880c00000)]
  0x00000214d8fe1800 JavaThread "jar transforms Thread 10" [_thread_blocked, id=16292, stack(0x0000008880c00000,0x0000008880d00000)]
  0x00000214d8fdb800 JavaThread "jar transforms Thread 11" [_thread_blocked, id=3284, stack(0x0000008880d00000,0x0000008880e00000)]
  0x00000214d8fe2000 JavaThread "jar transforms Thread 12" [_thread_blocked, id=10368, stack(0x0000008880e00000,0x0000008880f00000)]
  0x00000214d8fdd000 JavaThread "jar transforms Thread 13" [_thread_blocked, id=3516, stack(0x0000008880f00000,0x0000008881000000)]
  0x00000214d8fe3000 JavaThread "jar transforms Thread 14" [_thread_blocked, id=3128, stack(0x0000008881000000,0x0000008881100000)]
  0x00000214d8fe4000 JavaThread "jar transforms Thread 15" [_thread_blocked, id=16980, stack(0x0000008881100000,0x0000008881200000)]
  0x00000214d8fde000 JavaThread "jar transforms Thread 16" [_thread_blocked, id=11880, stack(0x0000008881200000,0x0000008881300000)]
  0x00000214d8fe4800 JavaThread "jar transforms Thread 17" [_thread_blocked, id=5708, stack(0x0000008881300000,0x0000008881400000)]
  0x00000214d8fea800 JavaThread "jar transforms Thread 18" [_thread_blocked, id=8724, stack(0x0000008881400000,0x0000008881500000)]
  0x00000214d8fe5800 JavaThread "jar transforms Thread 19" [_thread_blocked, id=13008, stack(0x0000008881500000,0x0000008881600000)]
  0x00000214d8fe8000 JavaThread "jar transforms Thread 20" [_thread_blocked, id=13388, stack(0x0000008881600000,0x0000008881700000)]
  0x00000214d8fe6000 JavaThread "jar transforms Thread 21" [_thread_blocked, id=14700, stack(0x0000008881700000,0x0000008881800000)]
  0x00000214d8fe9800 JavaThread "Cache worker for checksums cache (E:\Hj_Workstaion_Andriod_Learning\GetRetrofitAPI\.gradle\checksums)" [_thread_blocked, id=16236, stack(0x0000008881800000,0x0000008881900000)]
  0x00000214d8fe8800 JavaThread "Cache worker for cache directory md-supplier (D:\Workstation\Mdt-dev_Mdt-0.2.20201016\Mdt-dev_Mdt-0.2.20201016\.gradle\caches\6.7.1\md-supplier)" [_thread_blocked, id=13708, stack(0x0000008881900000,0x0000008881a00000)]
  0x00000214d8fe7000 JavaThread "Cache worker for cache directory md-rule (D:\Workstation\Mdt-dev_Mdt-0.2.20201016\Mdt-dev_Mdt-0.2.20201016\.gradle\caches\6.7.1\md-rule)" [_thread_blocked, id=2552, stack(0x0000008881a00000,0x0000008881b00000)]
  0x00000214d90c5800 JavaThread "C2 CompilerThread2" daemon [_thread_in_native, id=3388, stack(0x0000008881b00000,0x0000008881c00000)]
  0x00000214d8fef000 JavaThread "Cache worker for execution history cache (D:\Workstation\Mdt-dev_Mdt-0.2.20201016\Mdt-dev_Mdt-0.2.20201016\.gradle\caches\6.7.1\executionHistory)" [_thread_blocked, id=14804, stack(0x0000008881c00000,0x0000008881d00000)]
  0x00000214d8fef800 JavaThread "Cache worker for file content cache (D:\Workstation\Mdt-dev_Mdt-0.2.20201016\Mdt-dev_Mdt-0.2.20201016\.gradle\caches\6.7.1\fileContent)" [_thread_blocked, id=10408, stack(0x0000008881d00000,0x0000008881e00000)]

Other Threads:
  0x00000214d492e000 VMThread "VM Thread" [stack: 0x00000088fde00000,0x00000088fdf00000] [id=14232]
  0x00000214d5356800 WatcherThread [stack: 0x00000088fe800000,0x00000088fe900000] [id=9936]
  0x00000214b8610800 GCTaskThread "GC Thread#0" [stack: 0x00000088fd900000,0x00000088fda00000] [id=13768]
  0x00000214d62f4000 GCTaskThread "GC Thread#1" [stack: 0x00000088fea00000,0x00000088feb00000] [id=12280]
  0x00000214d5cf4000 GCTaskThread "GC Thread#2" [stack: 0x00000088feb00000,0x00000088fec00000] [id=16860]
  0x00000214d6399800 GCTaskThread "GC Thread#3" [stack: 0x00000088fec00000,0x00000088fed00000] [id=968]
  0x00000214d669b800 GCTaskThread "GC Thread#4" [stack: 0x00000088fed00000,0x00000088fee00000] [id=16100]
  0x00000214d626c000 GCTaskThread "GC Thread#5" [stack: 0x00000088fee00000,0x00000088fef00000] [id=17980]
  0x00000214d66da800 GCTaskThread "GC Thread#6" [stack: 0x00000088ffb00000,0x00000088ffc00000] [id=8480]
  0x00000214d6f59800 GCTaskThread "GC Thread#7" [stack: 0x00000088ffc00000,0x00000088ffd00000] [id=10692]
  0x00000214b8642800 ConcurrentGCThread "G1 Main Marker" [stack: 0x00000088fda00000,0x00000088fdb00000] [id=5128]
  0x00000214b8645000 ConcurrentGCThread "G1 Conc#0" [stack: 0x00000088fdb00000,0x00000088fdc00000] [id=14316]
  0x00000214d7b34800 ConcurrentGCThread "G1 Conc#1" [stack: 0x00000088fff00000,0x0000008900000000] [id=13444]
  0x00000214b86de000 ConcurrentGCThread "G1 Refine#0" [stack: 0x00000088fdc00000,0x00000088fdd00000] [id=16532]
  0x00000214d599d000 ConcurrentGCThread "G1 Refine#1" [stack: 0x00000088ff000000,0x00000088ff100000] [id=15088]
  0x00000214d47a4800 ConcurrentGCThread "G1 Young RemSet Sampling" [stack: 0x00000088fdd00000,0x00000088fde00000] [id=7748]

Threads with active compile tasks:
C2 CompilerThread1   4998 3388       4       java.util.AbstractCollection::addAll (42 bytes)
C2 CompilerThread2   4998 3303       4       groovy.lang.MetaClassImpl$1MOPIter::methodNameAction (325 bytes)

VM state:not at safepoint (normal execution)

VM Mutex/Monitor currently owned by a thread: None

Heap address: 0x0000000080000000, size: 2048 MB, Compressed Oops mode: 32-bit
Narrow klass base: 0x0000000000000000, Narrow klass shift: 3
Compressed class space size: 1073741824 Address: 0x0000000100000000

Heap:
 garbage-first heap   total 260096K, used 115301K [0x0000000080000000, 0x0000000100000000)
  region size 1024K, 81 young (82944K), 11 survivors (11264K)
 Metaspace       used 41981K, capacity 43043K, committed 43136K, reserved 1087488K
  class space    used 5299K, capacity 5667K, committed 5760K, reserved 1048576K
Heap Regions: E=young(eden), S=young(survivor), O=old, HS=humongous(starts), HC=humongous(continues), CS=collection set, F=free, A=archive, TAMS=top-at-mark-start (previous, next)
|   0|0x0000000080000000, 0x0000000080100000, 0x0000000080100000|100%| O|  |TAMS 0x0000000080100000, 0x0000000080000000| Untracked 
|   1|0x0000000080100000, 0x0000000080200000, 0x0000000080200000|100%| O|  |TAMS 0x0000000080200000, 0x0000000080100000| Untracked 
|   2|0x0000000080200000, 0x0000000080300000, 0x0000000080300000|100%| O|  |TAMS 0x0000000080300000, 0x0000000080200000| Untracked 
|   3|0x0000000080300000, 0x0000000080400000, 0x0000000080400000|100%|HS|  |TAMS 0x0000000080400000, 0x0000000080300000| Complete 
|   4|0x0000000080400000, 0x0000000080500000, 0x0000000080500000|100%|HC|  |TAMS 0x0000000080500000, 0x0000000080400000| Complete 
|   5|0x0000000080500000, 0x0000000080600000, 0x0000000080600000|100%|HC|  |TAMS 0x0000000080600000, 0x0000000080500000| Complete 
|   6|0x0000000080600000, 0x0000000080700000, 0x0000000080700000|100%| O|  |TAMS 0x0000000080700000, 0x0000000080600000| Untracked 
|   7|0x0000000080700000, 0x0000000080800000, 0x0000000080800000|100%| O|  |TAMS 0x0000000080800000, 0x0000000080700000| Untracked 
|   8|0x0000000080800000, 0x0000000080900000, 0x0000000080900000|100%| O|  |TAMS 0x0000000080900000, 0x0000000080800000| Untracked 
|   9|0x0000000080900000, 0x0000000080a00000, 0x0000000080a00000|100%| O|  |TAMS 0x0000000080a00000, 0x0000000080900000| Untracked 
|  10|0x0000000080a00000, 0x0000000080b00000, 0x0000000080b00000|100%| O|  |TAMS 0x0000000080b00000, 0x0000000080a00000| Untracked 
|  11|0x0000000080b00000, 0x0000000080c00000, 0x0000000080c00000|100%| O|  |TAMS 0x0000000080c00000, 0x0000000080b00000| Untracked 
|  12|0x0000000080c00000, 0x0000000080d00000, 0x0000000080d00000|100%| O|  |TAMS 0x0000000080d00000, 0x0000000080c00000| Untracked 
|  13|0x0000000080d00000, 0x0000000080dcfe00, 0x0000000080e00000| 81%| O|  |TAMS 0x0000000080dcfe00, 0x0000000080d00000| Untracked 
|  14|0x0000000080e00000, 0x0000000080f00000, 0x0000000080f00000|100%|HS|  |TAMS 0x0000000080f00000, 0x0000000080e00000| Complete 
|  15|0x0000000080f00000, 0x0000000081000000, 0x0000000081000000|100%|HC|  |TAMS 0x0000000081000000, 0x0000000080f00000| Complete 
|  16|0x0000000081000000, 0x0000000081100000, 0x0000000081100000|100%|HS|  |TAMS 0x0000000081100000, 0x0000000081000000| Complete 
|  17|0x0000000081100000, 0x0000000081200000, 0x0000000081200000|100%|HC|  |TAMS 0x0000000081200000, 0x0000000081100000| Complete 
|  18|0x0000000081200000, 0x0000000081300000, 0x0000000081300000|100%|HC|  |TAMS 0x0000000081300000, 0x0000000081200000| Complete 
|  19|0x0000000081300000, 0x0000000081400000, 0x0000000081400000|100%|HS|  |TAMS 0x0000000081400000, 0x0000000081300000| Complete 
|  20|0x0000000081400000, 0x0000000081500000, 0x0000000081500000|100%|HC|  |TAMS 0x0000000081500000, 0x0000000081400000| Complete 
|  21|0x0000000081500000, 0x0000000081600000, 0x0000000081600000|100%|HC|  |TAMS 0x0000000081600000, 0x0000000081500000| Complete 
|  22|0x0000000081600000, 0x0000000081700000, 0x0000000081700000|100%|HC|  |TAMS 0x0000000081700000, 0x0000000081600000| Complete 
|  23|0x0000000081700000, 0x0000000081800000, 0x0000000081800000|100%|HS|  |TAMS 0x0000000081700000, 0x0000000081700000| Complete 
|  24|0x0000000081800000, 0x0000000081900000, 0x0000000081900000|100%|HS|  |TAMS 0x0000000081800000, 0x0000000081800000| Complete 
|  25|0x0000000081900000, 0x0000000081a00000, 0x0000000081a00000|100%|HC|  |TAMS 0x0000000081900000, 0x0000000081900000| Complete 
|  26|0x0000000081a00000, 0x0000000081b00000, 0x0000000081b00000|100%|HS|  |TAMS 0x0000000081a00000, 0x0000000081a00000| Complete 
|  27|0x0000000081b00000, 0x0000000081c00000, 0x0000000081c00000|100%|HC|  |TAMS 0x0000000081b00000, 0x0000000081b00000| Complete 
|  28|0x0000000081c00000, 0x0000000081d00000, 0x0000000081d00000|100%|HC|  |TAMS 0x0000000081c00000, 0x0000000081c00000| Complete 
|  29|0x0000000081d00000, 0x0000000081e00000, 0x0000000081e00000|100%|HC|  |TAMS 0x0000000081d00000, 0x0000000081d00000| Complete 
|  30|0x0000000081e00000, 0x0000000081f00000, 0x0000000081f00000|100%|HS|  |TAMS 0x0000000081e00000, 0x0000000081e00000| Complete 
|  31|0x0000000081f00000, 0x0000000082000000, 0x0000000082000000|100%|HC|  |TAMS 0x0000000081f00000, 0x0000000081f00000| Complete 
|  32|0x0000000082000000, 0x0000000082100000, 0x0000000082100000|100%|HC|  |TAMS 0x0000000082000000, 0x0000000082000000| Complete 
|  33|0x0000000082100000, 0x0000000082200000, 0x0000000082200000|100%|HS|  |TAMS 0x0000000082100000, 0x0000000082100000| Complete 
|  34|0x0000000082200000, 0x0000000082200000, 0x0000000082300000|  0%| F|  |TAMS 0x0000000082200000, 0x0000000082200000| Untracked 
|  35|0x0000000082300000, 0x0000000082300000, 0x0000000082400000|  0%| F|  |TAMS 0x0000000082300000, 0x0000000082300000| Untracked 
|  36|0x0000000082400000, 0x0000000082400000, 0x0000000082500000|  0%| F|  |TAMS 0x0000000082400000, 0x0000000082400000| Untracked 
|  37|0x0000000082500000, 0x0000000082500000, 0x0000000082600000|  0%| F|  |TAMS 0x0000000082500000, 0x0000000082500000| Untracked 
|  38|0x0000000082600000, 0x0000000082600000, 0x0000000082700000|  0%| F|  |TAMS 0x0000000082600000, 0x0000000082600000| Untracked 
|  39|0x0000000082700000, 0x0000000082700000, 0x0000000082800000|  0%| F|  |TAMS 0x0000000082700000, 0x0000000082700000| Untracked 
|  40|0x0000000082800000, 0x0000000082800000, 0x0000000082900000|  0%| F|  |TAMS 0x0000000082800000, 0x0000000082800000| Untracked 
|  41|0x0000000082900000, 0x0000000082900000, 0x0000000082a00000|  0%| F|  |TAMS 0x0000000082900000, 0x0000000082900000| Untracked 
|  42|0x0000000082a00000, 0x0000000082a00000, 0x0000000082b00000|  0%| F|  |TAMS 0x0000000082a00000, 0x0000000082a00000| Untracked 
|  43|0x0000000082b00000, 0x0000000082b00000, 0x0000000082c00000|  0%| F|  |TAMS 0x0000000082b00000, 0x0000000082b00000| Untracked 
|  44|0x0000000082c00000, 0x0000000082c00000, 0x0000000082d00000|  0%| F|  |TAMS 0x0000000082c00000, 0x0000000082c00000| Untracked 
|  45|0x0000000082d00000, 0x0000000082d00000, 0x0000000082e00000|  0%| F|  |TAMS 0x0000000082d00000, 0x0000000082d00000| Untracked 
|  46|0x0000000082e00000, 0x0000000082e00000, 0x0000000082f00000|  0%| F|  |TAMS 0x0000000082e00000, 0x0000000082e00000| Untracked 
|  47|0x0000000082f00000, 0x0000000082f00000, 0x0000000083000000|  0%| F|  |TAMS 0x0000000082f00000, 0x0000000082f00000| Untracked 
|  48|0x0000000083000000, 0x0000000083000000, 0x0000000083100000|  0%| F|  |TAMS 0x0000000083000000, 0x0000000083000000| Untracked 
|  49|0x0000000083100000, 0x0000000083100000, 0x0000000083200000|  0%| F|  |TAMS 0x0000000083100000, 0x0000000083100000| Untracked 
|  50|0x0000000083200000, 0x0000000083200000, 0x0000000083300000|  0%| F|  |TAMS 0x0000000083200000, 0x0000000083200000| Untracked 
|  51|0x0000000083300000, 0x0000000083300000, 0x0000000083400000|  0%| F|  |TAMS 0x0000000083300000, 0x0000000083300000| Untracked 
|  52|0x0000000083400000, 0x0000000083400000, 0x0000000083500000|  0%| F|  |TAMS 0x0000000083400000, 0x0000000083400000| Untracked 
|  53|0x0000000083500000, 0x0000000083500000, 0x0000000083600000|  0%| F|  |TAMS 0x0000000083500000, 0x0000000083500000| Untracked 
|  54|0x0000000083600000, 0x0000000083600000, 0x0000000083700000|  0%| F|  |TAMS 0x0000000083600000, 0x0000000083600000| Untracked 
|  55|0x0000000083700000, 0x0000000083700000, 0x0000000083800000|  0%| F|  |TAMS 0x0000000083700000, 0x0000000083700000| Untracked 
|  56|0x0000000083800000, 0x0000000083800000, 0x0000000083900000|  0%| F|  |TAMS 0x0000000083800000, 0x0000000083800000| Untracked 
|  57|0x0000000083900000, 0x0000000083900000, 0x0000000083a00000|  0%| F|  |TAMS 0x0000000083900000, 0x0000000083900000| Untracked 
|  58|0x0000000083a00000, 0x0000000083a00000, 0x0000000083b00000|  0%| F|  |TAMS 0x0000000083a00000, 0x0000000083a00000| Untracked 
|  59|0x0000000083b00000, 0x0000000083b00000, 0x0000000083c00000|  0%| F|  |TAMS 0x0000000083b00000, 0x0000000083b00000| Untracked 
|  60|0x0000000083c00000, 0x0000000083c00000, 0x0000000083d00000|  0%| F|  |TAMS 0x0000000083c00000, 0x0000000083c00000| Untracked 
|  61|0x0000000083d00000, 0x0000000083d00000, 0x0000000083e00000|  0%| F|  |TAMS 0x0000000083d00000, 0x0000000083d00000| Untracked 
|  62|0x0000000083e00000, 0x0000000083e00000, 0x0000000083f00000|  0%| F|  |TAMS 0x0000000083e00000, 0x0000000083e00000| Untracked 
|  63|0x0000000083f00000, 0x0000000083f00000, 0x0000000084000000|  0%| F|  |TAMS 0x0000000083f00000, 0x0000000083f00000| Untracked 
|  64|0x0000000084000000, 0x0000000084000000, 0x0000000084100000|  0%| F|  |TAMS 0x0000000084000000, 0x0000000084000000| Untracked 
|  65|0x0000000084100000, 0x0000000084100000, 0x0000000084200000|  0%| F|  |TAMS 0x0000000084100000, 0x0000000084100000| Untracked 
|  66|0x0000000084200000, 0x0000000084200000, 0x0000000084300000|  0%| F|  |TAMS 0x0000000084200000, 0x0000000084200000| Untracked 
|  67|0x0000000084300000, 0x0000000084300000, 0x0000000084400000|  0%| F|  |TAMS 0x0000000084300000, 0x0000000084300000| Untracked 
|  68|0x0000000084400000, 0x0000000084400000, 0x0000000084500000|  0%| F|  |TAMS 0x0000000084400000, 0x0000000084400000| Untracked 
|  69|0x0000000084500000, 0x0000000084500000, 0x0000000084600000|  0%| F|  |TAMS 0x0000000084500000, 0x0000000084500000| Untracked 
|  70|0x0000000084600000, 0x0000000084600000, 0x0000000084700000|  0%| F|  |TAMS 0x0000000084600000, 0x0000000084600000| Untracked 
|  71|0x0000000084700000, 0x0000000084700000, 0x0000000084800000|  0%| F|  |TAMS 0x0000000084700000, 0x0000000084700000| Untracked 
|  72|0x0000000084800000, 0x0000000084800000, 0x0000000084900000|  0%| F|  |TAMS 0x0000000084800000, 0x0000000084800000| Untracked 
|  73|0x0000000084900000, 0x0000000084900000, 0x0000000084a00000|  0%| F|  |TAMS 0x0000000084900000, 0x0000000084900000| Untracked 
|  74|0x0000000084a00000, 0x0000000084a00000, 0x0000000084b00000|  0%| F|  |TAMS 0x0000000084a00000, 0x0000000084a00000| Untracked 
|  75|0x0000000084b00000, 0x0000000084b00000, 0x0000000084c00000|  0%| F|  |TAMS 0x0000000084b00000, 0x0000000084b00000| Untracked 
|  76|0x0000000084c00000, 0x0000000084c00000, 0x0000000084d00000|  0%| F|  |TAMS 0x0000000084c00000, 0x0000000084c00000| Untracked 
|  77|0x0000000084d00000, 0x0000000084d00000, 0x0000000084e00000|  0%| F|  |TAMS 0x0000000084d00000, 0x0000000084d00000| Untracked 
|  78|0x0000000084e00000, 0x0000000084e00000, 0x0000000084f00000|  0%| F|  |TAMS 0x0000000084e00000, 0x0000000084e00000| Untracked 
|  79|0x0000000084f00000, 0x0000000084f00000, 0x0000000085000000|  0%| F|  |TAMS 0x0000000084f00000, 0x0000000084f00000| Untracked 
|  80|0x0000000085000000, 0x0000000085000000, 0x0000000085100000|  0%| F|  |TAMS 0x0000000085000000, 0x0000000085000000| Untracked 
|  81|0x0000000085100000, 0x0000000085100000, 0x0000000085200000|  0%| F|  |TAMS 0x0000000085100000, 0x0000000085100000| Untracked 
|  82|0x0000000085200000, 0x0000000085200000, 0x0000000085300000|  0%| F|  |TAMS 0x0000000085200000, 0x0000000085200000| Untracked 
|  83|0x0000000085300000, 0x0000000085300000, 0x0000000085400000|  0%| F|  |TAMS 0x0000000085300000, 0x0000000085300000| Untracked 
|  84|0x0000000085400000, 0x0000000085400000, 0x0000000085500000|  0%| F|  |TAMS 0x0000000085400000, 0x0000000085400000| Untracked 
|  85|0x0000000085500000, 0x0000000085500000, 0x0000000085600000|  0%| F|  |TAMS 0x0000000085500000, 0x0000000085500000| Untracked 
|  86|0x0000000085600000, 0x0000000085600000, 0x0000000085700000|  0%| F|  |TAMS 0x0000000085600000, 0x0000000085600000| Untracked 
|  87|0x0000000085700000, 0x0000000085700000, 0x0000000085800000|  0%| F|  |TAMS 0x0000000085700000, 0x0000000085700000| Untracked 
|  88|0x0000000085800000, 0x0000000085800000, 0x0000000085900000|  0%| F|  |TAMS 0x0000000085800000, 0x0000000085800000| Untracked 
|  89|0x0000000085900000, 0x0000000085900000, 0x0000000085a00000|  0%| F|  |TAMS 0x0000000085900000, 0x0000000085900000| Untracked 
|  90|0x0000000085a00000, 0x0000000085a00000, 0x0000000085b00000|  0%| F|  |TAMS 0x0000000085a00000, 0x0000000085a00000| Untracked 
|  91|0x0000000085b00000, 0x0000000085b00000, 0x0000000085c00000|  0%| F|  |TAMS 0x0000000085b00000, 0x0000000085b00000| Untracked 
|  92|0x0000000085c00000, 0x0000000085c00000, 0x0000000085d00000|  0%| F|  |TAMS 0x0000000085c00000, 0x0000000085c00000| Untracked 
|  93|0x0000000085d00000, 0x0000000085d00000, 0x0000000085e00000|  0%| F|  |TAMS 0x0000000085d00000, 0x0000000085d00000| Untracked 
|  94|0x0000000085e00000, 0x0000000085e00000, 0x0000000085f00000|  0%| F|  |TAMS 0x0000000085e00000, 0x0000000085e00000| Untracked 
|  95|0x0000000085f00000, 0x0000000085f00000, 0x0000000086000000|  0%| F|  |TAMS 0x0000000085f00000, 0x0000000085f00000| Untracked 
|  96|0x0000000086000000, 0x0000000086000000, 0x0000000086100000|  0%| F|  |TAMS 0x0000000086000000, 0x0000000086000000| Untracked 
|  97|0x0000000086100000, 0x0000000086100000, 0x0000000086200000|  0%| F|  |TAMS 0x0000000086100000, 0x0000000086100000| Untracked 
|  98|0x0000000086200000, 0x0000000086200000, 0x0000000086300000|  0%| F|  |TAMS 0x0000000086200000, 0x0000000086200000| Untracked 
|  99|0x0000000086300000, 0x0000000086300000, 0x0000000086400000|  0%| F|  |TAMS 0x0000000086300000, 0x0000000086300000| Untracked 
| 100|0x0000000086400000, 0x0000000086400000, 0x0000000086500000|  0%| F|  |TAMS 0x0000000086400000, 0x0000000086400000| Untracked 
| 101|0x0000000086500000, 0x0000000086500000, 0x0000000086600000|  0%| F|  |TAMS 0x0000000086500000, 0x0000000086500000| Untracked 
| 102|0x0000000086600000, 0x0000000086600000, 0x0000000086700000|  0%| F|  |TAMS 0x0000000086600000, 0x0000000086600000| Untracked 
| 103|0x0000000086700000, 0x0000000086700000, 0x0000000086800000|  0%| F|  |TAMS 0x0000000086700000, 0x0000000086700000| Untracked 
| 104|0x0000000086800000, 0x0000000086800000, 0x0000000086900000|  0%| F|  |TAMS 0x0000000086800000, 0x0000000086800000| Untracked 
| 105|0x0000000086900000, 0x0000000086900000, 0x0000000086a00000|  0%| F|  |TAMS 0x0000000086900000, 0x0000000086900000| Untracked 
| 106|0x0000000086a00000, 0x0000000086a00000, 0x0000000086b00000|  0%| F|  |TAMS 0x0000000086a00000, 0x0000000086a00000| Untracked 
| 107|0x0000000086b00000, 0x0000000086b00000, 0x0000000086c00000|  0%| F|  |TAMS 0x0000000086b00000, 0x0000000086b00000| Untracked 
| 108|0x0000000086c00000, 0x0000000086c00000, 0x0000000086d00000|  0%| F|  |TAMS 0x0000000086c00000, 0x0000000086c00000| Untracked 
| 109|0x0000000086d00000, 0x0000000086d00000, 0x0000000086e00000|  0%| F|  |TAMS 0x0000000086d00000, 0x0000000086d00000| Untracked 
| 110|0x0000000086e00000, 0x0000000086e00000, 0x0000000086f00000|  0%| F|  |TAMS 0x0000000086e00000, 0x0000000086e00000| Untracked 
| 111|0x0000000086f00000, 0x0000000086f00000, 0x0000000087000000|  0%| F|  |TAMS 0x0000000086f00000, 0x0000000086f00000| Untracked 
| 112|0x0000000087000000, 0x0000000087000000, 0x0000000087100000|  0%| F|  |TAMS 0x0000000087000000, 0x0000000087000000| Untracked 
| 113|0x0000000087100000, 0x0000000087100000, 0x0000000087200000|  0%| F|  |TAMS 0x0000000087100000, 0x0000000087100000| Untracked 
| 114|0x0000000087200000, 0x0000000087200000, 0x0000000087300000|  0%| F|  |TAMS 0x0000000087200000, 0x0000000087200000| Untracked 
| 115|0x0000000087300000, 0x0000000087300000, 0x0000000087400000|  0%| F|  |TAMS 0x0000000087300000, 0x0000000087300000| Untracked 
| 116|0x0000000087400000, 0x0000000087400000, 0x0000000087500000|  0%| F|  |TAMS 0x0000000087400000, 0x0000000087400000| Untracked 
| 117|0x0000000087500000, 0x0000000087500000, 0x0000000087600000|  0%| F|  |TAMS 0x0000000087500000, 0x0000000087500000| Untracked 
| 118|0x0000000087600000, 0x0000000087600000, 0x0000000087700000|  0%| F|  |TAMS 0x0000000087600000, 0x0000000087600000| Untracked 
| 119|0x0000000087700000, 0x0000000087700000, 0x0000000087800000|  0%| F|  |TAMS 0x0000000087700000, 0x0000000087700000| Untracked 
| 120|0x0000000087800000, 0x0000000087800000, 0x0000000087900000|  0%| F|  |TAMS 0x0000000087800000, 0x0000000087800000| Untracked 
| 121|0x0000000087900000, 0x0000000087900000, 0x0000000087a00000|  0%| F|  |TAMS 0x0000000087900000, 0x0000000087900000| Untracked 
| 122|0x0000000087a00000, 0x0000000087a00000, 0x0000000087b00000|  0%| F|  |TAMS 0x0000000087a00000, 0x0000000087a00000| Untracked 
| 123|0x0000000087b00000, 0x0000000087b00000, 0x0000000087c00000|  0%| F|  |TAMS 0x0000000087b00000, 0x0000000087b00000| Untracked 
| 124|0x0000000087c00000, 0x0000000087c00000, 0x0000000087d00000|  0%| F|  |TAMS 0x0000000087c00000, 0x0000000087c00000| Untracked 
| 125|0x0000000087d00000, 0x0000000087d00000, 0x0000000087e00000|  0%| F|  |TAMS 0x0000000087d00000, 0x0000000087d00000| Untracked 
| 126|0x0000000087e00000, 0x0000000087e00000, 0x0000000087f00000|  0%| F|  |TAMS 0x0000000087e00000, 0x0000000087e00000| Untracked 
| 127|0x0000000087f00000, 0x0000000087f00000, 0x0000000088000000|  0%| F|  |TAMS 0x0000000087f00000, 0x0000000087f00000| Untracked 
| 128|0x0000000088000000, 0x0000000088000000, 0x0000000088100000|  0%| F|  |TAMS 0x0000000088000000, 0x0000000088000000| Untracked 
| 129|0x0000000088100000, 0x0000000088100000, 0x0000000088200000|  0%| F|  |TAMS 0x0000000088100000, 0x0000000088100000| Untracked 
| 130|0x0000000088200000, 0x0000000088200000, 0x0000000088300000|  0%| F|  |TAMS 0x0000000088200000, 0x0000000088200000| Untracked 
| 131|0x0000000088300000, 0x0000000088300000, 0x0000000088400000|  0%| F|  |TAMS 0x0000000088300000, 0x0000000088300000| Untracked 
| 132|0x0000000088400000, 0x0000000088400000, 0x0000000088500000|  0%| F|  |TAMS 0x0000000088400000, 0x0000000088400000| Untracked 
| 133|0x0000000088500000, 0x0000000088500000, 0x0000000088600000|  0%| F|  |TAMS 0x0000000088500000, 0x0000000088500000| Untracked 
| 134|0x0000000088600000, 0x0000000088600000, 0x0000000088700000|  0%| F|  |TAMS 0x0000000088600000, 0x0000000088600000| Untracked 
| 135|0x0000000088700000, 0x0000000088700000, 0x0000000088800000|  0%| F|  |TAMS 0x0000000088700000, 0x0000000088700000| Untracked 
| 136|0x0000000088800000, 0x0000000088800000, 0x0000000088900000|  0%| F|  |TAMS 0x0000000088800000, 0x0000000088800000| Untracked 
| 137|0x0000000088900000, 0x0000000088900000, 0x0000000088a00000|  0%| F|  |TAMS 0x0000000088900000, 0x0000000088900000| Untracked 
| 138|0x0000000088a00000, 0x0000000088a00000, 0x0000000088b00000|  0%| F|  |TAMS 0x0000000088a00000, 0x0000000088a00000| Untracked 
| 139|0x0000000088b00000, 0x0000000088b00000, 0x0000000088c00000|  0%| F|  |TAMS 0x0000000088b00000, 0x0000000088b00000| Untracked 
| 140|0x0000000088c00000, 0x0000000088c00000, 0x0000000088d00000|  0%| F|  |TAMS 0x0000000088c00000, 0x0000000088c00000| Untracked 
| 141|0x0000000088d00000, 0x0000000088d00000, 0x0000000088e00000|  0%| F|  |TAMS 0x0000000088d00000, 0x0000000088d00000| Untracked 
| 142|0x0000000088e00000, 0x0000000088e00000, 0x0000000088f00000|  0%| F|  |TAMS 0x0000000088e00000, 0x0000000088e00000| Untracked 
| 143|0x0000000088f00000, 0x0000000088f00000, 0x0000000089000000|  0%| F|  |TAMS 0x0000000088f00000, 0x0000000088f00000| Untracked 
| 144|0x0000000089000000, 0x0000000089000000, 0x0000000089100000|  0%| F|  |TAMS 0x0000000089000000, 0x0000000089000000| Untracked 
| 145|0x0000000089100000, 0x0000000089100000, 0x0000000089200000|  0%| F|  |TAMS 0x0000000089100000, 0x0000000089100000| Untracked 
| 146|0x0000000089200000, 0x0000000089200000, 0x0000000089300000|  0%| F|  |TAMS 0x0000000089200000, 0x0000000089200000| Untracked 
| 147|0x0000000089300000, 0x0000000089300000, 0x0000000089400000|  0%| F|  |TAMS 0x0000000089300000, 0x0000000089300000| Untracked 
| 148|0x0000000089400000, 0x0000000089400000, 0x0000000089500000|  0%| F|  |TAMS 0x0000000089400000, 0x0000000089400000| Untracked 
| 149|0x0000000089500000, 0x0000000089500000, 0x0000000089600000|  0%| F|  |TAMS 0x0000000089500000, 0x0000000089500000| Untracked 
| 150|0x0000000089600000, 0x0000000089600000, 0x0000000089700000|  0%| F|  |TAMS 0x0000000089600000, 0x0000000089600000| Untracked 
| 151|0x0000000089700000, 0x0000000089700000, 0x0000000089800000|  0%| F|  |TAMS 0x0000000089700000, 0x0000000089700000| Untracked 
| 152|0x0000000089800000, 0x0000000089800000, 0x0000000089900000|  0%| F|  |TAMS 0x0000000089800000, 0x0000000089800000| Untracked 
| 153|0x0000000089900000, 0x0000000089900000, 0x0000000089a00000|  0%| F|  |TAMS 0x0000000089900000, 0x0000000089900000| Untracked 
| 154|0x0000000089a00000, 0x0000000089a00000, 0x0000000089b00000|  0%| F|  |TAMS 0x0000000089a00000, 0x0000000089a00000| Untracked 
| 155|0x0000000089b00000, 0x0000000089b00000, 0x0000000089c00000|  0%| F|  |TAMS 0x0000000089b00000, 0x0000000089b00000| Untracked 
| 156|0x0000000089c00000, 0x0000000089c00000, 0x0000000089d00000|  0%| F|  |TAMS 0x0000000089c00000, 0x0000000089c00000| Untracked 
| 157|0x0000000089d00000, 0x0000000089d00000, 0x0000000089e00000|  0%| F|  |TAMS 0x0000000089d00000, 0x0000000089d00000| Untracked 
| 158|0x0000000089e00000, 0x0000000089e00000, 0x0000000089f00000|  0%| F|  |TAMS 0x0000000089e00000, 0x0000000089e00000| Untracked 
| 159|0x0000000089f00000, 0x0000000089f00000, 0x000000008a000000|  0%| F|  |TAMS 0x0000000089f00000, 0x0000000089f00000| Untracked 
| 160|0x000000008a000000, 0x000000008a000000, 0x000000008a100000|  0%| F|  |TAMS 0x000000008a000000, 0x000000008a000000| Untracked 
| 161|0x000000008a100000, 0x000000008a100000, 0x000000008a200000|  0%| F|  |TAMS 0x000000008a100000, 0x000000008a100000| Untracked 
| 162|0x000000008a200000, 0x000000008a200000, 0x000000008a300000|  0%| F|  |TAMS 0x000000008a200000, 0x000000008a200000| Untracked 
| 163|0x000000008a300000, 0x000000008a300000, 0x000000008a400000|  0%| F|  |TAMS 0x000000008a300000, 0x000000008a300000| Untracked 
| 164|0x000000008a400000, 0x000000008a400000, 0x000000008a500000|  0%| F|  |TAMS 0x000000008a400000, 0x000000008a400000| Untracked 
| 165|0x000000008a500000, 0x000000008a500000, 0x000000008a600000|  0%| F|  |TAMS 0x000000008a500000, 0x000000008a500000| Untracked 
| 166|0x000000008a600000, 0x000000008a600000, 0x000000008a700000|  0%| F|  |TAMS 0x000000008a600000, 0x000000008a600000| Untracked 
| 167|0x000000008a700000, 0x000000008a700000, 0x000000008a800000|  0%| F|  |TAMS 0x000000008a700000, 0x000000008a700000| Untracked 
| 168|0x000000008a800000, 0x000000008a800000, 0x000000008a900000|  0%| F|  |TAMS 0x000000008a800000, 0x000000008a800000| Untracked 
| 169|0x000000008a900000, 0x000000008a900000, 0x000000008aa00000|  0%| F|  |TAMS 0x000000008a900000, 0x000000008a900000| Untracked 
| 170|0x000000008aa00000, 0x000000008aa00000, 0x000000008ab00000|  0%| F|  |TAMS 0x000000008aa00000, 0x000000008aa00000| Untracked 
| 171|0x000000008ab00000, 0x000000008ab00000, 0x000000008ac00000|  0%| F|  |TAMS 0x000000008ab00000, 0x000000008ab00000| Untracked 
| 172|0x000000008ac00000, 0x000000008ac00000, 0x000000008ad00000|  0%| F|  |TAMS 0x000000008ac00000, 0x000000008ac00000| Untracked 
| 173|0x000000008ad00000, 0x000000008ae00000, 0x000000008ae00000|100%| E|  |TAMS 0x000000008ad00000, 0x000000008ad00000| Complete 
| 174|0x000000008ae00000, 0x000000008af00000, 0x000000008af00000|100%| E|CS|TAMS 0x000000008ae00000, 0x000000008ae00000| Complete 
| 175|0x000000008af00000, 0x000000008b000000, 0x000000008b000000|100%| E|CS|TAMS 0x000000008af00000, 0x000000008af00000| Complete 
| 176|0x000000008b000000, 0x000000008b100000, 0x000000008b100000|100%| E|CS|TAMS 0x000000008b000000, 0x000000008b000000| Complete 
| 177|0x000000008b100000, 0x000000008b200000, 0x000000008b200000|100%| E|CS|TAMS 0x000000008b100000, 0x000000008b100000| Complete 
| 178|0x000000008b200000, 0x000000008b300000, 0x000000008b300000|100%| E|CS|TAMS 0x000000008b200000, 0x000000008b200000| Complete 
| 179|0x000000008b300000, 0x000000008b400000, 0x000000008b400000|100%| E|CS|TAMS 0x000000008b300000, 0x000000008b300000| Complete 
| 180|0x000000008b400000, 0x000000008b500000, 0x000000008b500000|100%| E|CS|TAMS 0x000000008b400000, 0x000000008b400000| Complete 
| 181|0x000000008b500000, 0x000000008b600000, 0x000000008b600000|100%| E|CS|TAMS 0x000000008b500000, 0x000000008b500000| Complete 
| 182|0x000000008b600000, 0x000000008b700000, 0x000000008b700000|100%| E|CS|TAMS 0x000000008b600000, 0x000000008b600000| Complete 
| 183|0x000000008b700000, 0x000000008b800000, 0x000000008b800000|100%| E|CS|TAMS 0x000000008b700000, 0x000000008b700000| Complete 
| 184|0x000000008b800000, 0x000000008b900000, 0x000000008b900000|100%| E|  |TAMS 0x000000008b800000, 0x000000008b800000| Complete 
| 185|0x000000008b900000, 0x000000008ba00000, 0x000000008ba00000|100%| E|CS|TAMS 0x000000008b900000, 0x000000008b900000| Complete 
| 186|0x000000008ba00000, 0x000000008bb00000, 0x000000008bb00000|100%| E|CS|TAMS 0x000000008ba00000, 0x000000008ba00000| Complete 
| 187|0x000000008bb00000, 0x000000008bc00000, 0x000000008bc00000|100%| E|CS|TAMS 0x000000008bb00000, 0x000000008bb00000| Complete 
| 188|0x000000008bc00000, 0x000000008bd00000, 0x000000008bd00000|100%| E|CS|TAMS 0x000000008bc00000, 0x000000008bc00000| Complete 
| 189|0x000000008bd00000, 0x000000008be00000, 0x000000008be00000|100%| E|CS|TAMS 0x000000008bd00000, 0x000000008bd00000| Complete 
| 190|0x000000008be00000, 0x000000008bf00000, 0x000000008bf00000|100%| E|CS|TAMS 0x000000008be00000, 0x000000008be00000| Complete 
| 191|0x000000008bf00000, 0x000000008c000000, 0x000000008c000000|100%| E|CS|TAMS 0x000000008bf00000, 0x000000008bf00000| Complete 
| 192|0x000000008c000000, 0x000000008c100000, 0x000000008c100000|100%| E|CS|TAMS 0x000000008c000000, 0x000000008c000000| Complete 
| 193|0x000000008c100000, 0x000000008c200000, 0x000000008c200000|100%| E|CS|TAMS 0x000000008c100000, 0x000000008c100000| Complete 
| 194|0x000000008c200000, 0x000000008c300000, 0x000000008c300000|100%| E|CS|TAMS 0x000000008c200000, 0x000000008c200000| Complete 
| 195|0x000000008c300000, 0x000000008c400000, 0x000000008c400000|100%| E|CS|TAMS 0x000000008c300000, 0x000000008c300000| Complete 
| 196|0x000000008c400000, 0x000000008c500000, 0x000000008c500000|100%| E|CS|TAMS 0x000000008c400000, 0x000000008c400000| Complete 
| 197|0x000000008c500000, 0x000000008c600000, 0x000000008c600000|100%| E|CS|TAMS 0x000000008c500000, 0x000000008c500000| Complete 
| 198|0x000000008c600000, 0x000000008c6c97b0, 0x000000008c700000| 78%| S|CS|TAMS 0x000000008c600000, 0x000000008c600000| Complete 
| 199|0x000000008c700000, 0x000000008c800000, 0x000000008c800000|100%| S|CS|TAMS 0x000000008c700000, 0x000000008c700000| Complete 
| 200|0x000000008c800000, 0x000000008c900000, 0x000000008c900000|100%| S|CS|TAMS 0x000000008c800000, 0x000000008c800000| Complete 
| 201|0x000000008c900000, 0x000000008ca00000, 0x000000008ca00000|100%| S|CS|TAMS 0x000000008c900000, 0x000000008c900000| Complete 
| 202|0x000000008ca00000, 0x000000008cb00000, 0x000000008cb00000|100%| S|CS|TAMS 0x000000008ca00000, 0x000000008ca00000| Complete 
| 203|0x000000008cb00000, 0x000000008cc00000, 0x000000008cc00000|100%| S|CS|TAMS 0x000000008cb00000, 0x000000008cb00000| Complete 
| 204|0x000000008cc00000, 0x000000008cd00000, 0x000000008cd00000|100%| S|CS|TAMS 0x000000008cc00000, 0x000000008cc00000| Complete 
| 205|0x000000008cd00000, 0x000000008ce00000, 0x000000008ce00000|100%| S|CS|TAMS 0x000000008cd00000, 0x000000008cd00000| Complete 
| 206|0x000000008ce00000, 0x000000008cf00000, 0x000000008cf00000|100%| S|CS|TAMS 0x000000008ce00000, 0x000000008ce00000| Complete 
| 207|0x000000008cf00000, 0x000000008d000000, 0x000000008d000000|100%| S|CS|TAMS 0x000000008cf00000, 0x000000008cf00000| Complete 
| 208|0x000000008d000000, 0x000000008d100000, 0x000000008d100000|100%| S|CS|TAMS 0x000000008d000000, 0x000000008d000000| Complete 
| 209|0x000000008d100000, 0x000000008d200000, 0x000000008d200000|100%| E|CS|TAMS 0x000000008d100000, 0x000000008d100000| Complete 
| 210|0x000000008d200000, 0x000000008d300000, 0x000000008d300000|100%| E|CS|TAMS 0x000000008d200000, 0x000000008d200000| Complete 
| 211|0x000000008d300000, 0x000000008d400000, 0x000000008d400000|100%| E|CS|TAMS 0x000000008d300000, 0x000000008d300000| Complete 
| 212|0x000000008d400000, 0x000000008d500000, 0x000000008d500000|100%| E|CS|TAMS 0x000000008d400000, 0x000000008d400000| Complete 
| 213|0x000000008d500000, 0x000000008d600000, 0x000000008d600000|100%| E|CS|TAMS 0x000000008d500000, 0x000000008d500000| Complete 
| 214|0x000000008d600000, 0x000000008d700000, 0x000000008d700000|100%| E|CS|TAMS 0x000000008d600000, 0x000000008d600000| Complete 
| 215|0x000000008d700000, 0x000000008d800000, 0x000000008d800000|100%| E|CS|TAMS 0x000000008d700000, 0x000000008d700000| Complete 
| 216|0x000000008d800000, 0x000000008d900000, 0x000000008d900000|100%| E|CS|TAMS 0x000000008d800000, 0x000000008d800000| Complete 
| 217|0x000000008d900000, 0x000000008da00000, 0x000000008da00000|100%| E|CS|TAMS 0x000000008d900000, 0x000000008d900000| Complete 
| 218|0x000000008da00000, 0x000000008db00000, 0x000000008db00000|100%| E|CS|TAMS 0x000000008da00000, 0x000000008da00000| Complete 
| 219|0x000000008db00000, 0x000000008dc00000, 0x000000008dc00000|100%| E|CS|TAMS 0x000000008db00000, 0x000000008db00000| Complete 
| 220|0x000000008dc00000, 0x000000008dd00000, 0x000000008dd00000|100%| E|CS|TAMS 0x000000008dc00000, 0x000000008dc00000| Complete 
| 221|0x000000008dd00000, 0x000000008de00000, 0x000000008de00000|100%| E|CS|TAMS 0x000000008dd00000, 0x000000008dd00000| Complete 
| 222|0x000000008de00000, 0x000000008df00000, 0x000000008df00000|100%| E|CS|TAMS 0x000000008de00000, 0x000000008de00000| Complete 
| 223|0x000000008df00000, 0x000000008e000000, 0x000000008e000000|100%| E|CS|TAMS 0x000000008df00000, 0x000000008df00000| Complete 
| 224|0x000000008e000000, 0x000000008e100000, 0x000000008e100000|100%| E|CS|TAMS 0x000000008e000000, 0x000000008e000000| Complete 
| 225|0x000000008e100000, 0x000000008e200000, 0x000000008e200000|100%| E|CS|TAMS 0x000000008e100000, 0x000000008e100000| Complete 
| 226|0x000000008e200000, 0x000000008e300000, 0x000000008e300000|100%| E|CS|TAMS 0x000000008e200000, 0x000000008e200000| Complete 
| 227|0x000000008e300000, 0x000000008e400000, 0x000000008e400000|100%| E|CS|TAMS 0x000000008e300000, 0x000000008e300000| Complete 
| 228|0x000000008e400000, 0x000000008e500000, 0x000000008e500000|100%| E|CS|TAMS 0x000000008e400000, 0x000000008e400000| Complete 
| 229|0x000000008e500000, 0x000000008e600000, 0x000000008e600000|100%| E|CS|TAMS 0x000000008e500000, 0x000000008e500000| Complete 
| 230|0x000000008e600000, 0x000000008e700000, 0x000000008e700000|100%| E|CS|TAMS 0x000000008e600000, 0x000000008e600000| Complete 
| 231|0x000000008e700000, 0x000000008e800000, 0x000000008e800000|100%| E|CS|TAMS 0x000000008e700000, 0x000000008e700000| Complete 
| 232|0x000000008e800000, 0x000000008e900000, 0x000000008e900000|100%| E|CS|TAMS 0x000000008e800000, 0x000000008e800000| Complete 
| 233|0x000000008e900000, 0x000000008ea00000, 0x000000008ea00000|100%| E|CS|TAMS 0x000000008e900000, 0x000000008e900000| Complete 
| 234|0x000000008ea00000, 0x000000008eb00000, 0x000000008eb00000|100%| E|CS|TAMS 0x000000008ea00000, 0x000000008ea00000| Complete 
| 235|0x000000008eb00000, 0x000000008ec00000, 0x000000008ec00000|100%| E|CS|TAMS 0x000000008eb00000, 0x000000008eb00000| Complete 
| 236|0x000000008ec00000, 0x000000008ed00000, 0x000000008ed00000|100%| E|CS|TAMS 0x000000008ec00000, 0x000000008ec00000| Complete 
| 237|0x000000008ed00000, 0x000000008ee00000, 0x000000008ee00000|100%| E|CS|TAMS 0x000000008ed00000, 0x000000008ed00000| Complete 
| 238|0x000000008ee00000, 0x000000008ef00000, 0x000000008ef00000|100%| E|CS|TAMS 0x000000008ee00000, 0x000000008ee00000| Complete 
| 239|0x000000008ef00000, 0x000000008f000000, 0x000000008f000000|100%| E|CS|TAMS 0x000000008ef00000, 0x000000008ef00000| Complete 
| 240|0x000000008f000000, 0x000000008f100000, 0x000000008f100000|100%| E|CS|TAMS 0x000000008f000000, 0x000000008f000000| Complete 
| 241|0x000000008f100000, 0x000000008f200000, 0x000000008f200000|100%| E|CS|TAMS 0x000000008f100000, 0x000000008f100000| Complete 
| 242|0x000000008f200000, 0x000000008f300000, 0x000000008f300000|100%| E|CS|TAMS 0x000000008f200000, 0x000000008f200000| Complete 
| 243|0x000000008f300000, 0x000000008f400000, 0x000000008f400000|100%| E|CS|TAMS 0x000000008f300000, 0x000000008f300000| Complete 
| 244|0x000000008f400000, 0x000000008f500000, 0x000000008f500000|100%| E|CS|TAMS 0x000000008f400000, 0x000000008f400000| Complete 
| 245|0x000000008f500000, 0x000000008f600000, 0x000000008f600000|100%| E|CS|TAMS 0x000000008f500000, 0x000000008f500000| Complete 
| 246|0x000000008f600000, 0x000000008f700000, 0x000000008f700000|100%| E|CS|TAMS 0x000000008f600000, 0x000000008f600000| Complete 
| 247|0x000000008f700000, 0x000000008f800000, 0x000000008f800000|100%| E|CS|TAMS 0x000000008f700000, 0x000000008f700000| Complete 
| 248|0x000000008f800000, 0x000000008f900000, 0x000000008f900000|100%| E|CS|TAMS 0x000000008f800000, 0x000000008f800000| Complete 
| 249|0x000000008f900000, 0x000000008fa00000, 0x000000008fa00000|100%| E|CS|TAMS 0x000000008f900000, 0x000000008f900000| Complete 
| 250|0x000000008fa00000, 0x000000008fb00000, 0x000000008fb00000|100%| E|CS|TAMS 0x000000008fa00000, 0x000000008fa00000| Complete 
| 251|0x000000008fb00000, 0x000000008fc00000, 0x000000008fc00000|100%| E|CS|TAMS 0x000000008fb00000, 0x000000008fb00000| Complete 
| 252|0x000000008fc00000, 0x000000008fd00000, 0x000000008fd00000|100%| E|CS|TAMS 0x000000008fc00000, 0x000000008fc00000| Complete 
| 253|0x000000008fd00000, 0x000000008fe00000, 0x000000008fe00000|100%| E|CS|TAMS 0x000000008fd00000, 0x000000008fd00000| Complete 

Card table byte_map: [0x00000214cd620000,0x00000214cda20000] _byte_map_base: 0x00000214cd220000

Marking Bits (Prev, Next): (CMBitMap*) 0x00000214b8639d68, (CMBitMap*) 0x00000214b8639da0
 Prev Bits: [0x00000214cde20000, 0x00000214cfe20000)
 Next Bits: [0x00000214cfe20000, 0x00000214d1e20000)

Polling page: 0x00000214b84b0000

Metaspace:

Usage:
  Non-class:     36.58 MB capacity,    35.87 MB ( 98%) used,   643.82 KB (  2%) free+waste,    88.06 KB ( <1%) overhead. 
      Class:      5.54 MB capacity,     5.18 MB ( 94%) used,   322.28 KB (  6%) free+waste,    42.69 KB ( <1%) overhead. 
       Both:     42.12 MB capacity,    41.05 MB ( 97%) used,   966.10 KB (  2%) free+waste,   130.75 KB ( <1%) overhead. 

Virtual space:
  Non-class space:       38.00 MB reserved,      36.75 MB ( 97%) committed 
      Class space:        1.00 GB reserved,       5.63 MB ( <1%) committed 
             Both:        1.04 GB reserved,      42.38 MB (  4%) committed 

Chunk freelists:
   Non-Class:  44.00 KB
       Class:  0 bytes
        Both:  44.00 KB

MaxMetaspaceSize: 17179869184.00 GB
CompressedClassSpaceSize: 1.00 GB

CodeHeap 'non-profiled nmethods': size=120000Kb used=1975Kb max_used=1975Kb free=118025Kb
 bounds [0x00000214c5280000, 0x00000214c54f0000, 0x00000214cc7b0000]
CodeHeap 'profiled nmethods': size=120000Kb used=6838Kb max_used=6838Kb free=113161Kb
 bounds [0x00000214bdd50000, 0x00000214be400000, 0x00000214c5280000]
CodeHeap 'non-nmethods': size=5760Kb used=2209Kb max_used=2276Kb free=3550Kb
 bounds [0x00000214bd7b0000, 0x00000214bda20000, 0x00000214bdd50000]
 total_blobs=3994 nmethods=3233 adapters=672
 compilation: enabled
              stopped_count=0, restarted_count=0
 full_count=0

Compilation events (20 events):
Event: 4.937 Thread 0x00000214d51c2800 3392       3       sun.nio.fs.WindowsPath::getNameCount (10 bytes)
Event: 4.937 Thread 0x00000214d51c2800 nmethod 3392 0x00000214be3e8710 code [0x00000214be3e88c0, 0x00000214be3e8a08]
Event: 4.939 Thread 0x00000214d51c2800 3393       3       java.util.Collections$UnmodifiableMap$UnmodifiableEntrySet$1::hasNext (10 bytes)
Event: 4.939 Thread 0x00000214d51c2800 nmethod 3393 0x00000214be3e8b10 code [0x00000214be3e8cc0, 0x00000214be3e8e88]
Event: 4.942 Thread 0x00000214d51c2800 3396   !   3       java.util.zip.ZipFile$ZipFileInflaterInputStream::close (67 bytes)
Event: 4.942 Thread 0x00000214d51c2800 nmethod 3396 0x00000214be3e8f90 code [0x00000214be3e91a0, 0x00000214be3e9838]
Event: 4.959 Thread 0x00000214d51bd000 nmethod 3376 0x00000214c5468290 code [0x00000214c5468540, 0x00000214c546a0b0]
Event: 4.959 Thread 0x00000214d51bd000 3391       4       java.util.WeakHashMap::remove (133 bytes)
Event: 4.963 Thread 0x00000214d51c2800 3397       3       com.google.common.collect.MapMakerInternalMap$StrongKeyWeakValueEntry::<init> (15 bytes)
Event: 4.963 Thread 0x00000214d51c2800 nmethod 3397 0x00000214be3e9b10 code [0x00000214be3e9ce0, 0x00000214be3ea018]
Event: 4.963 Thread 0x00000214d51c2800 3398       3       com.google.common.collect.MapMakerInternalMap$AbstractStrongKeyEntry::<init> (20 bytes)
Event: 4.963 Thread 0x00000214d51c2800 nmethod 3398 0x00000214be3ea110 code [0x00000214be3ea2c0, 0x00000214be3ea4d8]
Event: 4.965 Thread 0x00000214d51bd000 nmethod 3391 0x00000214c546ae90 code [0x00000214c546b060, 0x00000214c546b518]
Event: 4.965 Thread 0x00000214d51bd000 3395       4       java.util.LinkedHashMap$LinkedValueIterator::next (8 bytes)
Event: 4.967 Thread 0x00000214d51bd000 nmethod 3395 0x00000214c546b890 code [0x00000214c546ba20, 0x00000214c546bc58]
Event: 4.969 Thread 0x00000214d51c2800 3399       3       java.util.HashMap::values (25 bytes)
Event: 4.969 Thread 0x00000214d51c2800 nmethod 3399 0x00000214be3ea590 code [0x00000214be3ea760, 0x00000214be3eaad8]
Event: 4.969 Thread 0x00000214d51bd000 3400       4       org.codehaus.groovy.reflection.CachedMethod::getReturnType (8 bytes)
Event: 4.970 Thread 0x00000214d51bd000 nmethod 3400 0x00000214c546bd90 code [0x00000214c546bf20, 0x00000214c546bf98]
Event: 4.975 Thread 0x00000214d51c2800 3401       3       java.util.Collections$UnmodifiableMap::get (11 bytes)

GC Heap History (12 events):
Event: 0.702 GC heap before
{Heap before GC invocations=0 (full 0):
 garbage-first heap   total 260096K, used 29696K [0x0000000080000000, 0x0000000100000000)
  region size 1024K, 24 young (24576K), 0 survivors (0K)
 Metaspace       used 10240K, capacity 10417K, committed 10624K, reserved 1058816K
  class space    used 1072K, capacity 1131K, committed 1152K, reserved 1048576K
}
Event: 0.710 GC heap after
{Heap after GC invocations=1 (full 0):
 garbage-first heap   total 260096K, used 8984K [0x0000000080000000, 0x0000000100000000)
  region size 1024K, 3 young (3072K), 3 survivors (3072K)
 Metaspace       used 10240K, capacity 10417K, committed 10624K, reserved 1058816K
  class space    used 1072K, capacity 1131K, committed 1152K, reserved 1048576K
}
Event: 1.001 GC heap before
{Heap before GC invocations=1 (full 0):
 garbage-first heap   total 260096K, used 47896K [0x0000000080000000, 0x0000000100000000)
  region size 1024K, 41 young (41984K), 3 survivors (3072K)
 Metaspace       used 11061K, capacity 11326K, committed 11520K, reserved 1058816K
  class space    used 1160K, capacity 1243K, committed 1280K, reserved 1048576K
}
Event: 1.004 GC heap after
{Heap after GC invocations=2 (full 0):
 garbage-first heap   total 260096K, used 13651K [0x0000000080000000, 0x0000000100000000)
  region size 1024K, 6 young (6144K), 6 survivors (6144K)
 Metaspace       used 11061K, capacity 11326K, committed 11520K, reserved 1058816K
  class space    used 1160K, capacity 1243K, committed 1280K, reserved 1048576K
}
Event: 2.263 GC heap before
{Heap before GC invocations=2 (full 0):
 garbage-first heap   total 260096K, used 60755K [0x0000000080000000, 0x0000000100000000)
  region size 1024K, 52 young (53248K), 6 survivors (6144K)
 Metaspace       used 19625K, capacity 20069K, committed 20224K, reserved 1067008K
  class space    used 2396K, capacity 2542K, committed 2560K, reserved 1048576K
}
Event: 2.296 GC heap after
{Heap after GC invocations=3 (full 0):
 garbage-first heap   total 260096K, used 16752K [0x0000000080000000, 0x0000000100000000)
  region size 1024K, 6 young (6144K), 6 survivors (6144K)
 Metaspace       used 19625K, capacity 20069K, committed 20224K, reserved 1067008K
  class space    used 2396K, capacity 2542K, committed 2560K, reserved 1048576K
}
Event: 2.373 GC heap before
{Heap before GC invocations=3 (full 0):
 garbage-first heap   total 260096K, used 21872K [0x0000000080000000, 0x0000000100000000)
  region size 1024K, 12 young (12288K), 6 survivors (6144K)
 Metaspace       used 20627K, capacity 21110K, committed 21248K, reserved 1067008K
  class space    used 2535K, capacity 2723K, committed 2816K, reserved 1048576K
}
Event: 2.377 GC heap after
{Heap after GC invocations=4 (full 0):
 garbage-first heap   total 260096K, used 17296K [0x0000000080000000, 0x0000000100000000)
  region size 1024K, 4 young (4096K), 4 survivors (4096K)
 Metaspace       used 20627K, capacity 21110K, committed 21248K, reserved 1067008K
  class space    used 2535K, capacity 2723K, committed 2816K, reserved 1048576K
}
Event: 3.189 GC heap before
{Heap before GC invocations=5 (full 0):
 garbage-first heap   total 260096K, used 91024K [0x0000000080000000, 0x0000000100000000)
  region size 1024K, 67 young (68608K), 4 survivors (4096K)
 Metaspace       used 26973K, capacity 27741K, committed 27904K, reserved 1073152K
  class space    used 3546K, capacity 3825K, committed 3840K, reserved 1048576K
}
Event: 3.195 GC heap after
{Heap after GC invocations=6 (full 0):
 garbage-first heap   total 260096K, used 31137K [0x0000000080000000, 0x0000000100000000)
  region size 1024K, 8 young (8192K), 8 survivors (8192K)
 Metaspace       used 26973K, capacity 27741K, committed 27904K, reserved 1073152K
  class space    used 3546K, capacity 3825K, committed 3840K, reserved 1048576K
}
Event: 3.937 GC heap before
{Heap before GC invocations=6 (full 0):
 garbage-first heap   total 260096K, used 76193K [0x0000000080000000, 0x0000000100000000)
  region size 1024K, 53 young (54272K), 8 survivors (8192K)
 Metaspace       used 35043K, capacity 35799K, committed 35840K, reserved 1081344K
  class space    used 4547K, capacity 4830K, committed 4864K, reserved 1048576K
}
Event: 3.947 GC heap after
{Heap after GC invocations=7 (full 0):
 garbage-first heap   total 260096K, used 34405K [0x0000000080000000, 0x0000000100000000)
  region size 1024K, 11 young (11264K), 11 survivors (11264K)
 Metaspace       used 35043K, capacity 35799K, committed 35840K, reserved 1081344K
  class space    used 4547K, capacity 4830K, committed 4864K, reserved 1048576K
}

Deoptimization events (20 events):
Event: 4.726 Thread 0x00000214d682f800 DEOPT PACKING pc=0x00000214be1890d3 sp=0x00000088ff7f4de0
Event: 4.726 Thread 0x00000214d682f800 DEOPT UNPACKING pc=0x00000214bd7d8ade sp=0x00000088ff7f4340 mode 0
Event: 4.741 Thread 0x00000214d682f800 DEOPT PACKING pc=0x00000214be05f25a sp=0x00000088ff7f4da0
Event: 4.741 Thread 0x00000214d682f800 DEOPT UNPACKING pc=0x00000214bd7d8ade sp=0x00000088ff7f4228 mode 0
Event: 4.742 Thread 0x00000214d682f800 DEOPT PACKING pc=0x00000214be3ab1aa sp=0x00000088ff7f4de0
Event: 4.742 Thread 0x00000214d682f800 DEOPT UNPACKING pc=0x00000214bd7d8ade sp=0x00000088ff7f43b8 mode 0
Event: 4.748 Thread 0x00000214d682f800 Uncommon trap: trap_request=0xffffff4d fr.pc=0x00000214c52f3470 relative=0x0000000000001910
Event: 4.748 Thread 0x00000214d682f800 Uncommon trap: reason=unstable_if action=reinterpret pc=0x00000214c52f3470 method=java.util.zip.ZipFile$Source.initCEN(ILjava/util/zip/ZipCoder;)V @ 582 c2
Event: 4.748 Thread 0x00000214d682f800 DEOPT PACKING pc=0x00000214c52f3470 sp=0x00000088ff7f4ef0
Event: 4.748 Thread 0x00000214d682f800 DEOPT UNPACKING pc=0x00000214bd7b822f sp=0x00000088ff7f4ec0 mode 2
Event: 4.753 Thread 0x00000214d682f800 Uncommon trap: trap_request=0xffffff4d fr.pc=0x00000214c53b50b0 relative=0x00000000000054b0
Event: 4.753 Thread 0x00000214d682f800 Uncommon trap: reason=unstable_if action=reinterpret pc=0x00000214c53b50b0 method=java.lang.StringLatin1.regionMatchesCI([BI[BII)Z @ 66 c2
Event: 4.753 Thread 0x00000214d682f800 DEOPT PACKING pc=0x00000214c53b50b0 sp=0x00000088ff7f88f0
Event: 4.753 Thread 0x00000214d682f800 DEOPT UNPACKING pc=0x00000214bd7b822f sp=0x00000088ff7f86a0 mode 2
Event: 4.823 Thread 0x00000214d682f800 Uncommon trap: trap_request=0xffffff4d fr.pc=0x00000214c5401afc relative=0x000000000000111c
Event: 4.823 Thread 0x00000214d682f800 Uncommon trap: reason=unstable_if action=reinterpret pc=0x00000214c5401afc method=java.util.zip.ZipFile$ZipFileInflaterInputStream.close()V @ 4 c2
Event: 4.823 Thread 0x00000214d682f800 DEOPT PACKING pc=0x00000214c5401afc sp=0x00000088ff7f8580
Event: 4.823 Thread 0x00000214d682f800 DEOPT UNPACKING pc=0x00000214bd7b822f sp=0x00000088ff7f8580 mode 2
Event: 4.910 Thread 0x00000214d682f800 DEOPT PACKING pc=0x00000214bdf63262 sp=0x00000088ff7f2cb0
Event: 4.910 Thread 0x00000214d682f800 DEOPT UNPACKING pc=0x00000214bd7d8ade sp=0x00000088ff7f2140 mode 0

Classes redefined (0 events):
No events

Internal exceptions (20 events):
Event: 4.894 Thread 0x00000214d682f800 Exception <a 'java/lang/ClassNotFoundException'{0x000000008b570780}: org/jetbrains/plugins/gradle/tooling/AbstractModelBuilderServiceCustomizer> (0x000000008b570780) thrown at [./src/hotspot/share/classfile/systemDictionary.cpp, line 231]
Event: 4.895 Thread 0x00000214d682f800 Exception <a 'java/lang/ClassNotFoundException'{0x000000008b57fba8}: org/jetbrains/plugins/gradle/tooling/builder/WarModelBuilderImplCustomizer> (0x000000008b57fba8) thrown at [./src/hotspot/share/classfile/systemDictionary.cpp, line 231]
Event: 4.903 Thread 0x00000214d682f800 Exception <a 'java/lang/ClassNotFoundException'{0x000000008b5e6950}: org/jetbrains/plugins/gradle/tooling/builder/EarModelBuilderImplBeanInfo> (0x000000008b5e6950) thrown at [./src/hotspot/share/classfile/systemDictionary.cpp, line 231]
Event: 4.904 Thread 0x00000214d682f800 Exception <a 'java/lang/ClassNotFoundException'{0x000000008b5f2ef8}: org/jetbrains/plugins/gradle/tooling/builder/EarModelBuilderImplCustomizer> (0x000000008b5f2ef8) thrown at [./src/hotspot/share/classfile/systemDictionary.cpp, line 231]
Event: 4.913 Thread 0x00000214d682f800 Exception <a 'java/lang/ClassNotFoundException'{0x000000008b4c7c40}: org/jetbrains/plugins/gradle/tooling/builder/ScalaModelBuilderImplBeanInfo> (0x000000008b4c7c40) thrown at [./src/hotspot/share/classfile/systemDictionary.cpp, line 231]
Event: 4.913 Thread 0x00000214d682f800 Exception <a 'java/lang/ClassNotFoundException'{0x000000008b4d42d0}: org/jetbrains/plugins/gradle/tooling/builder/ScalaModelBuilderImplCustomizer> (0x000000008b4d42d0) thrown at [./src/hotspot/share/classfile/systemDictionary.cpp, line 231]
Event: 4.920 Thread 0x00000214d682f800 Exception <a 'java/lang/ClassNotFoundException'{0x000000008b33d9d8}: org/jetbrains/plugins/gradle/tooling/builder/ExternalProjectBuilderImpl$1BeanInfo> (0x000000008b33d9d8) thrown at [./src/hotspot/share/classfile/systemDictionary.cpp, line 231]
Event: 4.920 Thread 0x00000214d682f800 Exception <a 'java/lang/ClassNotFoundException'{0x000000008b34a360}: org/jetbrains/plugins/gradle/tooling/builder/ExternalProjectBuilderImpl$1Customizer> (0x000000008b34a360) thrown at [./src/hotspot/share/classfile/systemDictionary.cpp, line 231]
Event: 4.926 Thread 0x00000214d682f800 Exception <a 'java/lang/ClassNotFoundException'{0x000000008b3afe88}: org/jetbrains/plugins/gradle/tooling/builder/ExternalProjectBuilderImplBeanInfo> (0x000000008b3afe88) thrown at [./src/hotspot/share/classfile/systemDictionary.cpp, line 231]
Event: 4.926 Thread 0x00000214d682f800 Exception <a 'java/lang/ClassNotFoundException'{0x000000008b3bc668}: org/jetbrains/plugins/gradle/tooling/builder/ExternalProjectBuilderImplCustomizer> (0x000000008b3bc668) thrown at [./src/hotspot/share/classfile/systemDictionary.cpp, line 231]
Event: 4.930 Thread 0x00000214d682f800 Exception <a 'java/lang/ClassNotFoundException'{0x000000008b20fd60}: org/jetbrains/plugins/gradle/tooling/builder/DependencyGraphModelBuilderImplBeanInfo> (0x000000008b20fd60) thrown at [./src/hotspot/share/classfile/systemDictionary.cpp, line 231]
Event: 4.930 Thread 0x00000214d682f800 Exception <a 'java/lang/ClassNotFoundException'{0x000000008b21c788}: org/jetbrains/plugins/gradle/tooling/builder/DependencyGraphModelBuilderImplCustomizer> (0x000000008b21c788) thrown at [./src/hotspot/share/classfile/systemDictionary.cpp, line 231]
Event: 4.938 Thread 0x00000214d682f800 Exception <a 'java/lang/ClassNotFoundException'{0x000000008b2baaf0}: org/jetbrains/plugins/gradle/tooling/builder/ExternalTestsModelBuilderImplBeanInfo> (0x000000008b2baaf0) thrown at [./src/hotspot/share/classfile/systemDictionary.cpp, line 231]
Event: 4.938 Thread 0x00000214d682f800 Exception <a 'java/lang/ClassNotFoundException'{0x000000008b2c7480}: org/jetbrains/plugins/gradle/tooling/builder/ExternalTestsModelBuilderImplCustomizer> (0x000000008b2c7480) thrown at [./src/hotspot/share/classfile/systemDictionary.cpp, line 231]
Event: 4.965 Thread 0x00000214d682f800 Exception <a 'java/lang/ClassNotFoundException'{0x000000008b0e0f60}: org/jetbrains/plugins/gradle/tooling/builder/ProjectExtensionsDataBuilderImplBeanInfo> (0x000000008b0e0f60) thrown at [./src/hotspot/share/classfile/systemDictionary.cpp, line 231]
Event: 4.965 Thread 0x00000214d682f800 Exception <a 'java/lang/ClassNotFoundException'{0x000000008b0ed9b8}: org/jetbrains/plugins/gradle/tooling/builder/ProjectExtensionsDataBuilderImplCustomizer> (0x000000008b0ed9b8) thrown at [./src/hotspot/share/classfile/systemDictionary.cpp, line 231]
Event: 4.968 Thread 0x00000214d682f800 Exception <a 'java/lang/ClassNotFoundException'{0x000000008af21270}: org/jetbrains/plugins/gradle/tooling/builder/IntelliJSettingsBuilderBeanInfo> (0x000000008af21270) thrown at [./src/hotspot/share/classfile/systemDictionary.cpp, line 231]
Event: 4.968 Thread 0x00000214d682f800 Exception <a 'java/lang/ClassNotFoundException'{0x000000008af2d998}: org/jetbrains/plugins/gradle/tooling/builder/IntelliJSettingsBuilderCustomizer> (0x000000008af2d998) thrown at [./src/hotspot/share/classfile/systemDictionary.cpp, line 231]
Event: 4.973 Thread 0x00000214d682f800 Exception <a 'java/lang/ClassNotFoundException'{0x000000008af60fa8}: org/jetbrains/plugins/gradle/tooling/builder/IntelliJProjectSettingsBuilderBeanInfo> (0x000000008af60fa8) thrown at [./src/hotspot/share/classfile/systemDictionary.cpp, line 231]
Event: 4.973 Thread 0x00000214d682f800 Exception <a 'java/lang/ClassNotFoundException'{0x000000008af6d958}: org/jetbrains/plugins/gradle/tooling/builder/IntelliJProjectSettingsBuilderCustomizer> (0x000000008af6d958) thrown at [./src/hotspot/share/classfile/systemDictionary.cpp, line 231]

Events (20 events):
Event: 4.969 loading class org/jetbrains/plugins/gradle/tooling/builder/IntelliJProjectSettingsBuilder
Event: 4.969 loading class org/jetbrains/plugins/gradle/tooling/builder/IntelliJProjectSettingsBuilder done
Event: 4.970 loading class groovy/runtime/metaclass/org/jetbrains/plugins/gradle/tooling/builder/IntelliJProjectSettingsBuilderMetaClass
Event: 4.970 loading class groovy/runtime/metaclass/org/jetbrains/plugins/gradle/tooling/builder/IntelliJProjectSettingsBuilderMetaClass done
Event: 4.972 loading class org/jetbrains/plugins/gradle/tooling/builder/IntelliJProjectSettingsBuilderBeanInfo
Event: 4.972 loading class org/jetbrains/plugins/gradle/tooling/builder/IntelliJProjectSettingsBuilderBeanInfo done
Event: 4.973 loading class org/jetbrains/plugins/gradle/tooling/builder/IntelliJProjectSettingsBuilderBeanInfo
Event: 4.973 loading class org/jetbrains/plugins/gradle/tooling/builder/IntelliJProjectSettingsBuilderBeanInfo done
Event: 4.973 loading class org/jetbrains/plugins/gradle/tooling/builder/IntelliJProjectSettingsBuilderCustomizer
Event: 4.973 loading class org/jetbrains/plugins/gradle/tooling/builder/IntelliJProjectSettingsBuilderCustomizer done
Event: 4.973 loading class org/jetbrains/plugins/gradle/tooling/builder/IntelliJProjectSettingsBuilderCustomizer
Event: 4.973 loading class org/jetbrains/plugins/gradle/tooling/builder/IntelliJProjectSettingsBuilderCustomizer done
Event: 4.974 loading class org/jetbrains/plugins/gradle/tooling/builder/MavenRepositoriesModelBuilder
Event: 4.974 loading class org/jetbrains/plugins/gradle/tooling/builder/MavenRepositoriesModelBuilder done
Event: 4.974 loading class org/jetbrains/plugins/gradle/model/RepositoriesModel
Event: 4.974 loading class org/jetbrains/plugins/gradle/model/RepositoriesModel done
Event: 4.974 loading class org/jetbrains/plugins/gradle/model/MavenRepositoryModel
Event: 4.974 loading class org/jetbrains/plugins/gradle/model/MavenRepositoryModel done
Event: 4.975 loading class groovy/runtime/metaclass/java/util/concurrent/CopyOnWriteArrayListMetaClass
Event: 4.975 loading class groovy/runtime/metaclass/java/util/concurrent/CopyOnWriteArrayListMetaClass done


Dynamic libraries:
0x00007ff6dfb80000 - 0x00007ff6dfb8a000 	C:\Program Files\Android\Android Studio\jre\bin\java.exe
0x00007fffc4290000 - 0x00007fffc4485000 	C:\windows\SYSTEM32\ntdll.dll
0x00007fffc28b0000 - 0x00007fffc296e000 	C:\windows\System32\KERNEL32.DLL
0x00007fffc19b0000 - 0x00007fffc1c79000 	C:\windows\System32\KERNELBASE.dll
0x00007fffc1df0000 - 0x00007fffc1ef0000 	C:\windows\System32\ucrtbase.dll
0x00007fffba8b0000 - 0x00007fffba8c7000 	C:\Program Files\Android\Android Studio\jre\bin\VCRUNTIME140.dll
0x00007fffb74e0000 - 0x00007fffb74f9000 	C:\Program Files\Android\Android Studio\jre\bin\jli.dll
0x00007fffc2480000 - 0x00007fffc2621000 	C:\windows\System32\USER32.dll
0x00007fffc1c80000 - 0x00007fffc1ca2000 	C:\windows\System32\win32u.dll
0x00007fffc3bd0000 - 0x00007fffc3bfb000 	C:\windows\System32\GDI32.dll
0x00007fffa5750000 - 0x00007fffa59ea000 	C:\windows\WinSxS\amd64_microsoft.windows.common-controls_6595b64144ccf1df_6.0.19041.1110_none_60b5254171f9507e\COMCTL32.dll
0x00007fffc1cb0000 - 0x00007fffc1dbb000 	C:\windows\System32\gdi32full.dll
0x00007fffc2970000 - 0x00007fffc2a0e000 	C:\windows\System32\msvcrt.dll
0x00007fffc2050000 - 0x00007fffc20ed000 	C:\windows\System32\msvcp_win.dll
0x00007fffc2e90000 - 0x00007fffc2ec0000 	C:\windows\System32\IMM32.DLL
0x00007fffacd00000 - 0x00007fffacd9d000 	C:\Program Files\Android\Android Studio\jre\bin\msvcp140.dll
0x00007fff89520000 - 0x00007fff89fdc000 	C:\Program Files\Android\Android Studio\jre\bin\server\jvm.dll
0x00007fffc4060000 - 0x00007fffc410c000 	C:\windows\System32\ADVAPI32.dll
0x00007fffc22e0000 - 0x00007fffc237b000 	C:\windows\System32\sechost.dll
0x00007fffc3190000 - 0x00007fffc32ba000 	C:\windows\System32\RPCRT4.dll
0x00007fffc4110000 - 0x00007fffc4118000 	C:\windows\System32\PSAPI.DLL
0x00007fff9df80000 - 0x00007fff9df89000 	C:\windows\SYSTEM32\WSOCK32.dll
0x00007fffc32c0000 - 0x00007fffc332b000 	C:\windows\System32\WS2_32.dll
0x00007fff9a600000 - 0x00007fff9a627000 	C:\windows\SYSTEM32\WINMM.dll
0x00007fffb5ad0000 - 0x00007fffb5ada000 	C:\windows\SYSTEM32\VERSION.dll
0x00007fffc0230000 - 0x00007fffc0242000 	C:\windows\SYSTEM32\kernel.appcore.dll
0x00007fffb7cb0000 - 0x00007fffb7cc1000 	C:\Program Files\Android\Android Studio\jre\bin\verify.dll
0x00007fffbf480000 - 0x00007fffbf664000 	C:\windows\SYSTEM32\DBGHELP.DLL
0x00007fffa35a0000 - 0x00007fffa35cc000 	C:\windows\SYSTEM32\dbgcore.DLL
0x00007fffc2250000 - 0x00007fffc22d3000 	C:\windows\System32\bcryptPrimitives.dll
0x00007fffa3520000 - 0x00007fffa3549000 	C:\Program Files\Android\Android Studio\jre\bin\java.dll
0x00007fffba910000 - 0x00007fffba91b000 	C:\Program Files\Android\Android Studio\jre\bin\jimage.dll
0x00007fffa34e0000 - 0x00007fffa34f8000 	C:\Program Files\Android\Android Studio\jre\bin\zip.dll
0x00007fffc33e0000 - 0x00007fffc3b1f000 	C:\windows\System32\SHELL32.dll
0x00007fffbfa90000 - 0x00007fffc0220000 	C:\windows\SYSTEM32\windows.storage.dll
0x00007fffc3d00000 - 0x00007fffc4055000 	C:\windows\System32\combase.dll
0x00007fffc1400000 - 0x00007fffc142c000 	C:\windows\SYSTEM32\Wldp.dll
0x00007fffc3330000 - 0x00007fffc33de000 	C:\windows\System32\SHCORE.dll
0x00007fffc3c00000 - 0x00007fffc3c55000 	C:\windows\System32\shlwapi.dll
0x00007fffc18f0000 - 0x00007fffc190f000 	C:\windows\SYSTEM32\profapi.dll
0x00007fffa2c00000 - 0x00007fffa2c1a000 	C:\Program Files\Android\Android Studio\jre\bin\net.dll
0x00007fffba580000 - 0x00007fffba688000 	C:\windows\SYSTEM32\WINHTTP.dll
0x00007fffc1160000 - 0x00007fffc11ca000 	C:\windows\system32\mswsock.dll
0x00007fff9e020000 - 0x00007fff9e034000 	C:\Program Files\Android\Android Studio\jre\bin\nio.dll
0x00007fff92900000 - 0x00007fff92927000 	D:\Workstation\Mdt-dev_Mdt-0.2.20201016\Mdt-dev_Mdt-0.2.20201016\.gradle\native\fdc75f09e3144964f2cf3f50f0aa648679c211496f362492102eb8c894070792\windows-amd64\native-platform.dll
0x00007fff7cbb0000 - 0x00007fff7cd46000 	D:\Workstation\Mdt-dev_Mdt-0.2.20201016\Mdt-dev_Mdt-0.2.20201016\.gradle\native\12488b8bf47d2d4c9fbf2f6322a914ad602e24e48041cd04a747c6da556b65c4\windows-amd64\native-platform-file-events.dll
0x00007fffba890000 - 0x00007fffba89a000 	C:\Program Files\Android\Android Studio\jre\bin\management.dll
0x00007fffa4e80000 - 0x00007fffa4e8c000 	C:\Program Files\Android\Android Studio\jre\bin\management_ext.dll
0x00007fffc1350000 - 0x00007fffc1368000 	C:\windows\SYSTEM32\CRYPTSP.dll
0x00007fffc0a70000 - 0x00007fffc0aa4000 	C:\windows\system32\rsaenh.dll
0x00007fffc1dc0000 - 0x00007fffc1de7000 	C:\windows\System32\bcrypt.dll
0x00007fffc18b0000 - 0x00007fffc18de000 	C:\windows\SYSTEM32\USERENV.dll
0x00007fffc1370000 - 0x00007fffc137c000 	C:\windows\SYSTEM32\CRYPTBASE.dll
0x00007fffc0e00000 - 0x00007fffc0e3b000 	C:\windows\SYSTEM32\IPHLPAPI.DLL
0x00007fffc2630000 - 0x00007fffc2638000 	C:\windows\System32\NSI.dll
0x00007fffb56d0000 - 0x00007fffb56e7000 	C:\windows\SYSTEM32\dhcpcsvc6.DLL
0x00007fffb5920000 - 0x00007fffb593d000 	C:\windows\SYSTEM32\dhcpcsvc.DLL
0x00007fffc0e40000 - 0x00007fffc0f0c000 	C:\windows\SYSTEM32\DNSAPI.dll
0x00007fffba690000 - 0x00007fffba69b000 	C:\windows\SYSTEM32\WINNSI.DLL
0x00007fffc06a0000 - 0x00007fffc06d3000 	C:\windows\SYSTEM32\ntmarta.dll

dbghelp: loaded successfully - version: 4.0.5 - missing functions: none
symbol engine: initialized successfully - sym options: 0x614 - pdb path: .;C:\Program Files\Android\Android Studio\jre\bin;C:\windows\SYSTEM32;C:\windows\WinSxS\amd64_microsoft.windows.common-controls_6595b64144ccf1df_6.0.19041.1110_none_60b5254171f9507e;C:\Program Files\Android\Android Studio\jre\bin\server;D:\Workstation\Mdt-dev_Mdt-0.2.20201016\Mdt-dev_Mdt-0.2.20201016\.gradle\native\fdc75f09e3144964f2cf3f50f0aa648679c211496f362492102eb8c894070792\windows-amd64;D:\Workstation\Mdt-dev_Mdt-0.2.20201016\Mdt-dev_Mdt-0.2.20201016\.gradle\native\12488b8bf47d2d4c9fbf2f6322a914ad602e24e48041cd04a747c6da556b65c4\windows-amd64

VM Arguments:
jvm_args: --add-opens=java.base/java.util=ALL-UNNAMED --add-opens=java.base/java.lang=ALL-UNNAMED --add-opens=java.base/java.lang.invoke=ALL-UNNAMED --add-opens=java.prefs/java.util.prefs=ALL-UNNAMED -Xmx2048m -Dfile.encoding=UTF-8 -Duser.country=IN -Duser.language=en -Duser.variant 
java_command: org.gradle.launcher.daemon.bootstrap.GradleDaemon 6.7.1
java_class_path (initial): D:\Workstation\Mdt-dev_Mdt-0.2.20201016\Mdt-dev_Mdt-0.2.20201016\.gradle\wrapper\dists\gradle-6.7.1-bin\bwlcbys1h7rz3272sye1xwiv6\gradle-6.7.1\lib\gradle-launcher-6.7.1.jar
Launcher Type: SUN_STANDARD

[Global flags]
     intx CICompilerCount                          = 4                                         {product} {ergonomic}
     uint ConcGCThreads                            = 2                                         {product} {ergonomic}
     uint G1ConcRefinementThreads                  = 8                                         {product} {ergonomic}
   size_t G1HeapRegionSize                         = 1048576                                   {product} {ergonomic}
    uintx GCDrainStackTargetSize                   = 64                                        {product} {ergonomic}
   size_t InitialHeapSize                          = 266338304                                 {product} {ergonomic}
   size_t MarkStackSize                            = 4194304                                   {product} {ergonomic}
   size_t MaxHeapSize                              = 2147483648                                {product} {command line}
   size_t MaxNewSize                               = 1287651328                                {product} {ergonomic}
   size_t MinHeapDeltaBytes                        = 1048576                                   {product} {ergonomic}
    uintx NonNMethodCodeHeapSize                   = 5836300                                {pd product} {ergonomic}
    uintx NonProfiledCodeHeapSize                  = 122910970                              {pd product} {ergonomic}
    uintx ProfiledCodeHeapSize                     = 122910970                              {pd product} {ergonomic}
    uintx ReservedCodeCacheSize                    = 251658240                              {pd product} {ergonomic}
     bool SegmentedCodeCache                       = true                                      {product} {ergonomic}
     bool UseCompressedClassPointers               = true                                 {lp64_product} {ergonomic}
     bool UseCompressedOops                        = true                                 {lp64_product} {ergonomic}
     bool UseG1GC                                  = true                                      {product} {ergonomic}
     bool UseLargePagesIndividualAllocation        = false                                  {pd product} {ergonomic}

Logging:
Log output configuration:
 #0: stdout all=warning uptime,level,tags
 #1: stderr all=off uptime,level,tags

Environment Variables:
PATH=C:\windows\system32;C:\windows;C:\windows\System32\Wbem;C:\windows\System32\WindowsPowerShell\v1.0\;C:\windows\System32\OpenSSH\;C:\Program Files\Git\cmd;C:\Users\sudha\AppData\Local\Microsoft\WindowsApps;
USERNAME=sudha
OS=Windows_NT
PROCESSOR_IDENTIFIER=Intel64 Family 6 Model 140 Stepping 1, GenuineIntel



---------------  S Y S T E M  ---------------

OS: Windows 10 , 64 bit Build 19041 (10.0.19041.1202)
OS uptime: 0 days 1:32 hours

CPU:total 8 (initial active 8) (4 cores per cpu, 2 threads per core) family 6 model 140 stepping 1, cmov, cx8, fxsr, mmx, sse, sse2, sse3, ssse3, sse4.1, sse4.2, popcnt, avx, avx2, aes, clmul, erms, 3dnowpref, lzcnt, ht, tsc, tscinvbit, bmi1, bmi2, adx, evex, sha, fma

Memory: 4k page, system-wide physical 16149M (1161M free)
TotalPageFile size 16149M (AvailPageFile size 5M)
current process WorkingSet (physical memory assigned to process): 282M, peak: 282M
current process commit charge ("private bytes"): 463M, peak: 464M

vm_info: OpenJDK 64-Bit Server VM (11.0.8+10-b944.6842174) for windows-amd64 JRE (11.0.8+10-b944.6842174), built on Sep 19 2020 01:11:42 by "builder" with MS VC++ 14.0 (VS2015)

END.
