#
# There is insufficient memory for the Java Runtime Environment to continue.
# Native memory allocation (malloc) failed to allocate 1992816 bytes for Chunk::new
# Possible reasons:
#   The system is out of physical RAM or swap space
#   The process is running with CompressedOops enabled, and the Java Heap may be blocking the growth of the native heap
# Possible solutions:
#   Reduce memory load on the system
#   Increase physical memory or swap space
#   Check if swap backing store is full
#   Decrease Java heap size (-Xmx/-Xms)
#   Decrease number of Java threads
#   Decrease Java thread stack sizes (-Xss)
#   Set larger code cache with -XX:ReservedCodeCacheSize=
#   JVM is running with Unscaled Compressed Oops mode in which the Java heap is
#     placed in the first 4GB address space. The Java Heap base address is the
#     maximum limit for the native heap growth. Please use -XX:HeapBaseMinAddress
#     to set the Java Heap base and to place the Java Heap above 4GB virtual address.
# This output file may be truncated or incomplete.
#
#  Out of Memory Error (./src/hotspot/share/memory/arena.cpp:197), pid=16936, tid=448
#
# JRE version: OpenJDK Runtime Environment (11.0.8+10) (build 11.0.8+10-b944.6842174)
# Java VM: OpenJDK 64-Bit Server VM (11.0.8+10-b944.6842174, mixed mode, tiered, compressed oops, g1 gc, windows-amd64)
# No core dump will be written. Minidumps are not enabled by default on client versions of Windows
#

---------------  S U M M A R Y ------------

Command Line: --add-opens=java.base/java.util=ALL-UNNAMED --add-opens=java.base/java.lang=ALL-UNNAMED --add-opens=java.base/java.lang.invoke=ALL-UNNAMED --add-opens=java.prefs/java.util.prefs=ALL-UNNAMED -Xmx2048m -Dfile.encoding=UTF-8 -Duser.country=IN -Duser.language=en -Duser.variant org.gradle.launcher.daemon.bootstrap.GradleDaemon 6.7.1

Host: 11th Gen Intel(R) Core(TM) i5-1135G7 @ 2.40GHz, 8 cores, 15G,  Windows 10 , 64 bit Build 19041 (10.0.19041.1202)
Time: Fri Oct  1 22:26:18 2021 India Standard Time elapsed time: 6 seconds (0d 0h 0m 6s)

---------------  T H R E A D  ---------------

Current thread (0x0000023717290800):  JavaThread "C2 CompilerThread2" daemon [_thread_in_native, id=448, stack(0x000000b5a4200000,0x000000b5a4300000)]


Current CompileTask:
C2:   6637 4873       4       java.net.URLClassLoader$1::run (5 bytes)

Stack: [0x000000b5a4200000,0x000000b5a4300000]
Native frames: (J=compiled Java code, j=interpreted, Vv=VM code, C=native code)
V  [jvm.dll+0x5de50a]
V  [jvm.dll+0x7122f5]
V  [jvm.dll+0x71384d]
V  [jvm.dll+0x713f03]
V  [jvm.dll+0x23e728]
V  [jvm.dll+0xb899c]
V  [jvm.dll+0xb8e9c]
V  [jvm.dll+0x35020b]
V  [jvm.dll+0x31dea3]
V  [jvm.dll+0x31d39a]
V  [jvm.dll+0x1f7702]
V  [jvm.dll+0x1f68d4]
V  [jvm.dll+0x17f32c]
V  [jvm.dll+0x205047]
V  [jvm.dll+0x203891]
V  [jvm.dll+0x6dad3f]
V  [jvm.dll+0x6d3895]
V  [jvm.dll+0x5dd4a6]
C  [ucrtbase.dll+0x21bb2]
C  [KERNEL32.DLL+0x17034]
C  [ntdll.dll+0x52651]


---------------  P R O C E S S  ---------------

Threads class SMR info:
_java_thread_list=0x00000237170748b0, length=137, elements={
0x000002377810a000, 0x0000023713830800, 0x000002371383a000, 0x0000023713890800,
0x0000023713892000, 0x0000023713894000, 0x0000023713898800, 0x0000023713899800,
0x0000023713a0b000, 0x0000023713a14800, 0x00000237156a3000, 0x0000023713bd9800,
0x0000023716196000, 0x0000023716be2000, 0x0000023715abc800, 0x0000023715615800,
0x000002371507b000, 0x0000023713d17800, 0x00000237149d7800, 0x00000237144ac000,
0x0000023714ed9800, 0x000002371500b800, 0x0000023715009000, 0x000002371500b000,
0x000002371500a000, 0x0000023718804800, 0x0000023718802800, 0x0000023718803800,
0x0000023718809000, 0x0000023718807000, 0x0000023718807800, 0x0000023718805000,
0x0000023718808800, 0x000002371880b000, 0x0000023717290800, 0x000002371880a000,
0x000002371880b800, 0x0000023718806000, 0x000002371880f000, 0x000002371880c800,
0x0000023718810000, 0x000002371880d800, 0x0000023718810800, 0x000002371880e000,
0x0000023718811800, 0x000002371750f800, 0x0000023717510800, 0x000002371750f000,
0x0000023717511800, 0x0000023717512000, 0x0000023717513000, 0x000002371750d000,
0x000002371750e000, 0x0000023717518800, 0x0000023717514800, 0x0000023717515800,
0x0000023717516000, 0x0000023717519800, 0x0000023717517000, 0x000002371751a800,
0x0000023717518000, 0x000002371751b000, 0x000002371751c000, 0x0000023715d29000,
0x0000023715d2b800, 0x0000023715d2c000, 0x0000023715d2f800, 0x0000023715d2e800,
0x0000023715d2d000, 0x0000023715d2e000, 0x0000023715d2a000, 0x0000023715d2a800,
0x00000237167c6000, 0x00000237167cc800, 0x00000237167ca800, 0x00000237167cc000,
0x00000237167c8800, 0x00000237167c9800, 0x00000237167cb000, 0x00000237167c7000,
0x00000237167cd800, 0x00000237167c8000, 0x00000237167cf000, 0x00000237167d4000,
0x00000237167ce800, 0x00000237167d5000, 0x00000237167d2800, 0x00000237167d0000,
0x00000237167d1000, 0x00000237167d1800, 0x00000237167d3800, 0x0000023719026000,
0x0000023719020000, 0x0000023719024000, 0x0000023719022000, 0x0000023719022800,
0x0000023719025000, 0x0000023719023800, 0x0000023719026800, 0x0000023719021000,
0x0000023719027800, 0x000002371902d000, 0x000002371902e000, 0x000002371902b800,
0x000002371902a000, 0x0000023719028800, 0x000002371902c800, 0x000002371902f000,
0x0000023719029000, 0x000002371902b000, 0x0000023719035000, 0x0000023719034800,
0x0000023719036000, 0x0000023719030000, 0x0000023719032800, 0x0000023719033800,
0x0000023719036800, 0x0000023719031000, 0x0000023719032000, 0x000002371903b800,
0x000002371903c800, 0x000002371903b000, 0x000002371903d000, 0x0000023719039000,
0x0000023719037800, 0x000002371903e000, 0x0000023719038800, 0x000002371903f000,
0x000002371903a000, 0x0000023719505800, 0x0000023719506800, 0x0000023719504000,
0x0000023719509000, 0x0000023719503000, 0x0000023719509800, 0x0000023719507000,
0x0000023719508000
}

Java Threads: ( => current thread )
  0x000002377810a000 JavaThread "main" [_thread_blocked, id=5452, stack(0x000000b5a0f00000,0x000000b5a1000000)]
  0x0000023713830800 JavaThread "Reference Handler" daemon [_thread_blocked, id=6464, stack(0x000000b5a1600000,0x000000b5a1700000)]
  0x000002371383a000 JavaThread "Finalizer" daemon [_thread_blocked, id=10008, stack(0x000000b5a1700000,0x000000b5a1800000)]
  0x0000023713890800 JavaThread "Signal Dispatcher" daemon [_thread_blocked, id=5924, stack(0x000000b5a1800000,0x000000b5a1900000)]
  0x0000023713892000 JavaThread "Attach Listener" daemon [_thread_blocked, id=11748, stack(0x000000b5a1900000,0x000000b5a1a00000)]
  0x0000023713894000 JavaThread "C2 CompilerThread0" daemon [_thread_in_native, id=16348, stack(0x000000b5a1a00000,0x000000b5a1b00000)]
  0x0000023713898800 JavaThread "C1 CompilerThread0" daemon [_thread_blocked, id=14088, stack(0x000000b5a1b00000,0x000000b5a1c00000)]
  0x0000023713899800 JavaThread "Sweeper thread" daemon [_thread_blocked, id=4960, stack(0x000000b5a1c00000,0x000000b5a1d00000)]
  0x0000023713a0b000 JavaThread "Common-Cleaner" daemon [_thread_blocked, id=10404, stack(0x000000b5a1d00000,0x000000b5a1e00000)]
  0x0000023713a14800 JavaThread "Service Thread" daemon [_thread_blocked, id=15332, stack(0x000000b5a1e00000,0x000000b5a1f00000)]
  0x00000237156a3000 JavaThread "Daemon health stats" [_thread_blocked, id=3736, stack(0x000000b5a2700000,0x000000b5a2800000)]
  0x0000023713bd9800 JavaThread "C2 CompilerThread1" daemon [_thread_blocked, id=2024, stack(0x000000b5a2800000,0x000000b5a2900000)]
  0x0000023716196000 JavaThread "Incoming local TCP Connector on port 60824" [_thread_in_native, id=2916, stack(0x000000b5a2900000,0x000000b5a2a00000)]
  0x0000023716be2000 JavaThread "Daemon periodic checks" [_thread_blocked, id=7340, stack(0x000000b5a2a00000,0x000000b5a2b00000)]
  0x0000023715abc800 JavaThread "Daemon" [_thread_blocked, id=17260, stack(0x000000b5a2b00000,0x000000b5a2c00000)]
  0x0000023715615800 JavaThread "Handler for socket connection from /127.0.0.1:60824 to /127.0.0.1:60825" [_thread_in_native, id=6808, stack(0x000000b5a2c00000,0x000000b5a2d00000)]
  0x000002371507b000 JavaThread "Cancel handler" [_thread_blocked, id=2432, stack(0x000000b5a2d00000,0x000000b5a2e00000)]
  0x0000023713d17800 JavaThread "Daemon worker" [_thread_in_native, id=4844, stack(0x000000b5a2e00000,0x000000b5a2f00000)]
  0x00000237149d7800 JavaThread "Asynchronous log dispatcher for DefaultDaemonConnection: socket connection from /127.0.0.1:60824 to /127.0.0.1:60825" [_thread_blocked, id=8112, stack(0x000000b5a2f00000,0x000000b5a3000000)]
  0x00000237144ac000 JavaThread "Stdin handler" [_thread_blocked, id=1916, stack(0x000000b5a3000000,0x000000b5a3100000)]
  0x0000023714ed9800 JavaThread "Thread-8" [_thread_blocked, id=7144, stack(0x000000b5a3100000,0x000000b5a3200000)]
  0x000002371500b800 JavaThread "Cache worker for file hash cache (D:\Workstation\Mdt-dev_Mdt-0.2.20201016\Mdt-dev_Mdt-0.2.20201016\.gradle\caches\6.7.1\fileHashes)" [_thread_blocked, id=10712, stack(0x000000b5a3200000,0x000000b5a3300000)]
  0x0000023715009000 JavaThread "File lock request listener" [_thread_in_native, id=15868, stack(0x000000b5a3300000,0x000000b5a3400000)]
  0x000002371500b000 JavaThread "Cache worker for journal cache (D:\Workstation\Mdt-dev_Mdt-0.2.20201016\Mdt-dev_Mdt-0.2.20201016\.gradle\caches\journal-1)" [_thread_blocked, id=2232, stack(0x000000b5a3700000,0x000000b5a3800000)]
  0x000002371500a000 JavaThread "Cache worker for file hash cache (E:\Hj_Workstaion_Andriod_Learning\GetRetrofitAPI\.gradle\6.7.1\fileHashes)" [_thread_blocked, id=17400, stack(0x000000b5a3800000,0x000000b5a3900000)]
  0x0000023718804800 JavaThread "jar transforms" [_thread_blocked, id=2492, stack(0x000000b5a3900000,0x000000b5a3a00000)]
  0x0000023718802800 JavaThread "jar transforms Thread 2" [_thread_blocked, id=10912, stack(0x000000b5a3a00000,0x000000b5a3b00000)]
  0x0000023718803800 JavaThread "jar transforms Thread 3" [_thread_blocked, id=14808, stack(0x000000b5a3b00000,0x000000b5a3c00000)]
  0x0000023718809000 JavaThread "jar transforms Thread 4" [_thread_blocked, id=1528, stack(0x000000b5a3c00000,0x000000b5a3d00000)]
  0x0000023718807000 JavaThread "jar transforms Thread 5" [_thread_blocked, id=14512, stack(0x000000b5a3d00000,0x000000b5a3e00000)]
  0x0000023718807800 JavaThread "jar transforms Thread 6" [_thread_blocked, id=2708, stack(0x000000b5a3e00000,0x000000b5a3f00000)]
  0x0000023718805000 JavaThread "jar transforms Thread 7" [_thread_blocked, id=14344, stack(0x000000b5a3f00000,0x000000b5a4000000)]
  0x0000023718808800 JavaThread "jar transforms Thread 8" [_thread_blocked, id=17712, stack(0x000000b5a4000000,0x000000b5a4100000)]
  0x000002371880b000 JavaThread "jar transforms Thread 9" [_thread_blocked, id=17228, stack(0x000000b5a4100000,0x000000b5a4200000)]
=>0x0000023717290800 JavaThread "C2 CompilerThread2" daemon [_thread_in_native, id=448, stack(0x000000b5a4200000,0x000000b5a4300000)]
  0x000002371880a000 JavaThread "jar transforms Thread 10" [_thread_blocked, id=6460, stack(0x000000b5a4300000,0x000000b5a4400000)]
  0x000002371880b800 JavaThread "jar transforms Thread 11" [_thread_blocked, id=11712, stack(0x000000b5a4400000,0x000000b5a4500000)]
  0x0000023718806000 JavaThread "jar transforms Thread 12" [_thread_blocked, id=8484, stack(0x000000b5a4500000,0x000000b5a4600000)]
  0x000002371880f000 JavaThread "jar transforms Thread 13" [_thread_blocked, id=5712, stack(0x000000b5a4600000,0x000000b5a4700000)]
  0x000002371880c800 JavaThread "jar transforms Thread 14" [_thread_blocked, id=11604, stack(0x000000b5a4700000,0x000000b5a4800000)]
  0x0000023718810000 JavaThread "jar transforms Thread 15" [_thread_blocked, id=3508, stack(0x000000b5a4800000,0x000000b5a4900000)]
  0x000002371880d800 JavaThread "jar transforms Thread 16" [_thread_blocked, id=16644, stack(0x000000b5a4900000,0x000000b5a4a00000)]
  0x0000023718810800 JavaThread "jar transforms Thread 17" [_thread_blocked, id=6244, stack(0x000000b5a4a00000,0x000000b5a4b00000)]
  0x000002371880e000 JavaThread "jar transforms Thread 18" [_thread_blocked, id=12544, stack(0x000000b5a4b00000,0x000000b5a4c00000)]
  0x0000023718811800 JavaThread "jar transforms Thread 19" [_thread_blocked, id=16624, stack(0x000000b5a4c00000,0x000000b5a4d00000)]
  0x000002371750f800 JavaThread "jar transforms Thread 20" [_thread_blocked, id=5256, stack(0x000000b5a4d00000,0x000000b5a4e00000)]
  0x0000023717510800 JavaThread "jar transforms Thread 21" [_thread_blocked, id=12396, stack(0x000000b5a4e00000,0x000000b5a4f00000)]
  0x000002371750f000 JavaThread "Cache worker for checksums cache (E:\Hj_Workstaion_Andriod_Learning\GetRetrofitAPI\.gradle\checksums)" [_thread_blocked, id=1632, stack(0x000000b5a4f00000,0x000000b5a5000000)]
  0x0000023717511800 JavaThread "Cache worker for cache directory md-supplier (D:\Workstation\Mdt-dev_Mdt-0.2.20201016\Mdt-dev_Mdt-0.2.20201016\.gradle\caches\6.7.1\md-supplier)" [_thread_blocked, id=10540, stack(0x000000b5a5000000,0x000000b5a5100000)]
  0x0000023717512000 JavaThread "Cache worker for cache directory md-rule (D:\Workstation\Mdt-dev_Mdt-0.2.20201016\Mdt-dev_Mdt-0.2.20201016\.gradle\caches\6.7.1\md-rule)" [_thread_blocked, id=14956, stack(0x000000b5a5100000,0x000000b5a5200000)]
  0x0000023717513000 JavaThread "Cache worker for execution history cache (D:\Workstation\Mdt-dev_Mdt-0.2.20201016\Mdt-dev_Mdt-0.2.20201016\.gradle\caches\6.7.1\executionHistory)" [_thread_blocked, id=11340, stack(0x000000b5a5200000,0x000000b5a5300000)]
  0x000002371750d000 JavaThread "Cache worker for file content cache (D:\Workstation\Mdt-dev_Mdt-0.2.20201016\Mdt-dev_Mdt-0.2.20201016\.gradle\caches\6.7.1\fileContent)" [_thread_blocked, id=14928, stack(0x000000b5a5300000,0x000000b5a5400000)]
  0x000002371750e000 JavaThread "Cache worker for Build Output Cleanup Cache (E:\Hj_Workstaion_Andriod_Learning\GetRetrofitAPI\.gradle\buildOutputCleanup)" [_thread_blocked, id=13920, stack(0x000000b5a5400000,0x000000b5a5500000)]
  0x0000023717518800 JavaThread "Build operations" [_thread_blocked, id=3532, stack(0x000000b5a5500000,0x000000b5a5600000)]
  0x0000023717514800 JavaThread "Build operations Thread 2" [_thread_blocked, id=18428, stack(0x000000b5a5600000,0x000000b5a5700000)]
  0x0000023717515800 JavaThread "Build operations Thread 3" [_thread_blocked, id=15648, stack(0x000000b5a5700000,0x000000b5a5800000)]
  0x0000023717516000 JavaThread "Build operations Thread 4" [_thread_blocked, id=7484, stack(0x000000b5a5800000,0x000000b5a5900000)]
  0x0000023717519800 JavaThread "Build operations Thread 5" [_thread_blocked, id=15800, stack(0x000000b5a5900000,0x000000b5a5a00000)]
  0x0000023717517000 JavaThread "Build operations Thread 6" [_thread_blocked, id=12364, stack(0x000000b5a5a00000,0x000000b5a5b00000)]
  0x000002371751a800 JavaThread "Build operations Thread 7" [_thread_blocked, id=2284, stack(0x000000b5a5b00000,0x000000b5a5c00000)]
  0x0000023717518000 JavaThread "Build operations Thread 8" [_thread_blocked, id=3536, stack(0x000000b5a5c00000,0x000000b5a5d00000)]
  0x000002371751b000 JavaThread "jar transforms Thread 22" [_thread_blocked, id=4180, stack(0x000000b5a5d00000,0x000000b5a5e00000)]
  0x000002371751c000 JavaThread "jar transforms Thread 23" [_thread_blocked, id=4536, stack(0x000000b5a5e00000,0x000000b5a5f00000)]
  0x0000023715d29000 JavaThread "jar transforms Thread 24" [_thread_blocked, id=3568, stack(0x000000b5a5f00000,0x000000b5a6000000)]
  0x0000023715d2b800 JavaThread "jar transforms Thread 25" [_thread_blocked, id=3356, stack(0x000000b5a6000000,0x000000b5a6100000)]
  0x0000023715d2c000 JavaThread "jar transforms Thread 26" [_thread_blocked, id=4300, stack(0x000000b5a6100000,0x000000b5a6200000)]
  0x0000023715d2f800 JavaThread "jar transforms Thread 27" [_thread_blocked, id=15068, stack(0x000000b5a6200000,0x000000b5a6300000)]
  0x0000023715d2e800 JavaThread "jar transforms Thread 28" [_thread_blocked, id=16760, stack(0x000000b5a6300000,0x000000b5a6400000)]
  0x0000023715d2d000 JavaThread "jar transforms Thread 29" [_thread_blocked, id=8124, stack(0x000000b5a6400000,0x000000b5a6500000)]
  0x0000023715d2e000 JavaThread "jar transforms Thread 30" [_thread_blocked, id=13684, stack(0x000000b5a6500000,0x000000b5a6600000)]
  0x0000023715d2a000 JavaThread "jar transforms Thread 31" [_thread_blocked, id=6124, stack(0x000000b5a6600000,0x000000b5a6700000)]
  0x0000023715d2a800 JavaThread "jar transforms Thread 32" [_thread_blocked, id=6872, stack(0x000000b5a6700000,0x000000b5a6800000)]
  0x00000237167c6000 JavaThread "jar transforms Thread 33" [_thread_blocked, id=1920, stack(0x000000b5a6800000,0x000000b5a6900000)]
  0x00000237167cc800 JavaThread "jar transforms Thread 34" [_thread_blocked, id=11824, stack(0x000000b5a6900000,0x000000b5a6a00000)]
  0x00000237167ca800 JavaThread "jar transforms Thread 35" [_thread_blocked, id=18060, stack(0x000000b5a6a00000,0x000000b5a6b00000)]
  0x00000237167cc000 JavaThread "jar transforms Thread 36" [_thread_blocked, id=9828, stack(0x000000b5a6b00000,0x000000b5a6c00000)]
  0x00000237167c8800 JavaThread "jar transforms Thread 37" [_thread_blocked, id=2676, stack(0x000000b5a6c00000,0x000000b5a6d00000)]
  0x00000237167c9800 JavaThread "jar transforms Thread 38" [_thread_blocked, id=1124, stack(0x000000b5a6d00000,0x000000b5a6e00000)]
  0x00000237167cb000 JavaThread "jar transforms Thread 39" [_thread_blocked, id=15280, stack(0x000000b5a6e00000,0x000000b5a6f00000)]
  0x00000237167c7000 JavaThread "jar transforms Thread 40" [_thread_blocked, id=3348, stack(0x000000b5a6f00000,0x000000b5a7000000)]
  0x00000237167cd800 JavaThread "jar transforms Thread 41" [_thread_blocked, id=656, stack(0x000000b5a7000000,0x000000b5a7100000)]
  0x00000237167c8000 JavaThread "jar transforms Thread 42" [_thread_blocked, id=6764, stack(0x000000b5a7100000,0x000000b5a7200000)]
  0x00000237167cf000 JavaThread "jar transforms Thread 43" [_thread_blocked, id=16744, stack(0x000000b5a7200000,0x000000b5a7300000)]
  0x00000237167d4000 JavaThread "jar transforms Thread 44" [_thread_blocked, id=5148, stack(0x000000b5a7300000,0x000000b5a7400000)]
  0x00000237167ce800 JavaThread "jar transforms Thread 45" [_thread_blocked, id=14296, stack(0x000000b5a7400000,0x000000b5a7500000)]
  0x00000237167d5000 JavaThread "jar transforms Thread 46" [_thread_blocked, id=5968, stack(0x000000b5a7500000,0x000000b5a7600000)]
  0x00000237167d2800 JavaThread "jar transforms Thread 47" [_thread_blocked, id=16136, stack(0x000000b5a7600000,0x000000b5a7700000)]
  0x00000237167d0000 JavaThread "jar transforms Thread 48" [_thread_blocked, id=14408, stack(0x000000b5a7700000,0x000000b5a7800000)]
  0x00000237167d1000 JavaThread "jar transforms Thread 49" [_thread_blocked, id=14752, stack(0x000000b5a7800000,0x000000b5a7900000)]
  0x00000237167d1800 JavaThread "jar transforms Thread 50" [_thread_blocked, id=5052, stack(0x000000b5a7900000,0x000000b5a7a00000)]
  0x00000237167d3800 JavaThread "jar transforms Thread 51" [_thread_blocked, id=14300, stack(0x000000b5a7a00000,0x000000b5a7b00000)]
  0x0000023719026000 JavaThread "jar transforms Thread 52" [_thread_blocked, id=3692, stack(0x000000b5a7b00000,0x000000b5a7c00000)]
  0x0000023719020000 JavaThread "jar transforms Thread 53" [_thread_blocked, id=2072, stack(0x000000b5a7c00000,0x000000b5a7d00000)]
  0x0000023719024000 JavaThread "jar transforms Thread 54" [_thread_blocked, id=4580, stack(0x000000b5a7d00000,0x000000b5a7e00000)]
  0x0000023719022000 JavaThread "jar transforms Thread 55" [_thread_blocked, id=7204, stack(0x000000b5a7e00000,0x000000b5a7f00000)]
  0x0000023719022800 JavaThread "jar transforms Thread 56" [_thread_blocked, id=8444, stack(0x000000b5a7f00000,0x000000b5a8000000)]
  0x0000023719025000 JavaThread "jar transforms Thread 57" [_thread_blocked, id=17748, stack(0x000000b5a8000000,0x000000b5a8100000)]
  0x0000023719023800 JavaThread "jar transforms Thread 58" [_thread_blocked, id=16028, stack(0x000000b5a8100000,0x000000b5a8200000)]
  0x0000023719026800 JavaThread "jar transforms Thread 59" [_thread_blocked, id=6748, stack(0x000000b5a8200000,0x000000b5a8300000)]
  0x0000023719021000 JavaThread "jar transforms Thread 60" [_thread_blocked, id=3352, stack(0x000000b5a8300000,0x000000b5a8400000)]
  0x0000023719027800 JavaThread "jar transforms Thread 61" [_thread_blocked, id=5728, stack(0x000000b5a8400000,0x000000b5a8500000)]
  0x000002371902d000 JavaThread "jar transforms Thread 62" [_thread_blocked, id=5836, stack(0x000000b5a8500000,0x000000b5a8600000)]
  0x000002371902e000 JavaThread "jar transforms Thread 63" [_thread_blocked, id=13112, stack(0x000000b5a8600000,0x000000b5a8700000)]
  0x000002371902b800 JavaThread "jar transforms Thread 64" [_thread_blocked, id=16240, stack(0x000000b5a8700000,0x000000b5a8800000)]
  0x000002371902a000 JavaThread "jar transforms Thread 65" [_thread_blocked, id=14500, stack(0x000000b5a8800000,0x000000b5a8900000)]
  0x0000023719028800 JavaThread "jar transforms Thread 66" [_thread_blocked, id=980, stack(0x000000b5a8900000,0x000000b5a8a00000)]
  0x000002371902c800 JavaThread "jar transforms Thread 67" [_thread_blocked, id=17264, stack(0x000000b5a8a00000,0x000000b5a8b00000)]
  0x000002371902f000 JavaThread "jar transforms Thread 68" [_thread_blocked, id=1320, stack(0x000000b5a8b00000,0x000000b5a8c00000)]
  0x0000023719029000 JavaThread "jar transforms Thread 69" [_thread_blocked, id=11208, stack(0x000000b5a8c00000,0x000000b5a8d00000)]
  0x000002371902b000 JavaThread "jar transforms Thread 70" [_thread_blocked, id=11968, stack(0x000000b5a8d00000,0x000000b5a8e00000)]
  0x0000023719035000 JavaThread "jar transforms Thread 71" [_thread_blocked, id=10244, stack(0x000000b5a8e00000,0x000000b5a8f00000)]
  0x0000023719034800 JavaThread "jar transforms Thread 72" [_thread_blocked, id=4840, stack(0x000000b5a8f00000,0x000000b5a9000000)]
  0x0000023719036000 JavaThread "jar transforms Thread 73" [_thread_blocked, id=4128, stack(0x000000b5a9000000,0x000000b5a9100000)]
  0x0000023719030000 JavaThread "jar transforms Thread 74" [_thread_blocked, id=2900, stack(0x000000b5a9100000,0x000000b5a9200000)]
  0x0000023719032800 JavaThread "jar transforms Thread 75" [_thread_blocked, id=1340, stack(0x000000b5a9200000,0x000000b5a9300000)]
  0x0000023719033800 JavaThread "jar transforms Thread 76" [_thread_blocked, id=13844, stack(0x000000b5a9300000,0x000000b5a9400000)]
  0x0000023719036800 JavaThread "jar transforms Thread 77" [_thread_blocked, id=9600, stack(0x000000b5a9400000,0x000000b5a9500000)]
  0x0000023719031000 JavaThread "jar transforms Thread 78" [_thread_blocked, id=16120, stack(0x000000b5a9500000,0x000000b5a9600000)]
  0x0000023719032000 JavaThread "jar transforms Thread 79" [_thread_blocked, id=7680, stack(0x000000b5a9600000,0x000000b5a9700000)]
  0x000002371903b800 JavaThread "jar transforms Thread 80" [_thread_blocked, id=6260, stack(0x000000b5a9700000,0x000000b5a9800000)]
  0x000002371903c800 JavaThread "jar transforms Thread 81" [_thread_blocked, id=16556, stack(0x000000b5a9800000,0x000000b5a9900000)]
  0x000002371903b000 JavaThread "jar transforms Thread 82" [_thread_blocked, id=3004, stack(0x000000b5a9900000,0x000000b5a9a00000)]
  0x000002371903d000 JavaThread "jar transforms Thread 83" [_thread_blocked, id=13480, stack(0x000000b5a9a00000,0x000000b5a9b00000)]
  0x0000023719039000 JavaThread "jar transforms Thread 84" [_thread_blocked, id=16304, stack(0x000000b5a9b00000,0x000000b5a9c00000)]
  0x0000023719037800 JavaThread "jar transforms Thread 85" [_thread_blocked, id=11924, stack(0x000000b5a9c00000,0x000000b5a9d00000)]
  0x000002371903e000 JavaThread "jar transforms Thread 86" [_thread_blocked, id=4744, stack(0x000000b5a9d00000,0x000000b5a9e00000)]
  0x0000023719038800 JavaThread "jar transforms Thread 87" [_thread_blocked, id=8860, stack(0x000000b5a9e00000,0x000000b5a9f00000)]
  0x000002371903f000 JavaThread "jar transforms Thread 88" [_thread_blocked, id=3920, stack(0x000000b5a9f00000,0x000000b5aa000000)]
  0x000002371903a000 JavaThread "jar transforms Thread 89" [_thread_blocked, id=1452, stack(0x000000b5aa000000,0x000000b5aa100000)]
  0x0000023719505800 JavaThread "jar transforms Thread 90" [_thread_blocked, id=15288, stack(0x000000b5aa100000,0x000000b5aa200000)]
  0x0000023719506800 JavaThread "jar transforms Thread 91" [_thread_blocked, id=14796, stack(0x000000b5aa200000,0x000000b5aa300000)]
  0x0000023719504000 JavaThread "jar transforms Thread 92" [_thread_blocked, id=10984, stack(0x000000b5aa300000,0x000000b5aa400000)]
  0x0000023719509000 JavaThread "jar transforms Thread 93" [_thread_blocked, id=12984, stack(0x000000b5aa400000,0x000000b5aa500000)]
  0x0000023719503000 JavaThread "jar transforms Thread 94" [_thread_blocked, id=11836, stack(0x000000b5aa500000,0x000000b5aa600000)]
  0x0000023719509800 JavaThread "jar transforms Thread 95" [_thread_blocked, id=1352, stack(0x000000b5aa600000,0x000000b5aa700000)]
  0x0000023719507000 JavaThread "jar transforms Thread 96" [_thread_blocked, id=2684, stack(0x000000b5aa700000,0x000000b5aa800000)]
  0x0000023719508000 JavaThread "jar transforms Thread 97" [_thread_blocked, id=16900, stack(0x000000b5aa800000,0x000000b5aa900000)]

Other Threads:
  0x000002371382c800 VMThread "VM Thread" [stack: 0x000000b5a1500000,0x000000b5a1600000] [id=12836]
  0x0000023713a15800 WatcherThread [stack: 0x000000b5a1f00000,0x000000b5a2000000] [id=3500]
  0x0000023778122800 GCTaskThread "GC Thread#0" [stack: 0x000000b5a1000000,0x000000b5a1100000] [id=14068]
  0x00000237142d2800 GCTaskThread "GC Thread#1" [stack: 0x000000b5a2100000,0x000000b5a2200000] [id=8320]
  0x00000237142d3800 GCTaskThread "GC Thread#2" [stack: 0x000000b5a2200000,0x000000b5a2300000] [id=17096]
  0x000002371462d800 GCTaskThread "GC Thread#3" [stack: 0x000000b5a2300000,0x000000b5a2400000] [id=11744]
  0x0000023714474800 GCTaskThread "GC Thread#4" [stack: 0x000000b5a2400000,0x000000b5a2500000] [id=12616]
  0x0000023714475800 GCTaskThread "GC Thread#5" [stack: 0x000000b5a2500000,0x000000b5a2600000] [id=17180]
  0x0000023715ab1000 GCTaskThread "GC Thread#6" [stack: 0x000000b5a3400000,0x000000b5a3500000] [id=16976]
  0x000002371601d800 GCTaskThread "GC Thread#7" [stack: 0x000000b5a3500000,0x000000b5a3600000] [id=12736]
  0x0000023778152800 ConcurrentGCThread "G1 Main Marker" [stack: 0x000000b5a1100000,0x000000b5a1200000] [id=9952]
  0x0000023778155000 ConcurrentGCThread "G1 Conc#0" [stack: 0x000000b5a1200000,0x000000b5a1300000] [id=4520]
  0x000002371429f000 ConcurrentGCThread "G1 Conc#1" [stack: 0x000000b5a3600000,0x000000b5a3700000] [id=15664]
  0x000002377fa96800 ConcurrentGCThread "G1 Refine#0" [stack: 0x000000b5a1300000,0x000000b5a1400000] [id=15824]
  0x000002377fa97000 ConcurrentGCThread "G1 Young RemSet Sampling" [stack: 0x000000b5a1400000,0x000000b5a1500000] [id=15924]

Threads with active compile tasks:
C2 CompilerThread0   6653 4980       4       java.lang.invoke.MethodType::makeImpl (108 bytes)
C2 CompilerThread2   6653 4873       4       java.net.URLClassLoader$1::run (5 bytes)

VM state:not at safepoint (normal execution)

VM Mutex/Monitor currently owned by a thread: None

Heap address: 0x0000000080000000, size: 2048 MB, Compressed Oops mode: 32-bit
Narrow klass base: 0x0000000000000000, Narrow klass shift: 3
Compressed class space size: 1073741824 Address: 0x0000000100000000

Heap:
 garbage-first heap   total 260096K, used 146834K [0x0000000080000000, 0x0000000100000000)
  region size 1024K, 106 young (108544K), 12 survivors (12288K)
 Metaspace       used 50456K, capacity 51990K, committed 52224K, reserved 1095680K
  class space    used 6416K, capacity 6865K, committed 6912K, reserved 1048576K
Heap Regions: E=young(eden), S=young(survivor), O=old, HS=humongous(starts), HC=humongous(continues), CS=collection set, F=free, A=archive, TAMS=top-at-mark-start (previous, next)
|   0|0x0000000080000000, 0x0000000080100000, 0x0000000080100000|100%|HS|  |TAMS 0x0000000080100000, 0x0000000080000000| Complete 
|   1|0x0000000080100000, 0x0000000080200000, 0x0000000080200000|100%|HC|  |TAMS 0x0000000080200000, 0x0000000080100000| Complete 
|   2|0x0000000080200000, 0x0000000080300000, 0x0000000080300000|100%| O|  |TAMS 0x0000000080300000, 0x0000000080200000| Untracked 
|   3|0x0000000080300000, 0x0000000080400000, 0x0000000080400000|100%|HS|  |TAMS 0x0000000080400000, 0x0000000080300000| Complete 
|   4|0x0000000080400000, 0x0000000080500000, 0x0000000080500000|100%|HC|  |TAMS 0x0000000080500000, 0x0000000080400000| Complete 
|   5|0x0000000080500000, 0x0000000080600000, 0x0000000080600000|100%|HC|  |TAMS 0x0000000080600000, 0x0000000080500000| Complete 
|   6|0x0000000080600000, 0x0000000080700000, 0x0000000080700000|100%| O|  |TAMS 0x0000000080700000, 0x0000000080600000| Untracked 
|   7|0x0000000080700000, 0x0000000080800000, 0x0000000080800000|100%| O|  |TAMS 0x0000000080800000, 0x0000000080700000| Untracked 
|   8|0x0000000080800000, 0x0000000080900000, 0x0000000080900000|100%| O|  |TAMS 0x0000000080900000, 0x0000000080800000| Untracked 
|   9|0x0000000080900000, 0x0000000080a00000, 0x0000000080a00000|100%|HS|  |TAMS 0x0000000080a00000, 0x0000000080900000| Complete 
|  10|0x0000000080a00000, 0x0000000080b00000, 0x0000000080b00000|100%|HC|  |TAMS 0x0000000080b00000, 0x0000000080a00000| Complete 
|  11|0x0000000080b00000, 0x0000000080c00000, 0x0000000080c00000|100%|HC|  |TAMS 0x0000000080c00000, 0x0000000080b00000| Complete 
|  12|0x0000000080c00000, 0x0000000080d00000, 0x0000000080d00000|100%|HS|  |TAMS 0x0000000080d00000, 0x0000000080c00000| Complete 
|  13|0x0000000080d00000, 0x0000000080e00000, 0x0000000080e00000|100%|HC|  |TAMS 0x0000000080e00000, 0x0000000080d00000| Complete 
|  14|0x0000000080e00000, 0x0000000080f00000, 0x0000000080f00000|100%|HC|  |TAMS 0x0000000080f00000, 0x0000000080e00000| Complete 
|  15|0x0000000080f00000, 0x0000000081000000, 0x0000000081000000|100%|HC|  |TAMS 0x0000000081000000, 0x0000000080f00000| Complete 
|  16|0x0000000081000000, 0x0000000081100000, 0x0000000081100000|100%| O|  |TAMS 0x0000000081100000, 0x0000000081000000| Untracked 
|  17|0x0000000081100000, 0x0000000081200000, 0x0000000081200000|100%| O|  |TAMS 0x0000000081200000, 0x0000000081100000| Untracked 
|  18|0x0000000081200000, 0x0000000081300000, 0x0000000081300000|100%| O|  |TAMS 0x0000000081300000, 0x0000000081200000| Untracked 
|  19|0x0000000081300000, 0x0000000081400000, 0x0000000081400000|100%| O|  |TAMS 0x0000000081400000, 0x0000000081300000| Untracked 
|  20|0x0000000081400000, 0x0000000081500000, 0x0000000081500000|100%| O|  |TAMS 0x0000000081500000, 0x0000000081400000| Untracked 
|  21|0x0000000081500000, 0x0000000081600000, 0x0000000081600000|100%| O|  |TAMS 0x0000000081600000, 0x0000000081500000| Untracked 
|  22|0x0000000081600000, 0x0000000081700000, 0x0000000081700000|100%| O|  |TAMS 0x0000000081700000, 0x0000000081600000| Untracked 
|  23|0x0000000081700000, 0x0000000081800000, 0x0000000081800000|100%| O|  |TAMS 0x0000000081800000, 0x0000000081700000| Untracked 
|  24|0x0000000081800000, 0x0000000081900000, 0x0000000081900000|100%| O|  |TAMS 0x0000000081897000, 0x0000000081800000| Untracked 
|  25|0x0000000081900000, 0x0000000081a00000, 0x0000000081a00000|100%|HS|  |TAMS 0x0000000081900000, 0x0000000081900000| Complete 
|  26|0x0000000081a00000, 0x0000000081b00000, 0x0000000081b00000|100%|HS|  |TAMS 0x0000000081a00000, 0x0000000081a00000| Complete 
|  27|0x0000000081b00000, 0x0000000081c00000, 0x0000000081c00000|100%|HC|  |TAMS 0x0000000081b00000, 0x0000000081b00000| Complete 
|  28|0x0000000081c00000, 0x0000000081d00000, 0x0000000081d00000|100%|HS|  |TAMS 0x0000000081c00000, 0x0000000081c00000| Complete 
|  29|0x0000000081d00000, 0x0000000081e00000, 0x0000000081e00000|100%|HC|  |TAMS 0x0000000081d00000, 0x0000000081d00000| Complete 
|  30|0x0000000081e00000, 0x0000000081f00000, 0x0000000081f00000|100%|HC|  |TAMS 0x0000000081e00000, 0x0000000081e00000| Complete 
|  31|0x0000000081f00000, 0x0000000082000000, 0x0000000082000000|100%|HC|  |TAMS 0x0000000081f00000, 0x0000000081f00000| Complete 
|  32|0x0000000082000000, 0x0000000082100000, 0x0000000082100000|100%|HS|  |TAMS 0x0000000082000000, 0x0000000082000000| Complete 
|  33|0x0000000082100000, 0x0000000082200000, 0x0000000082200000|100%|HC|  |TAMS 0x0000000082100000, 0x0000000082100000| Complete 
|  34|0x0000000082200000, 0x0000000082300000, 0x0000000082300000|100%|HC|  |TAMS 0x0000000082200000, 0x0000000082200000| Complete 
|  35|0x0000000082300000, 0x0000000082300000, 0x0000000082400000|  0%| F|  |TAMS 0x0000000082300000, 0x0000000082300000| Untracked 
|  36|0x0000000082400000, 0x0000000082500000, 0x0000000082500000|100%| O|  |TAMS 0x0000000082400000, 0x0000000082400000| Untracked 
|  37|0x0000000082500000, 0x0000000082600000, 0x0000000082600000|100%| O|  |TAMS 0x0000000082500000, 0x0000000082500000| Untracked 
|  38|0x0000000082600000, 0x0000000082700000, 0x0000000082700000|100%| O|  |TAMS 0x0000000082600000, 0x0000000082600000| Untracked 
|  39|0x0000000082700000, 0x0000000082800000, 0x0000000082800000|100%| O|  |TAMS 0x0000000082700000, 0x0000000082700000| Untracked 
|  40|0x0000000082800000, 0x00000000828bd400, 0x0000000082900000| 73%| O|  |TAMS 0x0000000082800000, 0x0000000082800000| Untracked 
|  41|0x0000000082900000, 0x0000000082900000, 0x0000000082a00000|  0%| F|  |TAMS 0x0000000082900000, 0x0000000082900000| Untracked 
|  42|0x0000000082a00000, 0x0000000082a00000, 0x0000000082b00000|  0%| F|  |TAMS 0x0000000082a00000, 0x0000000082a00000| Untracked 
|  43|0x0000000082b00000, 0x0000000082b00000, 0x0000000082c00000|  0%| F|  |TAMS 0x0000000082b00000, 0x0000000082b00000| Untracked 
|  44|0x0000000082c00000, 0x0000000082c00000, 0x0000000082d00000|  0%| F|  |TAMS 0x0000000082c00000, 0x0000000082c00000| Untracked 
|  45|0x0000000082d00000, 0x0000000082d00000, 0x0000000082e00000|  0%| F|  |TAMS 0x0000000082d00000, 0x0000000082d00000| Untracked 
|  46|0x0000000082e00000, 0x0000000082e00000, 0x0000000082f00000|  0%| F|  |TAMS 0x0000000082e00000, 0x0000000082e00000| Untracked 
|  47|0x0000000082f00000, 0x0000000082f00000, 0x0000000083000000|  0%| F|  |TAMS 0x0000000082f00000, 0x0000000082f00000| Untracked 
|  48|0x0000000083000000, 0x0000000083000000, 0x0000000083100000|  0%| F|  |TAMS 0x0000000083000000, 0x0000000083000000| Untracked 
|  49|0x0000000083100000, 0x0000000083100000, 0x0000000083200000|  0%| F|  |TAMS 0x0000000083100000, 0x0000000083100000| Untracked 
|  50|0x0000000083200000, 0x0000000083200000, 0x0000000083300000|  0%| F|  |TAMS 0x0000000083200000, 0x0000000083200000| Untracked 
|  51|0x0000000083300000, 0x0000000083300000, 0x0000000083400000|  0%| F|  |TAMS 0x0000000083300000, 0x0000000083300000| Untracked 
|  52|0x0000000083400000, 0x0000000083400000, 0x0000000083500000|  0%| F|  |TAMS 0x0000000083400000, 0x0000000083400000| Untracked 
|  53|0x0000000083500000, 0x0000000083500000, 0x0000000083600000|  0%| F|  |TAMS 0x0000000083500000, 0x0000000083500000| Untracked 
|  54|0x0000000083600000, 0x0000000083600000, 0x0000000083700000|  0%| F|  |TAMS 0x0000000083600000, 0x0000000083600000| Untracked 
|  55|0x0000000083700000, 0x0000000083700000, 0x0000000083800000|  0%| F|  |TAMS 0x0000000083700000, 0x0000000083700000| Untracked 
|  56|0x0000000083800000, 0x0000000083800000, 0x0000000083900000|  0%| F|  |TAMS 0x0000000083800000, 0x0000000083800000| Untracked 
|  57|0x0000000083900000, 0x0000000083900000, 0x0000000083a00000|  0%| F|  |TAMS 0x0000000083900000, 0x0000000083900000| Untracked 
|  58|0x0000000083a00000, 0x0000000083a00000, 0x0000000083b00000|  0%| F|  |TAMS 0x0000000083a00000, 0x0000000083a00000| Untracked 
|  59|0x0000000083b00000, 0x0000000083b00000, 0x0000000083c00000|  0%| F|  |TAMS 0x0000000083b00000, 0x0000000083b00000| Untracked 
|  60|0x0000000083c00000, 0x0000000083c00000, 0x0000000083d00000|  0%| F|  |TAMS 0x0000000083c00000, 0x0000000083c00000| Untracked 
|  61|0x0000000083d00000, 0x0000000083d00000, 0x0000000083e00000|  0%| F|  |TAMS 0x0000000083d00000, 0x0000000083d00000| Untracked 
|  62|0x0000000083e00000, 0x0000000083e00000, 0x0000000083f00000|  0%| F|  |TAMS 0x0000000083e00000, 0x0000000083e00000| Untracked 
|  63|0x0000000083f00000, 0x0000000083f00000, 0x0000000084000000|  0%| F|  |TAMS 0x0000000083f00000, 0x0000000083f00000| Untracked 
|  64|0x0000000084000000, 0x0000000084000000, 0x0000000084100000|  0%| F|  |TAMS 0x0000000084000000, 0x0000000084000000| Untracked 
|  65|0x0000000084100000, 0x0000000084100000, 0x0000000084200000|  0%| F|  |TAMS 0x0000000084100000, 0x0000000084100000| Untracked 
|  66|0x0000000084200000, 0x0000000084200000, 0x0000000084300000|  0%| F|  |TAMS 0x0000000084200000, 0x0000000084200000| Untracked 
|  67|0x0000000084300000, 0x0000000084300000, 0x0000000084400000|  0%| F|  |TAMS 0x0000000084300000, 0x0000000084300000| Untracked 
|  68|0x0000000084400000, 0x0000000084400000, 0x0000000084500000|  0%| F|  |TAMS 0x0000000084400000, 0x0000000084400000| Untracked 
|  69|0x0000000084500000, 0x0000000084500000, 0x0000000084600000|  0%| F|  |TAMS 0x0000000084500000, 0x0000000084500000| Untracked 
|  70|0x0000000084600000, 0x0000000084600000, 0x0000000084700000|  0%| F|  |TAMS 0x0000000084600000, 0x0000000084600000| Untracked 
|  71|0x0000000084700000, 0x0000000084700000, 0x0000000084800000|  0%| F|  |TAMS 0x0000000084700000, 0x0000000084700000| Untracked 
|  72|0x0000000084800000, 0x0000000084800000, 0x0000000084900000|  0%| F|  |TAMS 0x0000000084800000, 0x0000000084800000| Untracked 
|  73|0x0000000084900000, 0x0000000084900000, 0x0000000084a00000|  0%| F|  |TAMS 0x0000000084900000, 0x0000000084900000| Untracked 
|  74|0x0000000084a00000, 0x0000000084a00000, 0x0000000084b00000|  0%| F|  |TAMS 0x0000000084a00000, 0x0000000084a00000| Untracked 
|  75|0x0000000084b00000, 0x0000000084b00000, 0x0000000084c00000|  0%| F|  |TAMS 0x0000000084b00000, 0x0000000084b00000| Untracked 
|  76|0x0000000084c00000, 0x0000000084c00000, 0x0000000084d00000|  0%| F|  |TAMS 0x0000000084c00000, 0x0000000084c00000| Untracked 
|  77|0x0000000084d00000, 0x0000000084d00000, 0x0000000084e00000|  0%| F|  |TAMS 0x0000000084d00000, 0x0000000084d00000| Untracked 
|  78|0x0000000084e00000, 0x0000000084e00000, 0x0000000084f00000|  0%| F|  |TAMS 0x0000000084e00000, 0x0000000084e00000| Untracked 
|  79|0x0000000084f00000, 0x0000000084f00000, 0x0000000085000000|  0%| F|  |TAMS 0x0000000084f00000, 0x0000000084f00000| Untracked 
|  80|0x0000000085000000, 0x0000000085000000, 0x0000000085100000|  0%| F|  |TAMS 0x0000000085000000, 0x0000000085000000| Untracked 
|  81|0x0000000085100000, 0x0000000085100000, 0x0000000085200000|  0%| F|  |TAMS 0x0000000085100000, 0x0000000085100000| Untracked 
|  82|0x0000000085200000, 0x0000000085200000, 0x0000000085300000|  0%| F|  |TAMS 0x0000000085200000, 0x0000000085200000| Untracked 
|  83|0x0000000085300000, 0x0000000085300000, 0x0000000085400000|  0%| F|  |TAMS 0x0000000085300000, 0x0000000085300000| Untracked 
|  84|0x0000000085400000, 0x0000000085400000, 0x0000000085500000|  0%| F|  |TAMS 0x0000000085400000, 0x0000000085400000| Untracked 
|  85|0x0000000085500000, 0x0000000085500000, 0x0000000085600000|  0%| F|  |TAMS 0x0000000085500000, 0x0000000085500000| Untracked 
|  86|0x0000000085600000, 0x0000000085600000, 0x0000000085700000|  0%| F|  |TAMS 0x0000000085600000, 0x0000000085600000| Untracked 
|  87|0x0000000085700000, 0x0000000085700000, 0x0000000085800000|  0%| F|  |TAMS 0x0000000085700000, 0x0000000085700000| Untracked 
|  88|0x0000000085800000, 0x0000000085800000, 0x0000000085900000|  0%| F|  |TAMS 0x0000000085800000, 0x0000000085800000| Untracked 
|  89|0x0000000085900000, 0x0000000085900000, 0x0000000085a00000|  0%| F|  |TAMS 0x0000000085900000, 0x0000000085900000| Untracked 
|  90|0x0000000085a00000, 0x0000000085a00000, 0x0000000085b00000|  0%| F|  |TAMS 0x0000000085a00000, 0x0000000085a00000| Untracked 
|  91|0x0000000085b00000, 0x0000000085b00000, 0x0000000085c00000|  0%| F|  |TAMS 0x0000000085b00000, 0x0000000085b00000| Untracked 
|  92|0x0000000085c00000, 0x0000000085c00000, 0x0000000085d00000|  0%| F|  |TAMS 0x0000000085c00000, 0x0000000085c00000| Untracked 
|  93|0x0000000085d00000, 0x0000000085d00000, 0x0000000085e00000|  0%| F|  |TAMS 0x0000000085d00000, 0x0000000085d00000| Untracked 
|  94|0x0000000085e00000, 0x0000000085e00000, 0x0000000085f00000|  0%| F|  |TAMS 0x0000000085e00000, 0x0000000085e00000| Untracked 
|  95|0x0000000085f00000, 0x0000000085f00000, 0x0000000086000000|  0%| F|  |TAMS 0x0000000085f00000, 0x0000000085f00000| Untracked 
|  96|0x0000000086000000, 0x0000000086000000, 0x0000000086100000|  0%| F|  |TAMS 0x0000000086000000, 0x0000000086000000| Untracked 
|  97|0x0000000086100000, 0x0000000086100000, 0x0000000086200000|  0%| F|  |TAMS 0x0000000086100000, 0x0000000086100000| Untracked 
|  98|0x0000000086200000, 0x0000000086200000, 0x0000000086300000|  0%| F|  |TAMS 0x0000000086200000, 0x0000000086200000| Untracked 
|  99|0x0000000086300000, 0x0000000086300000, 0x0000000086400000|  0%| F|  |TAMS 0x0000000086300000, 0x0000000086300000| Untracked 
| 100|0x0000000086400000, 0x0000000086400000, 0x0000000086500000|  0%| F|  |TAMS 0x0000000086400000, 0x0000000086400000| Untracked 
| 101|0x0000000086500000, 0x0000000086500000, 0x0000000086600000|  0%| F|  |TAMS 0x0000000086500000, 0x0000000086500000| Untracked 
| 102|0x0000000086600000, 0x0000000086600000, 0x0000000086700000|  0%| F|  |TAMS 0x0000000086600000, 0x0000000086600000| Untracked 
| 103|0x0000000086700000, 0x0000000086700000, 0x0000000086800000|  0%| F|  |TAMS 0x0000000086700000, 0x0000000086700000| Untracked 
| 104|0x0000000086800000, 0x0000000086800000, 0x0000000086900000|  0%| F|  |TAMS 0x0000000086800000, 0x0000000086800000| Untracked 
| 105|0x0000000086900000, 0x0000000086900000, 0x0000000086a00000|  0%| F|  |TAMS 0x0000000086900000, 0x0000000086900000| Untracked 
| 106|0x0000000086a00000, 0x0000000086a00000, 0x0000000086b00000|  0%| F|  |TAMS 0x0000000086a00000, 0x0000000086a00000| Untracked 
| 107|0x0000000086b00000, 0x0000000086b00000, 0x0000000086c00000|  0%| F|  |TAMS 0x0000000086b00000, 0x0000000086b00000| Untracked 
| 108|0x0000000086c00000, 0x0000000086c00000, 0x0000000086d00000|  0%| F|  |TAMS 0x0000000086c00000, 0x0000000086c00000| Untracked 
| 109|0x0000000086d00000, 0x0000000086d00000, 0x0000000086e00000|  0%| F|  |TAMS 0x0000000086d00000, 0x0000000086d00000| Untracked 
| 110|0x0000000086e00000, 0x0000000086e00000, 0x0000000086f00000|  0%| F|  |TAMS 0x0000000086e00000, 0x0000000086e00000| Untracked 
| 111|0x0000000086f00000, 0x0000000086f00000, 0x0000000087000000|  0%| F|  |TAMS 0x0000000086f00000, 0x0000000086f00000| Untracked 
| 112|0x0000000087000000, 0x0000000087000000, 0x0000000087100000|  0%| F|  |TAMS 0x0000000087000000, 0x0000000087000000| Untracked 
| 113|0x0000000087100000, 0x0000000087100000, 0x0000000087200000|  0%| F|  |TAMS 0x0000000087100000, 0x0000000087100000| Untracked 
| 114|0x0000000087200000, 0x0000000087200000, 0x0000000087300000|  0%| F|  |TAMS 0x0000000087200000, 0x0000000087200000| Untracked 
| 115|0x0000000087300000, 0x0000000087300000, 0x0000000087400000|  0%| F|  |TAMS 0x0000000087300000, 0x0000000087300000| Untracked 
| 116|0x0000000087400000, 0x0000000087400000, 0x0000000087500000|  0%| F|  |TAMS 0x0000000087400000, 0x0000000087400000| Untracked 
| 117|0x0000000087500000, 0x0000000087500000, 0x0000000087600000|  0%| F|  |TAMS 0x0000000087500000, 0x0000000087500000| Untracked 
| 118|0x0000000087600000, 0x0000000087600000, 0x0000000087700000|  0%| F|  |TAMS 0x0000000087600000, 0x0000000087600000| Untracked 
| 119|0x0000000087700000, 0x0000000087700000, 0x0000000087800000|  0%| F|  |TAMS 0x0000000087700000, 0x0000000087700000| Untracked 
| 120|0x0000000087800000, 0x0000000087800000, 0x0000000087900000|  0%| F|  |TAMS 0x0000000087800000, 0x0000000087800000| Untracked 
| 121|0x0000000087900000, 0x0000000087900000, 0x0000000087a00000|  0%| F|  |TAMS 0x0000000087900000, 0x0000000087900000| Untracked 
| 122|0x0000000087a00000, 0x0000000087a00000, 0x0000000087b00000|  0%| F|  |TAMS 0x0000000087a00000, 0x0000000087a00000| Untracked 
| 123|0x0000000087b00000, 0x0000000087b00000, 0x0000000087c00000|  0%| F|  |TAMS 0x0000000087b00000, 0x0000000087b00000| Untracked 
| 124|0x0000000087c00000, 0x0000000087c00000, 0x0000000087d00000|  0%| F|  |TAMS 0x0000000087c00000, 0x0000000087c00000| Untracked 
| 125|0x0000000087d00000, 0x0000000087d00000, 0x0000000087e00000|  0%| F|  |TAMS 0x0000000087d00000, 0x0000000087d00000| Untracked 
| 126|0x0000000087e00000, 0x0000000087e00000, 0x0000000087f00000|  0%| F|  |TAMS 0x0000000087e00000, 0x0000000087e00000| Untracked 
| 127|0x0000000087f00000, 0x0000000087f00000, 0x0000000088000000|  0%| F|  |TAMS 0x0000000087f00000, 0x0000000087f00000| Untracked 
| 128|0x0000000088000000, 0x0000000088000000, 0x0000000088100000|  0%| F|  |TAMS 0x0000000088000000, 0x0000000088000000| Untracked 
| 129|0x0000000088100000, 0x0000000088100000, 0x0000000088200000|  0%| F|  |TAMS 0x0000000088100000, 0x0000000088100000| Untracked 
| 130|0x0000000088200000, 0x0000000088200000, 0x0000000088300000|  0%| F|  |TAMS 0x0000000088200000, 0x0000000088200000| Untracked 
| 131|0x0000000088300000, 0x0000000088300000, 0x0000000088400000|  0%| F|  |TAMS 0x0000000088300000, 0x0000000088300000| Untracked 
| 132|0x0000000088400000, 0x0000000088400000, 0x0000000088500000|  0%| F|  |TAMS 0x0000000088400000, 0x0000000088400000| Untracked 
| 133|0x0000000088500000, 0x00000000885a7788, 0x0000000088600000| 65%| S|CS|TAMS 0x0000000088500000, 0x0000000088500000| Complete 
| 134|0x0000000088600000, 0x0000000088700000, 0x0000000088700000|100%| S|CS|TAMS 0x0000000088600000, 0x0000000088600000| Complete 
| 135|0x0000000088700000, 0x0000000088800000, 0x0000000088800000|100%| S|CS|TAMS 0x0000000088700000, 0x0000000088700000| Complete 
| 136|0x0000000088800000, 0x0000000088900000, 0x0000000088900000|100%| S|CS|TAMS 0x0000000088800000, 0x0000000088800000| Complete 
| 137|0x0000000088900000, 0x0000000088a00000, 0x0000000088a00000|100%| S|CS|TAMS 0x0000000088900000, 0x0000000088900000| Complete 
| 138|0x0000000088a00000, 0x0000000088b00000, 0x0000000088b00000|100%| S|CS|TAMS 0x0000000088a00000, 0x0000000088a00000| Complete 
| 139|0x0000000088b00000, 0x0000000088c00000, 0x0000000088c00000|100%| S|CS|TAMS 0x0000000088b00000, 0x0000000088b00000| Complete 
| 140|0x0000000088c00000, 0x0000000088d00000, 0x0000000088d00000|100%| S|CS|TAMS 0x0000000088c00000, 0x0000000088c00000| Complete 
| 141|0x0000000088d00000, 0x0000000088e00000, 0x0000000088e00000|100%| S|CS|TAMS 0x0000000088d00000, 0x0000000088d00000| Complete 
| 142|0x0000000088e00000, 0x0000000088f00000, 0x0000000088f00000|100%| S|CS|TAMS 0x0000000088e00000, 0x0000000088e00000| Complete 
| 143|0x0000000088f00000, 0x0000000089000000, 0x0000000089000000|100%| S|CS|TAMS 0x0000000088f00000, 0x0000000088f00000| Complete 
| 144|0x0000000089000000, 0x0000000089100000, 0x0000000089100000|100%| S|CS|TAMS 0x0000000089000000, 0x0000000089000000| Complete 
| 145|0x0000000089100000, 0x0000000089100000, 0x0000000089200000|  0%| F|  |TAMS 0x0000000089100000, 0x0000000089100000| Untracked 
| 146|0x0000000089200000, 0x0000000089200000, 0x0000000089300000|  0%| F|  |TAMS 0x0000000089200000, 0x0000000089200000| Untracked 
| 147|0x0000000089300000, 0x0000000089300000, 0x0000000089400000|  0%| F|  |TAMS 0x0000000089300000, 0x0000000089300000| Untracked 
| 148|0x0000000089400000, 0x0000000089400000, 0x0000000089500000|  0%| F|  |TAMS 0x0000000089400000, 0x0000000089400000| Untracked 
| 149|0x0000000089500000, 0x0000000089500000, 0x0000000089600000|  0%| F|  |TAMS 0x0000000089500000, 0x0000000089500000| Untracked 
| 150|0x0000000089600000, 0x0000000089600000, 0x0000000089700000|  0%| F|  |TAMS 0x0000000089600000, 0x0000000089600000| Untracked 
| 151|0x0000000089700000, 0x0000000089700000, 0x0000000089800000|  0%| F|  |TAMS 0x0000000089700000, 0x0000000089700000| Untracked 
| 152|0x0000000089800000, 0x0000000089800000, 0x0000000089900000|  0%| F|  |TAMS 0x0000000089800000, 0x0000000089800000| Untracked 
| 153|0x0000000089900000, 0x0000000089900000, 0x0000000089a00000|  0%| F|  |TAMS 0x0000000089900000, 0x0000000089900000| Untracked 
| 154|0x0000000089a00000, 0x0000000089a00000, 0x0000000089b00000|  0%| F|  |TAMS 0x0000000089a00000, 0x0000000089a00000| Untracked 
| 155|0x0000000089b00000, 0x0000000089b00000, 0x0000000089c00000|  0%| F|  |TAMS 0x0000000089b00000, 0x0000000089b00000| Untracked 
| 156|0x0000000089c00000, 0x0000000089c00000, 0x0000000089d00000|  0%| F|  |TAMS 0x0000000089c00000, 0x0000000089c00000| Untracked 
| 157|0x0000000089d00000, 0x0000000089d00000, 0x0000000089e00000|  0%| F|  |TAMS 0x0000000089d00000, 0x0000000089d00000| Untracked 
| 158|0x0000000089e00000, 0x0000000089e00000, 0x0000000089f00000|  0%| F|  |TAMS 0x0000000089e00000, 0x0000000089e00000| Untracked 
| 159|0x0000000089f00000, 0x0000000089f00000, 0x000000008a000000|  0%| F|  |TAMS 0x0000000089f00000, 0x0000000089f00000| Untracked 
| 160|0x000000008a000000, 0x000000008a100000, 0x000000008a100000|100%| E|  |TAMS 0x000000008a000000, 0x000000008a000000| Complete 
| 161|0x000000008a100000, 0x000000008a200000, 0x000000008a200000|100%| E|CS|TAMS 0x000000008a100000, 0x000000008a100000| Complete 
| 162|0x000000008a200000, 0x000000008a300000, 0x000000008a300000|100%| E|CS|TAMS 0x000000008a200000, 0x000000008a200000| Complete 
| 163|0x000000008a300000, 0x000000008a400000, 0x000000008a400000|100%| E|CS|TAMS 0x000000008a300000, 0x000000008a300000| Complete 
| 164|0x000000008a400000, 0x000000008a500000, 0x000000008a500000|100%| E|CS|TAMS 0x000000008a400000, 0x000000008a400000| Complete 
| 165|0x000000008a500000, 0x000000008a600000, 0x000000008a600000|100%| E|CS|TAMS 0x000000008a500000, 0x000000008a500000| Complete 
| 166|0x000000008a600000, 0x000000008a700000, 0x000000008a700000|100%| E|CS|TAMS 0x000000008a600000, 0x000000008a600000| Complete 
| 167|0x000000008a700000, 0x000000008a800000, 0x000000008a800000|100%| E|CS|TAMS 0x000000008a700000, 0x000000008a700000| Complete 
| 168|0x000000008a800000, 0x000000008a900000, 0x000000008a900000|100%| E|CS|TAMS 0x000000008a800000, 0x000000008a800000| Complete 
| 169|0x000000008a900000, 0x000000008aa00000, 0x000000008aa00000|100%| E|CS|TAMS 0x000000008a900000, 0x000000008a900000| Complete 
| 170|0x000000008aa00000, 0x000000008ab00000, 0x000000008ab00000|100%| E|CS|TAMS 0x000000008aa00000, 0x000000008aa00000| Complete 
| 171|0x000000008ab00000, 0x000000008ac00000, 0x000000008ac00000|100%| E|CS|TAMS 0x000000008ab00000, 0x000000008ab00000| Complete 
| 172|0x000000008ac00000, 0x000000008ad00000, 0x000000008ad00000|100%| E|CS|TAMS 0x000000008ac00000, 0x000000008ac00000| Complete 
| 173|0x000000008ad00000, 0x000000008ae00000, 0x000000008ae00000|100%| E|CS|TAMS 0x000000008ad00000, 0x000000008ad00000| Complete 
| 174|0x000000008ae00000, 0x000000008af00000, 0x000000008af00000|100%| E|CS|TAMS 0x000000008ae00000, 0x000000008ae00000| Complete 
| 175|0x000000008af00000, 0x000000008b000000, 0x000000008b000000|100%| E|CS|TAMS 0x000000008af00000, 0x000000008af00000| Complete 
| 176|0x000000008b000000, 0x000000008b100000, 0x000000008b100000|100%| E|CS|TAMS 0x000000008b000000, 0x000000008b000000| Complete 
| 177|0x000000008b100000, 0x000000008b200000, 0x000000008b200000|100%| E|CS|TAMS 0x000000008b100000, 0x000000008b100000| Complete 
| 178|0x000000008b200000, 0x000000008b300000, 0x000000008b300000|100%| E|CS|TAMS 0x000000008b200000, 0x000000008b200000| Complete 
| 179|0x000000008b300000, 0x000000008b400000, 0x000000008b400000|100%| E|CS|TAMS 0x000000008b300000, 0x000000008b300000| Complete 
| 180|0x000000008b400000, 0x000000008b500000, 0x000000008b500000|100%| E|CS|TAMS 0x000000008b400000, 0x000000008b400000| Complete 
| 181|0x000000008b500000, 0x000000008b600000, 0x000000008b600000|100%| E|CS|TAMS 0x000000008b500000, 0x000000008b500000| Complete 
| 182|0x000000008b600000, 0x000000008b700000, 0x000000008b700000|100%| E|CS|TAMS 0x000000008b600000, 0x000000008b600000| Complete 
| 183|0x000000008b700000, 0x000000008b800000, 0x000000008b800000|100%| E|CS|TAMS 0x000000008b700000, 0x000000008b700000| Complete 
| 184|0x000000008b800000, 0x000000008b900000, 0x000000008b900000|100%| E|CS|TAMS 0x000000008b800000, 0x000000008b800000| Complete 
| 185|0x000000008b900000, 0x000000008ba00000, 0x000000008ba00000|100%| E|CS|TAMS 0x000000008b900000, 0x000000008b900000| Complete 
| 186|0x000000008ba00000, 0x000000008bb00000, 0x000000008bb00000|100%| E|CS|TAMS 0x000000008ba00000, 0x000000008ba00000| Complete 
| 187|0x000000008bb00000, 0x000000008bc00000, 0x000000008bc00000|100%| E|CS|TAMS 0x000000008bb00000, 0x000000008bb00000| Complete 
| 188|0x000000008bc00000, 0x000000008bd00000, 0x000000008bd00000|100%| E|  |TAMS 0x000000008bc00000, 0x000000008bc00000| Complete 
| 189|0x000000008bd00000, 0x000000008be00000, 0x000000008be00000|100%| E|CS|TAMS 0x000000008bd00000, 0x000000008bd00000| Complete 
| 190|0x000000008be00000, 0x000000008bf00000, 0x000000008bf00000|100%| E|CS|TAMS 0x000000008be00000, 0x000000008be00000| Complete 
| 191|0x000000008bf00000, 0x000000008c000000, 0x000000008c000000|100%| E|CS|TAMS 0x000000008bf00000, 0x000000008bf00000| Complete 
| 192|0x000000008c000000, 0x000000008c100000, 0x000000008c100000|100%| E|CS|TAMS 0x000000008c000000, 0x000000008c000000| Complete 
| 193|0x000000008c100000, 0x000000008c200000, 0x000000008c200000|100%| E|CS|TAMS 0x000000008c100000, 0x000000008c100000| Complete 
| 194|0x000000008c200000, 0x000000008c300000, 0x000000008c300000|100%| E|CS|TAMS 0x000000008c200000, 0x000000008c200000| Complete 
| 195|0x000000008c300000, 0x000000008c400000, 0x000000008c400000|100%| E|CS|TAMS 0x000000008c300000, 0x000000008c300000| Complete 
| 196|0x000000008c400000, 0x000000008c500000, 0x000000008c500000|100%| E|CS|TAMS 0x000000008c400000, 0x000000008c400000| Complete 
| 197|0x000000008c500000, 0x000000008c600000, 0x000000008c600000|100%| E|CS|TAMS 0x000000008c500000, 0x000000008c500000| Complete 
| 198|0x000000008c600000, 0x000000008c700000, 0x000000008c700000|100%| E|CS|TAMS 0x000000008c600000, 0x000000008c600000| Complete 
| 199|0x000000008c700000, 0x000000008c800000, 0x000000008c800000|100%| E|CS|TAMS 0x000000008c700000, 0x000000008c700000| Complete 
| 200|0x000000008c800000, 0x000000008c900000, 0x000000008c900000|100%| E|CS|TAMS 0x000000008c800000, 0x000000008c800000| Complete 
| 201|0x000000008c900000, 0x000000008ca00000, 0x000000008ca00000|100%| E|CS|TAMS 0x000000008c900000, 0x000000008c900000| Complete 
| 202|0x000000008ca00000, 0x000000008cb00000, 0x000000008cb00000|100%| E|CS|TAMS 0x000000008ca00000, 0x000000008ca00000| Complete 
| 203|0x000000008cb00000, 0x000000008cc00000, 0x000000008cc00000|100%| E|CS|TAMS 0x000000008cb00000, 0x000000008cb00000| Complete 
| 204|0x000000008cc00000, 0x000000008cd00000, 0x000000008cd00000|100%| E|CS|TAMS 0x000000008cc00000, 0x000000008cc00000| Complete 
| 205|0x000000008cd00000, 0x000000008ce00000, 0x000000008ce00000|100%| E|CS|TAMS 0x000000008cd00000, 0x000000008cd00000| Complete 
| 206|0x000000008ce00000, 0x000000008cf00000, 0x000000008cf00000|100%| E|CS|TAMS 0x000000008ce00000, 0x000000008ce00000| Complete 
| 207|0x000000008cf00000, 0x000000008d000000, 0x000000008d000000|100%| E|CS|TAMS 0x000000008cf00000, 0x000000008cf00000| Complete 
| 208|0x000000008d000000, 0x000000008d100000, 0x000000008d100000|100%| E|CS|TAMS 0x000000008d000000, 0x000000008d000000| Complete 
| 209|0x000000008d100000, 0x000000008d200000, 0x000000008d200000|100%| E|CS|TAMS 0x000000008d100000, 0x000000008d100000| Complete 
| 210|0x000000008d200000, 0x000000008d300000, 0x000000008d300000|100%| E|CS|TAMS 0x000000008d200000, 0x000000008d200000| Complete 
| 211|0x000000008d300000, 0x000000008d400000, 0x000000008d400000|100%| E|CS|TAMS 0x000000008d300000, 0x000000008d300000| Complete 
| 212|0x000000008d400000, 0x000000008d500000, 0x000000008d500000|100%| E|CS|TAMS 0x000000008d400000, 0x000000008d400000| Complete 
| 213|0x000000008d500000, 0x000000008d600000, 0x000000008d600000|100%| E|CS|TAMS 0x000000008d500000, 0x000000008d500000| Complete 
| 214|0x000000008d600000, 0x000000008d700000, 0x000000008d700000|100%| E|CS|TAMS 0x000000008d600000, 0x000000008d600000| Complete 
| 215|0x000000008d700000, 0x000000008d800000, 0x000000008d800000|100%| E|CS|TAMS 0x000000008d700000, 0x000000008d700000| Complete 
| 216|0x000000008d800000, 0x000000008d900000, 0x000000008d900000|100%| E|CS|TAMS 0x000000008d800000, 0x000000008d800000| Complete 
| 217|0x000000008d900000, 0x000000008da00000, 0x000000008da00000|100%| E|CS|TAMS 0x000000008d900000, 0x000000008d900000| Complete 
| 218|0x000000008da00000, 0x000000008db00000, 0x000000008db00000|100%| E|CS|TAMS 0x000000008da00000, 0x000000008da00000| Complete 
| 219|0x000000008db00000, 0x000000008dc00000, 0x000000008dc00000|100%| E|CS|TAMS 0x000000008db00000, 0x000000008db00000| Complete 
| 220|0x000000008dc00000, 0x000000008dd00000, 0x000000008dd00000|100%| E|CS|TAMS 0x000000008dc00000, 0x000000008dc00000| Complete 
| 221|0x000000008dd00000, 0x000000008de00000, 0x000000008de00000|100%| E|CS|TAMS 0x000000008dd00000, 0x000000008dd00000| Complete 
| 222|0x000000008de00000, 0x000000008df00000, 0x000000008df00000|100%| E|CS|TAMS 0x000000008de00000, 0x000000008de00000| Complete 
| 223|0x000000008df00000, 0x000000008e000000, 0x000000008e000000|100%| E|CS|TAMS 0x000000008df00000, 0x000000008df00000| Complete 
| 224|0x000000008e000000, 0x000000008e100000, 0x000000008e100000|100%| E|CS|TAMS 0x000000008e000000, 0x000000008e000000| Complete 
| 225|0x000000008e100000, 0x000000008e200000, 0x000000008e200000|100%| E|CS|TAMS 0x000000008e100000, 0x000000008e100000| Complete 
| 226|0x000000008e200000, 0x000000008e300000, 0x000000008e300000|100%| E|CS|TAMS 0x000000008e200000, 0x000000008e200000| Complete 
| 227|0x000000008e300000, 0x000000008e400000, 0x000000008e400000|100%| E|CS|TAMS 0x000000008e300000, 0x000000008e300000| Complete 
| 228|0x000000008e400000, 0x000000008e500000, 0x000000008e500000|100%| E|CS|TAMS 0x000000008e400000, 0x000000008e400000| Complete 
| 229|0x000000008e500000, 0x000000008e600000, 0x000000008e600000|100%| E|CS|TAMS 0x000000008e500000, 0x000000008e500000| Complete 
| 230|0x000000008e600000, 0x000000008e700000, 0x000000008e700000|100%| E|CS|TAMS 0x000000008e600000, 0x000000008e600000| Complete 
| 231|0x000000008e700000, 0x000000008e800000, 0x000000008e800000|100%| E|CS|TAMS 0x000000008e700000, 0x000000008e700000| Complete 
| 232|0x000000008e800000, 0x000000008e900000, 0x000000008e900000|100%| E|CS|TAMS 0x000000008e800000, 0x000000008e800000| Complete 
| 233|0x000000008e900000, 0x000000008ea00000, 0x000000008ea00000|100%| E|CS|TAMS 0x000000008e900000, 0x000000008e900000| Complete 
| 234|0x000000008ea00000, 0x000000008eb00000, 0x000000008eb00000|100%| E|CS|TAMS 0x000000008ea00000, 0x000000008ea00000| Complete 
| 235|0x000000008eb00000, 0x000000008ec00000, 0x000000008ec00000|100%| E|CS|TAMS 0x000000008eb00000, 0x000000008eb00000| Complete 
| 236|0x000000008ec00000, 0x000000008ed00000, 0x000000008ed00000|100%| E|CS|TAMS 0x000000008ec00000, 0x000000008ec00000| Complete 
| 237|0x000000008ed00000, 0x000000008ee00000, 0x000000008ee00000|100%| E|CS|TAMS 0x000000008ed00000, 0x000000008ed00000| Complete 
| 238|0x000000008ee00000, 0x000000008ef00000, 0x000000008ef00000|100%| E|CS|TAMS 0x000000008ee00000, 0x000000008ee00000| Complete 
| 239|0x000000008ef00000, 0x000000008f000000, 0x000000008f000000|100%| E|CS|TAMS 0x000000008ef00000, 0x000000008ef00000| Complete 
| 240|0x000000008f000000, 0x000000008f100000, 0x000000008f100000|100%| E|CS|TAMS 0x000000008f000000, 0x000000008f000000| Complete 
| 241|0x000000008f100000, 0x000000008f200000, 0x000000008f200000|100%| E|CS|TAMS 0x000000008f100000, 0x000000008f100000| Complete 
| 242|0x000000008f200000, 0x000000008f300000, 0x000000008f300000|100%| E|CS|TAMS 0x000000008f200000, 0x000000008f200000| Complete 
| 243|0x000000008f300000, 0x000000008f400000, 0x000000008f400000|100%| E|CS|TAMS 0x000000008f300000, 0x000000008f300000| Complete 
| 244|0x000000008f400000, 0x000000008f500000, 0x000000008f500000|100%| E|CS|TAMS 0x000000008f400000, 0x000000008f400000| Complete 
| 245|0x000000008f500000, 0x000000008f600000, 0x000000008f600000|100%| E|CS|TAMS 0x000000008f500000, 0x000000008f500000| Complete 
| 246|0x000000008f600000, 0x000000008f700000, 0x000000008f700000|100%| E|CS|TAMS 0x000000008f600000, 0x000000008f600000| Complete 
| 247|0x000000008f700000, 0x000000008f800000, 0x000000008f800000|100%| E|CS|TAMS 0x000000008f700000, 0x000000008f700000| Complete 
| 248|0x000000008f800000, 0x000000008f900000, 0x000000008f900000|100%| E|CS|TAMS 0x000000008f800000, 0x000000008f800000| Complete 
| 249|0x000000008f900000, 0x000000008fa00000, 0x000000008fa00000|100%| E|CS|TAMS 0x000000008f900000, 0x000000008f900000| Complete 
| 250|0x000000008fa00000, 0x000000008fb00000, 0x000000008fb00000|100%| E|CS|TAMS 0x000000008fa00000, 0x000000008fa00000| Complete 
| 251|0x000000008fb00000, 0x000000008fc00000, 0x000000008fc00000|100%| E|CS|TAMS 0x000000008fb00000, 0x000000008fb00000| Complete 
| 252|0x000000008fc00000, 0x000000008fd00000, 0x000000008fd00000|100%| E|CS|TAMS 0x000000008fc00000, 0x000000008fc00000| Complete 
| 253|0x000000008fd00000, 0x000000008fe00000, 0x000000008fe00000|100%| E|CS|TAMS 0x000000008fd00000, 0x000000008fd00000| Complete 

Card table byte_map: [0x000002377c910000,0x000002377cd10000] _byte_map_base: 0x000002377c510000

Marking Bits (Prev, Next): (CMBitMap*) 0x0000023778149b98, (CMBitMap*) 0x0000023778149bd0
 Prev Bits: [0x000002377d110000, 0x000002377f110000)
 Next Bits: [0x000002370f000000, 0x0000023711000000)

Polling page: 0x0000023776730000

Metaspace:

Usage:
  Non-class:     44.13 MB capacity,    43.05 MB ( 98%) used,   995.73 KB (  2%) free+waste,   111.94 KB ( <1%) overhead. 
      Class:      6.70 MB capacity,     6.27 MB ( 94%) used,   390.14 KB (  6%) free+waste,    53.75 KB ( <1%) overhead. 
       Both:     50.83 MB capacity,    49.32 MB ( 97%) used,     1.35 MB (  3%) free+waste,   165.69 KB ( <1%) overhead. 

Virtual space:
  Non-class space:       46.00 MB reserved,      44.25 MB ( 96%) committed 
      Class space:        1.00 GB reserved,       6.75 MB ( <1%) committed 
             Both:        1.04 GB reserved,      51.00 MB (  5%) committed 

Chunk freelists:
   Non-Class:  59.00 KB
       Class:  15.00 KB
        Both:  74.00 KB

MaxMetaspaceSize: 17179869184.00 GB
CompressedClassSpaceSize: 1.00 GB

CodeHeap 'non-profiled nmethods': size=120000Kb used=2959Kb max_used=2959Kb free=117040Kb
 bounds [0x0000023707ad0000, 0x0000023707dc0000, 0x000002370f000000]
CodeHeap 'profiled nmethods': size=120000Kb used=10051Kb max_used=10051Kb free=109948Kb
 bounds [0x00000237005a0000, 0x0000023700f80000, 0x0000023707ad0000]
CodeHeap 'non-nmethods': size=5760Kb used=2232Kb max_used=2268Kb free=3527Kb
 bounds [0x0000023700000000, 0x0000023700270000, 0x00000237005a0000]
 total_blobs=5560 nmethods=4756 adapters=714
 compilation: enabled
              stopped_count=0, restarted_count=0
 full_count=0

Compilation events (20 events):
Event: 6.620 Thread 0x0000023713898800 4987       3       java.nio.HeapByteBuffer::get (14 bytes)
Event: 6.620 Thread 0x0000023713898800 nmethod 4987 0x0000023700f65590 code [0x0000023700f65760, 0x0000023700f65a28]
Event: 6.620 Thread 0x0000023713898800 4986       3       sun.reflect.generics.visitor.Reifier::visitSimpleClassTypeSignature (18 bytes)
Event: 6.620 Thread 0x0000023713898800 nmethod 4986 0x0000023700f65b90 code [0x0000023700f65d80, 0x0000023700f66148]
Event: 6.622 Thread 0x0000023713898800 4989       3       java.lang.reflect.Proxy$ProxyBuilder::getElementType (19 bytes)
Event: 6.622 Thread 0x0000023713898800 nmethod 4989 0x0000023700f66390 code [0x0000023700f66560, 0x0000023700f66818]
Event: 6.622 Thread 0x0000023713898800 4990       3       java.lang.reflect.ProxyGenerator$MethodInfo::write (283 bytes)
Event: 6.626 Thread 0x0000023713898800 nmethod 4990 0x0000023700f66990 code [0x0000023700f67040, 0x0000023700f6b348]
Event: 6.626 Thread 0x0000023713898800 4991       3       com.google.common.util.concurrent.AbstractFuture::releaseWaiters (38 bytes)
Event: 6.626 Thread 0x0000023713898800 nmethod 4991 0x0000023700f6c890 code [0x0000023700f6caa0, 0x0000023700f6d048]
Event: 6.626 Thread 0x0000023713898800 4992       3       com.google.common.util.concurrent.AbstractFuture::clearListeners (47 bytes)
Event: 6.627 Thread 0x0000023713898800 nmethod 4992 0x0000023700f6d290 code [0x0000023700f6d480, 0x0000023700f6d898]
Event: 6.627 Thread 0x0000023713898800 4993       3       com.google.common.cache.LocalCache::get (21 bytes)
Event: 6.627 Thread 0x0000023713898800 nmethod 4993 0x0000023700f6da10 code [0x0000023700f6dc20, 0x0000023700f6e158]
Event: 6.627 Thread 0x0000023713898800 4994   !   3       com.google.common.cache.LocalCache$Segment::get (210 bytes)
Event: 6.630 Thread 0x0000023713898800 nmethod 4994 0x0000023700f6e410 code [0x0000023700f6e920, 0x0000023700f711d8]
Event: 6.630 Thread 0x0000023713898800 4988       3       java.lang.reflect.Proxy$ProxyBuilder::addElementType (19 bytes)
Event: 6.631 Thread 0x0000023713898800 nmethod 4988 0x0000023700f72510 code [0x0000023700f72720, 0x0000023700f72ca8]
Event: 6.631 Thread 0x0000023713898800 4995       1       org.gradle.api.internal.collections.AbstractIterationOrderRetainingElementSource$Element::isRealized (5 bytes)
Event: 6.631 Thread 0x0000023713898800 nmethod 4995 0x0000023707db3a90 code [0x0000023707db3c40, 0x0000023707db3cf8]

GC Heap History (10 events):
Event: 0.670 GC heap before
{Heap before GC invocations=0 (full 0):
 garbage-first heap   total 260096K, used 29696K [0x0000000080000000, 0x0000000100000000)
  region size 1024K, 24 young (24576K), 0 survivors (0K)
 Metaspace       used 10242K, capacity 10417K, committed 10624K, reserved 1058816K
  class space    used 1072K, capacity 1131K, committed 1152K, reserved 1048576K
}
Event: 0.673 GC heap after
{Heap after GC invocations=1 (full 0):
 garbage-first heap   total 260096K, used 8509K [0x0000000080000000, 0x0000000100000000)
  region size 1024K, 3 young (3072K), 3 survivors (3072K)
 Metaspace       used 10242K, capacity 10417K, committed 10624K, reserved 1058816K
  class space    used 1072K, capacity 1131K, committed 1152K, reserved 1048576K
}
Event: 2.321 GC heap before
{Heap before GC invocations=1 (full 0):
 garbage-first heap   total 260096K, used 98621K [0x0000000080000000, 0x0000000100000000)
  region size 1024K, 93 young (95232K), 3 survivors (3072K)
 Metaspace       used 20573K, capacity 21078K, committed 21248K, reserved 1067008K
  class space    used 2519K, capacity 2691K, committed 2816K, reserved 1048576K
}
Event: 2.329 GC heap after
{Heap after GC invocations=2 (full 0):
 garbage-first heap   total 260096K, used 16173K [0x0000000080000000, 0x0000000100000000)
  region size 1024K, 11 young (11264K), 11 survivors (11264K)
 Metaspace       used 20573K, capacity 21078K, committed 21248K, reserved 1067008K
  class space    used 2519K, capacity 2691K, committed 2816K, reserved 1048576K
}
Event: 3.185 GC heap before
{Heap before GC invocations=3 (full 0):
 garbage-first heap   total 260096K, used 90925K [0x0000000080000000, 0x0000000100000000)
  region size 1024K, 76 young (77824K), 11 survivors (11264K)
 Metaspace       used 27098K, capacity 27869K, committed 27904K, reserved 1073152K
  class space    used 3564K, capacity 3825K, committed 3840K, reserved 1048576K
}
Event: 3.192 GC heap after
{Heap after GC invocations=4 (full 0):
 garbage-first heap   total 260096K, used 30980K [0x0000000080000000, 0x0000000100000000)
  region size 1024K, 6 young (6144K), 6 survivors (6144K)
 Metaspace       used 27098K, capacity 27869K, committed 27904K, reserved 1073152K
  class space    used 3564K, capacity 3825K, committed 3840K, reserved 1048576K
}
Event: 3.829 GC heap before
{Heap before GC invocations=4 (full 0):
 garbage-first heap   total 260096K, used 71940K [0x0000000080000000, 0x0000000100000000)
  region size 1024K, 48 young (49152K), 6 survivors (6144K)
 Metaspace       used 35037K, capacity 35799K, committed 35840K, reserved 1081344K
  class space    used 4544K, capacity 4830K, committed 4864K, reserved 1048576K
}
Event: 3.837 GC heap after
{Heap after GC invocations=5 (full 0):
 garbage-first heap   total 260096K, used 33645K [0x0000000080000000, 0x0000000100000000)
  region size 1024K, 9 young (9216K), 9 survivors (9216K)
 Metaspace       used 35037K, capacity 35799K, committed 35840K, reserved 1081344K
  class space    used 4544K, capacity 4830K, committed 4864K, reserved 1048576K
}
Event: 5.323 GC heap before
{Heap before GC invocations=6 (full 0):
 garbage-first heap   total 260096K, used 146285K [0x0000000080000000, 0x0000000100000000)
  region size 1024K, 109 young (111616K), 9 survivors (9216K)
 Metaspace       used 44340K, capacity 45512K, committed 45824K, reserved 1089536K
  class space    used 5683K, capacity 6079K, committed 6144K, reserved 1048576K
}
Event: 5.333 GC heap after
{Heap after GC invocations=7 (full 0):
 garbage-first heap   total 260096K, used 49554K [0x0000000080000000, 0x0000000100000000)
  region size 1024K, 12 young (12288K), 12 survivors (12288K)
 Metaspace       used 44340K, capacity 45512K, committed 45824K, reserved 1089536K
  class space    used 5683K, capacity 6079K, committed 6144K, reserved 1048576K
}

Deoptimization events (20 events):
Event: 6.402 Thread 0x0000023713d17800 DEOPT PACKING pc=0x0000023707c2a784 sp=0x000000b5a2ef8c80
Event: 6.402 Thread 0x0000023713d17800 DEOPT UNPACKING pc=0x000002370000822f sp=0x000000b5a2ef8c58 mode 2
Event: 6.457 Thread 0x0000023713d17800 DEOPT PACKING pc=0x00000237009a5582 sp=0x000000b5a2ef8040
Event: 6.457 Thread 0x0000023713d17800 DEOPT UNPACKING pc=0x0000023700028ade sp=0x000000b5a2ef7538 mode 0
Event: 6.566 Thread 0x0000023713d17800 Uncommon trap: trap_request=0xffffff4d fr.pc=0x0000023707d85354 relative=0x00000000000002f4
Event: 6.566 Thread 0x0000023713d17800 Uncommon trap: reason=unstable_if action=reinterpret pc=0x0000023707d85354 method=java.io.WinNTFileSystem.prefixLength(Ljava/lang/String;)I @ 42 c2
Event: 6.566 Thread 0x0000023713d17800 DEOPT PACKING pc=0x0000023707d85354 sp=0x000000b5a2ef8b10
Event: 6.566 Thread 0x0000023713d17800 DEOPT UNPACKING pc=0x000002370000822f sp=0x000000b5a2ef8a88 mode 2
Event: 6.599 Thread 0x0000023713d17800 Uncommon trap: trap_request=0xffffff4d fr.pc=0x0000023707ca12bc relative=0x0000000000002fdc
Event: 6.600 Thread 0x0000023713d17800 Uncommon trap: reason=unstable_if action=reinterpret pc=0x0000023707ca12bc method=java.lang.ClassValue.match(Ljava/lang/ClassValue$Entry;)Z @ 12 c2
Event: 6.600 Thread 0x0000023713d17800 DEOPT PACKING pc=0x0000023707ca12bc sp=0x000000b5a2ef8ca0
Event: 6.600 Thread 0x0000023713d17800 DEOPT UNPACKING pc=0x000002370000822f sp=0x000000b5a2ef8980 mode 2
Event: 6.603 Thread 0x0000023713d17800 Uncommon trap: trap_request=0xffffffc6 fr.pc=0x0000023707bd5c20 relative=0x0000000000000240
Event: 6.603 Thread 0x0000023713d17800 Uncommon trap: reason=bimorphic_or_optimized_type_check action=maybe_recompile pc=0x0000023707bd5c20 method=com.google.common.base.CharMatcher.indexIn(Ljava/lang/CharSequence;I)I @ 31 c2
Event: 6.603 Thread 0x0000023713d17800 DEOPT PACKING pc=0x0000023707bd5c20 sp=0x000000b5a2ef87d0
Event: 6.603 Thread 0x0000023713d17800 DEOPT UNPACKING pc=0x000002370000822f sp=0x000000b5a2ef8778 mode 2
Event: 6.605 Thread 0x0000023713d17800 Uncommon trap: trap_request=0xffffffc6 fr.pc=0x0000023707bd5c20 relative=0x0000000000000240
Event: 6.605 Thread 0x0000023713d17800 Uncommon trap: reason=bimorphic_or_optimized_type_check action=maybe_recompile pc=0x0000023707bd5c20 method=com.google.common.base.CharMatcher.indexIn(Ljava/lang/CharSequence;I)I @ 31 c2
Event: 6.605 Thread 0x0000023713d17800 DEOPT PACKING pc=0x0000023707bd5c20 sp=0x000000b5a2efa0a0
Event: 6.605 Thread 0x0000023713d17800 DEOPT UNPACKING pc=0x000002370000822f sp=0x000000b5a2efa048 mode 2

Classes redefined (0 events):
No events

Internal exceptions (20 events):
Event: 6.197 Thread 0x0000023713d17800 Exception <a 'java/security/PrivilegedActionException'{0x000000008ba9f5e0}> (0x000000008ba9f5e0) thrown at [./src/hotspot/share/prims/jvm.cpp, line 1297]
Event: 6.197 Thread 0x0000023713d17800 Exception <a 'java/security/PrivilegedActionException'{0x000000008baa2720}> (0x000000008baa2720) thrown at [./src/hotspot/share/prims/jvm.cpp, line 1297]
Event: 6.197 Thread 0x0000023713d17800 Exception <a 'java/security/PrivilegedActionException'{0x000000008baa39e0}> (0x000000008baa39e0) thrown at [./src/hotspot/share/prims/jvm.cpp, line 1297]
Event: 6.197 Thread 0x0000023713d17800 Exception <a 'java/security/PrivilegedActionException'{0x000000008baa6b88}> (0x000000008baa6b88) thrown at [./src/hotspot/share/prims/jvm.cpp, line 1297]
Event: 6.197 Thread 0x0000023713d17800 Exception <a 'java/security/PrivilegedActionException'{0x000000008baa7e48}> (0x000000008baa7e48) thrown at [./src/hotspot/share/prims/jvm.cpp, line 1297]
Event: 6.223 Thread 0x0000023713d17800 Exception <a 'java/lang/ClassNotFoundException'{0x000000008b9bcd90}: org/gradle/api/tasks/Delete_DecoratedBeanInfo> (0x000000008b9bcd90) thrown at [./src/hotspot/share/classfile/systemDictionary.cpp, line 231]
Event: 6.224 Thread 0x0000023713d17800 Exception <a 'java/lang/ClassNotFoundException'{0x000000008b9df9c0}: org/gradle/api/tasks/DeleteBeanInfo> (0x000000008b9df9c0) thrown at [./src/hotspot/share/classfile/systemDictionary.cpp, line 231]
Event: 6.225 Thread 0x0000023713d17800 Exception <a 'java/lang/ClassNotFoundException'{0x000000008b828fc0}: org/gradle/api/internal/ConventionTaskBeanInfo> (0x000000008b828fc0) thrown at [./src/hotspot/share/classfile/systemDictionary.cpp, line 231]
Event: 6.225 Thread 0x0000023713d17800 Exception <a 'java/lang/ClassNotFoundException'{0x000000008b84b760}: org/gradle/api/DefaultTaskBeanInfo> (0x000000008b84b760) thrown at [./src/hotspot/share/classfile/systemDictionary.cpp, line 231]
Event: 6.226 Thread 0x0000023713d17800 Exception <a 'java/lang/ClassNotFoundException'{0x000000008b8713f0}: org/gradle/api/internal/AbstractTaskBeanInfo> (0x000000008b8713f0) thrown at [./src/hotspot/share/classfile/systemDictionary.cpp, line 231]
Event: 6.226 Thread 0x0000023713d17800 Exception <a 'java/lang/ClassNotFoundException'{0x000000008b896d88}: org/gradle/api/internal/AbstractTaskCustomizer> (0x000000008b896d88) thrown at [./src/hotspot/share/classfile/systemDictionary.cpp, line 231]
Event: 6.229 Thread 0x0000023713d17800 Exception <a 'java/lang/ClassNotFoundException'{0x000000008b8fbdc8}: org/gradle/api/DefaultTaskCustomizer> (0x000000008b8fbdc8) thrown at [./src/hotspot/share/classfile/systemDictionary.cpp, line 231]
Event: 6.233 Thread 0x0000023713d17800 Exception <a 'java/lang/ClassNotFoundException'{0x000000008b776280}: org/gradle/api/internal/ConventionTaskCustomizer> (0x000000008b776280) thrown at [./src/hotspot/share/classfile/systemDictionary.cpp, line 231]
Event: 6.235 Thread 0x0000023713d17800 Exception <a 'java/lang/ClassNotFoundException'{0x000000008b7a7e50}: org/gradle/api/tasks/DeleteCustomizer> (0x000000008b7a7e50) thrown at [./src/hotspot/share/classfile/systemDictionary.cpp, line 231]
Event: 6.236 Thread 0x0000023713d17800 Exception <a 'java/lang/ClassNotFoundException'{0x000000008b7dfeb0}: org/gradle/api/tasks/Delete_DecoratedCustomizer> (0x000000008b7dfeb0) thrown at [./src/hotspot/share/classfile/systemDictionary.cpp, line 231]
Event: 6.590 Thread 0x0000023713d17800 Exception <a 'java/lang/ClassNotFoundException'{0x000000008a5b6690}: build_db3p95kefkacnrrp4rczv5l12BeanInfo> (0x000000008a5b6690) thrown at [./src/hotspot/share/classfile/systemDictionary.cpp, line 231]
Event: 6.591 Thread 0x0000023713d17800 Exception <a 'java/lang/ClassNotFoundException'{0x000000008a5bf498}: build_db3p95kefkacnrrp4rczv5l12Customizer> (0x000000008a5bf498) thrown at [./src/hotspot/share/classfile/systemDictionary.cpp, line 231]
Event: 6.601 Thread 0x0000023713d17800 Exception <a 'java/lang/ClassNotFoundException'{0x000000008a4333b0}: org/gradle/plugin/use/internal/PluginRequestCollector$PluginDependenciesSpecImplBeanInfo> (0x000000008a4333b0) thrown at [./src/hotspot/share/classfile/systemDictionary.cpp, line 231]
Event: 6.601 Thread 0x0000023713d17800 Exception <a 'java/lang/ClassNotFoundException'{0x000000008a459120}: org/gradle/plugin/use/internal/PluginRequestCollector$PluginDependenciesSpecImplCustomizer> (0x000000008a459120) thrown at [./src/hotspot/share/classfile/systemDictionary.cpp, line 231]
Event: 6.607 Thread 0x0000023713d17800 Exception <a 'java/lang/NoSuchMethodError'{0x000000008a4ccf80}: 'void java.lang.invoke.DirectMethodHandle$Holder.invokeInterface(java.lang.Object, java.lang.Object)'> (0x000000008a4ccf80) thrown at [./src/hotspot/share/interpreter/linkResolver.cpp, line 773]

Events (20 events):
Event: 6.635 loading class com/google/common/base/CharMatcher$And
Event: 6.635 loading class com/google/common/base/CharMatcher$And done
Event: 6.635 loading class com/google/common/base/CharMatcher$JavaLowerCase
Event: 6.635 loading class com/google/common/base/CharMatcher$JavaLowerCase done
Event: 6.635 loading class com/google/common/base/CharMatcher$JavaUpperCase
Event: 6.635 loading class com/google/common/base/CharMatcher$JavaUpperCase done
Event: 6.635 loading class com/google/common/base/CharMatcher$JavaDigit
Event: 6.635 loading class com/google/common/base/CharMatcher$JavaDigit done
Event: 6.635 loading class com/google/common/base/CharMatcher$JavaLetter
Event: 6.635 loading class com/google/common/base/CharMatcher$JavaLetter done
Event: 6.636 loading class com/google/common/base/CharMatcher$JavaLetterOrDigit
Event: 6.636 loading class com/google/common/base/CharMatcher$JavaLetterOrDigit done
Event: 6.636 loading class com/google/common/base/CharMatcher$ForPredicate
Event: 6.636 loading class com/google/common/base/CharMatcher$ForPredicate done
Event: 6.636 loading class com/google/common/base/CharMatcher$None
Event: 6.636 loading class com/google/common/base/CharMatcher$None done
Event: 6.636 loading class com/google/common/base/CharMatcher$IsEither
Event: 6.636 loading class com/google/common/base/CharMatcher$IsEither done
Event: 6.636 loading class com/google/common/base/CharMatcher$AnyOf
Event: 6.636 loading class com/google/common/base/CharMatcher$AnyOf done


Dynamic libraries:
0x00007ff6dfb80000 - 0x00007ff6dfb8a000 	C:\Program Files\Android\Android Studio\jre\bin\java.exe
0x00007fffc4290000 - 0x00007fffc4485000 	C:\windows\SYSTEM32\ntdll.dll
0x00007fffc28b0000 - 0x00007fffc296e000 	C:\windows\System32\KERNEL32.DLL
0x00007fffc19b0000 - 0x00007fffc1c79000 	C:\windows\System32\KERNELBASE.dll
0x00007fffc1df0000 - 0x00007fffc1ef0000 	C:\windows\System32\ucrtbase.dll
0x00007fffba8b0000 - 0x00007fffba8c7000 	C:\Program Files\Android\Android Studio\jre\bin\VCRUNTIME140.dll
0x00007fffb74e0000 - 0x00007fffb74f9000 	C:\Program Files\Android\Android Studio\jre\bin\jli.dll
0x00007fffc2480000 - 0x00007fffc2621000 	C:\windows\System32\USER32.dll
0x00007fffc1c80000 - 0x00007fffc1ca2000 	C:\windows\System32\win32u.dll
0x00007fffc3bd0000 - 0x00007fffc3bfb000 	C:\windows\System32\GDI32.dll
0x00007fffc1cb0000 - 0x00007fffc1dbb000 	C:\windows\System32\gdi32full.dll
0x00007fffc2050000 - 0x00007fffc20ed000 	C:\windows\System32\msvcp_win.dll
0x00007fffa5750000 - 0x00007fffa59ea000 	C:\windows\WinSxS\amd64_microsoft.windows.common-controls_6595b64144ccf1df_6.0.19041.1110_none_60b5254171f9507e\COMCTL32.dll
0x00007fffc2970000 - 0x00007fffc2a0e000 	C:\windows\System32\msvcrt.dll
0x00007fffc2e90000 - 0x00007fffc2ec0000 	C:\windows\System32\IMM32.DLL
0x00007fffacd00000 - 0x00007fffacd9d000 	C:\Program Files\Android\Android Studio\jre\bin\msvcp140.dll
0x00007fff89520000 - 0x00007fff89fdc000 	C:\Program Files\Android\Android Studio\jre\bin\server\jvm.dll
0x00007fffc4060000 - 0x00007fffc410c000 	C:\windows\System32\ADVAPI32.dll
0x00007fffc22e0000 - 0x00007fffc237b000 	C:\windows\System32\sechost.dll
0x00007fffc3190000 - 0x00007fffc32ba000 	C:\windows\System32\RPCRT4.dll
0x00007fffc4110000 - 0x00007fffc4118000 	C:\windows\System32\PSAPI.DLL
0x00007fff9a600000 - 0x00007fff9a627000 	C:\windows\SYSTEM32\WINMM.dll
0x00007fff9df80000 - 0x00007fff9df89000 	C:\windows\SYSTEM32\WSOCK32.dll
0x00007fffc32c0000 - 0x00007fffc332b000 	C:\windows\System32\WS2_32.dll
0x00007fffb5ad0000 - 0x00007fffb5ada000 	C:\windows\SYSTEM32\VERSION.dll
0x00007fffc0230000 - 0x00007fffc0242000 	C:\windows\SYSTEM32\kernel.appcore.dll
0x00007fffb7cb0000 - 0x00007fffb7cc1000 	C:\Program Files\Android\Android Studio\jre\bin\verify.dll
0x00007fffbf480000 - 0x00007fffbf664000 	C:\windows\SYSTEM32\DBGHELP.DLL
0x00007fffa35a0000 - 0x00007fffa35cc000 	C:\windows\SYSTEM32\dbgcore.DLL
0x00007fffc2250000 - 0x00007fffc22d3000 	C:\windows\System32\bcryptPrimitives.dll
0x00007fffa3520000 - 0x00007fffa3549000 	C:\Program Files\Android\Android Studio\jre\bin\java.dll
0x00007fffba910000 - 0x00007fffba91b000 	C:\Program Files\Android\Android Studio\jre\bin\jimage.dll
0x00007fffa34e0000 - 0x00007fffa34f8000 	C:\Program Files\Android\Android Studio\jre\bin\zip.dll
0x00007fffc33e0000 - 0x00007fffc3b1f000 	C:\windows\System32\SHELL32.dll
0x00007fffbfa90000 - 0x00007fffc0220000 	C:\windows\SYSTEM32\windows.storage.dll
0x00007fffc3d00000 - 0x00007fffc4055000 	C:\windows\System32\combase.dll
0x00007fffc1400000 - 0x00007fffc142c000 	C:\windows\SYSTEM32\Wldp.dll
0x00007fffc3330000 - 0x00007fffc33de000 	C:\windows\System32\SHCORE.dll
0x00007fffc3c00000 - 0x00007fffc3c55000 	C:\windows\System32\shlwapi.dll
0x00007fffc18f0000 - 0x00007fffc190f000 	C:\windows\SYSTEM32\profapi.dll
0x00007fffa2c00000 - 0x00007fffa2c1a000 	C:\Program Files\Android\Android Studio\jre\bin\net.dll
0x00007fffba580000 - 0x00007fffba688000 	C:\windows\SYSTEM32\WINHTTP.dll
0x00007fffc1160000 - 0x00007fffc11ca000 	C:\windows\system32\mswsock.dll
0x00007fff9e020000 - 0x00007fff9e034000 	C:\Program Files\Android\Android Studio\jre\bin\nio.dll
0x00007fff92900000 - 0x00007fff92927000 	D:\Workstation\Mdt-dev_Mdt-0.2.20201016\Mdt-dev_Mdt-0.2.20201016\.gradle\native\fdc75f09e3144964f2cf3f50f0aa648679c211496f362492102eb8c894070792\windows-amd64\native-platform.dll
0x00007fff7cbb0000 - 0x00007fff7cd46000 	D:\Workstation\Mdt-dev_Mdt-0.2.20201016\Mdt-dev_Mdt-0.2.20201016\.gradle\native\12488b8bf47d2d4c9fbf2f6322a914ad602e24e48041cd04a747c6da556b65c4\windows-amd64\native-platform-file-events.dll
0x00007fffba890000 - 0x00007fffba89a000 	C:\Program Files\Android\Android Studio\jre\bin\management.dll
0x00007fffa4e80000 - 0x00007fffa4e8c000 	C:\Program Files\Android\Android Studio\jre\bin\management_ext.dll
0x00007fffc1350000 - 0x00007fffc1368000 	C:\windows\SYSTEM32\CRYPTSP.dll
0x00007fffc0a70000 - 0x00007fffc0aa4000 	C:\windows\system32\rsaenh.dll
0x00007fffc1dc0000 - 0x00007fffc1de7000 	C:\windows\System32\bcrypt.dll
0x00007fffc18b0000 - 0x00007fffc18de000 	C:\windows\SYSTEM32\USERENV.dll
0x00007fffc1370000 - 0x00007fffc137c000 	C:\windows\SYSTEM32\CRYPTBASE.dll
0x00007fffc0e00000 - 0x00007fffc0e3b000 	C:\windows\SYSTEM32\IPHLPAPI.DLL
0x00007fffc2630000 - 0x00007fffc2638000 	C:\windows\System32\NSI.dll
0x00007fffb56d0000 - 0x00007fffb56e7000 	C:\windows\SYSTEM32\dhcpcsvc6.DLL
0x00007fffb5920000 - 0x00007fffb593d000 	C:\windows\SYSTEM32\dhcpcsvc.DLL
0x00007fffc0e40000 - 0x00007fffc0f0c000 	C:\windows\SYSTEM32\DNSAPI.dll
0x00007fffba690000 - 0x00007fffba69b000 	C:\windows\SYSTEM32\WINNSI.DLL
0x00007fffc06a0000 - 0x00007fffc06d3000 	C:\windows\SYSTEM32\ntmarta.dll

dbghelp: loaded successfully - version: 4.0.5 - missing functions: none
symbol engine: initialized successfully - sym options: 0x614 - pdb path: .;C:\Program Files\Android\Android Studio\jre\bin;C:\windows\SYSTEM32;C:\windows\WinSxS\amd64_microsoft.windows.common-controls_6595b64144ccf1df_6.0.19041.1110_none_60b5254171f9507e;C:\Program Files\Android\Android Studio\jre\bin\server;D:\Workstation\Mdt-dev_Mdt-0.2.20201016\Mdt-dev_Mdt-0.2.20201016\.gradle\native\fdc75f09e3144964f2cf3f50f0aa648679c211496f362492102eb8c894070792\windows-amd64;D:\Workstation\Mdt-dev_Mdt-0.2.20201016\Mdt-dev_Mdt-0.2.20201016\.gradle\native\12488b8bf47d2d4c9fbf2f6322a914ad602e24e48041cd04a747c6da556b65c4\windows-amd64

VM Arguments:
jvm_args: --add-opens=java.base/java.util=ALL-UNNAMED --add-opens=java.base/java.lang=ALL-UNNAMED --add-opens=java.base/java.lang.invoke=ALL-UNNAMED --add-opens=java.prefs/java.util.prefs=ALL-UNNAMED -Xmx2048m -Dfile.encoding=UTF-8 -Duser.country=IN -Duser.language=en -Duser.variant 
java_command: org.gradle.launcher.daemon.bootstrap.GradleDaemon 6.7.1
java_class_path (initial): D:\Workstation\Mdt-dev_Mdt-0.2.20201016\Mdt-dev_Mdt-0.2.20201016\.gradle\wrapper\dists\gradle-6.7.1-bin\bwlcbys1h7rz3272sye1xwiv6\gradle-6.7.1\lib\gradle-launcher-6.7.1.jar
Launcher Type: SUN_STANDARD

[Global flags]
     intx CICompilerCount                          = 4                                         {product} {ergonomic}
     uint ConcGCThreads                            = 2                                         {product} {ergonomic}
     uint G1ConcRefinementThreads                  = 8                                         {product} {ergonomic}
   size_t G1HeapRegionSize                         = 1048576                                   {product} {ergonomic}
    uintx GCDrainStackTargetSize                   = 64                                        {product} {ergonomic}
   size_t InitialHeapSize                          = 266338304                                 {product} {ergonomic}
   size_t MarkStackSize                            = 4194304                                   {product} {ergonomic}
   size_t MaxHeapSize                              = 2147483648                                {product} {command line}
   size_t MaxNewSize                               = 1287651328                                {product} {ergonomic}
   size_t MinHeapDeltaBytes                        = 1048576                                   {product} {ergonomic}
    uintx NonNMethodCodeHeapSize                   = 5836300                                {pd product} {ergonomic}
    uintx NonProfiledCodeHeapSize                  = 122910970                              {pd product} {ergonomic}
    uintx ProfiledCodeHeapSize                     = 122910970                              {pd product} {ergonomic}
    uintx ReservedCodeCacheSize                    = 251658240                              {pd product} {ergonomic}
     bool SegmentedCodeCache                       = true                                      {product} {ergonomic}
     bool UseCompressedClassPointers               = true                                 {lp64_product} {ergonomic}
     bool UseCompressedOops                        = true                                 {lp64_product} {ergonomic}
     bool UseG1GC                                  = true                                      {product} {ergonomic}
     bool UseLargePagesIndividualAllocation        = false                                  {pd product} {ergonomic}

Logging:
Log output configuration:
 #0: stdout all=warning uptime,level,tags
 #1: stderr all=off uptime,level,tags

Environment Variables:
PATH=C:\windows\system32;C:\windows;C:\windows\System32\Wbem;C:\windows\System32\WindowsPowerShell\v1.0\;C:\windows\System32\OpenSSH\;C:\Program Files\Git\cmd;C:\Users\sudha\AppData\Local\Microsoft\WindowsApps;
USERNAME=sudha
OS=Windows_NT
PROCESSOR_IDENTIFIER=Intel64 Family 6 Model 140 Stepping 1, GenuineIntel



---------------  S Y S T E M  ---------------

OS: Windows 10 , 64 bit Build 19041 (10.0.19041.1202)
OS uptime: 0 days 1:32 hours

CPU:total 8 (initial active 8) (4 cores per cpu, 2 threads per core) family 6 model 140 stepping 1, cmov, cx8, fxsr, mmx, sse, sse2, sse3, ssse3, sse4.1, sse4.2, popcnt, avx, avx2, aes, clmul, erms, 3dnowpref, lzcnt, ht, tsc, tscinvbit, bmi1, bmi2, adx, evex, sha, fma

Memory: 4k page, system-wide physical 16149M (1081M free)
TotalPageFile size 16149M (AvailPageFile size 3M)
current process WorkingSet (physical memory assigned to process): 351M, peak: 351M
current process commit charge ("private bytes"): 488M, peak: 489M

vm_info: OpenJDK 64-Bit Server VM (11.0.8+10-b944.6842174) for windows-amd64 JRE (11.0.8+10-b944.6842174), built on Sep 19 2020 01:11:42 by "builder" with MS VC++ 14.0 (VS2015)

END.
